2023-06-23 12:01:47,110 root INFO Successfully retrieved A data
2023-06-23 12:01:47,245 root INFO Successfully retrieved AAL data
2023-06-23 12:01:47,394 root INFO Successfully retrieved AAP data
2023-06-23 12:01:47,579 root INFO Successfully retrieved AAPL data
2023-06-23 12:01:47,726 root INFO Successfully retrieved ABBV data
2023-06-23 12:01:47,894 root INFO Successfully retrieved ABC data
2023-06-23 12:01:48,095 root INFO Successfully retrieved ABT data
2023-06-23 12:01:48,211 root INFO Successfully retrieved ACGL data
2023-06-23 12:01:48,351 root INFO Successfully retrieved ACN data
2023-06-23 12:01:48,495 root INFO Successfully retrieved ADBE data
2023-06-23 12:01:48,658 root INFO Successfully retrieved ADI data
2023-06-23 12:01:48,843 root INFO Successfully retrieved ADM data
2023-06-23 12:01:49,028 root INFO Successfully retrieved ADP data
2023-06-23 12:01:49,159 root INFO Successfully retrieved ADSK data
2023-06-23 12:01:49,313 root INFO Successfully retrieved AEE data
2023-06-23 12:01:49,513 root INFO Successfully retrieved AEP data
2023-06-23 12:01:49,685 root INFO Successfully retrieved AES data
2023-06-23 12:01:49,866 root INFO Successfully retrieved AFL data
2023-06-23 12:01:50,067 root INFO Successfully retrieved AIG data
2023-06-23 12:01:50,236 root INFO Successfully retrieved AIZ data
2023-06-23 12:01:50,421 root INFO Successfully retrieved AJG data
2023-06-23 12:01:50,546 root INFO Successfully retrieved AKAM data
2023-06-23 12:01:50,782 root INFO Successfully retrieved ALB data
2023-06-23 12:01:50,900 root INFO Successfully retrieved ALGN data
2023-06-23 12:01:51,065 root INFO Successfully retrieved ALK data
2023-06-23 12:01:51,254 root INFO Successfully retrieved ALL data
2023-06-23 12:01:51,439 root INFO Successfully retrieved ALLE data
2023-06-23 12:01:51,639 root INFO Successfully retrieved AMAT data
2023-06-23 12:01:51,786 root INFO Successfully retrieved AMCR data
2023-06-23 12:01:51,918 root INFO Successfully retrieved AMD data
2023-06-23 12:01:52,102 root INFO Successfully retrieved AME data
2023-06-23 12:01:52,306 root INFO Successfully retrieved AMGN data
2023-06-23 12:01:52,509 root INFO Successfully retrieved AMP data
2023-06-23 12:01:52,682 root INFO Successfully retrieved AMT data
2023-06-23 12:01:52,828 root INFO Successfully retrieved AMZN data
2023-06-23 12:01:52,947 root INFO Successfully retrieved ANET data
2023-06-23 12:01:53,075 root INFO Successfully retrieved ANSS data
2023-06-23 12:01:53,244 root INFO Successfully retrieved AON data
2023-06-23 12:01:53,406 root INFO Successfully retrieved AOS data
2023-06-23 12:01:53,576 root INFO Successfully retrieved APA data
2023-06-23 12:01:53,757 root INFO Successfully retrieved APD data
2023-06-23 12:01:53,911 root INFO Successfully retrieved APH data
2023-06-23 12:01:54,042 root INFO Successfully retrieved APTV data
2023-06-23 12:01:54,192 root INFO Successfully retrieved ARE data
2023-06-23 12:01:54,385 root INFO Successfully retrieved ATO data
2023-06-23 12:01:54,528 root INFO Successfully retrieved ATVI data
2023-06-23 12:01:54,692 root INFO Successfully retrieved AVB data
2023-06-23 12:01:54,864 root INFO Successfully retrieved AVGO data
2023-06-23 12:01:55,091 root INFO Successfully retrieved AVY data
2023-06-23 12:01:55,235 root INFO Successfully retrieved AWK data
2023-06-23 12:01:55,382 root INFO Successfully retrieved AXON data
2023-06-23 12:01:55,598 root INFO Successfully retrieved AXP data
2023-06-23 12:01:55,740 root INFO Successfully retrieved AZO data
2023-06-23 12:01:55,940 root INFO Successfully retrieved BA data
2023-06-23 12:01:56,120 root INFO Successfully retrieved BAC data
2023-06-23 12:01:56,289 root INFO Successfully retrieved BALL data
2023-06-23 12:01:56,498 root INFO Successfully retrieved BAX data
2023-06-23 12:01:56,673 root INFO Successfully retrieved BBWI data
2023-06-23 12:01:56,823 root INFO Successfully retrieved BBY data
2023-06-23 12:01:57,048 root INFO Successfully retrieved BDX data
2023-06-23 12:01:57,205 root INFO Successfully retrieved BEN data
2023-06-23 12:01:57,387 root INFO Successfully retrieved BF-B data
2023-06-23 12:01:57,571 root INFO Successfully retrieved BG data
2023-06-23 12:01:57,695 root INFO Successfully retrieved BIIB data
2023-06-23 12:01:57,828 root INFO Successfully retrieved BIO data
2023-06-23 12:01:58,035 root INFO Successfully retrieved BK data
2023-06-23 12:01:58,161 root INFO Successfully retrieved BKNG data
2023-06-23 12:01:58,343 root INFO Successfully retrieved BKR data
2023-06-23 12:01:58,495 root INFO Successfully retrieved BLK data
2023-06-23 12:01:58,682 root INFO Successfully retrieved BMY data
2023-06-23 12:01:58,878 root INFO Successfully retrieved BR data
2023-06-23 12:01:59,002 root INFO Successfully retrieved BRK-B data
2023-06-23 12:01:59,177 root INFO Successfully retrieved BRO data
2023-06-23 12:01:59,310 root INFO Successfully retrieved BSX data
2023-06-23 12:01:59,480 root INFO Successfully retrieved BWA data
2023-06-23 12:01:59,613 root INFO Successfully retrieved BXP data
2023-06-23 12:01:59,788 root INFO Successfully retrieved C data
2023-06-23 12:01:59,963 root INFO Successfully retrieved CAG data
2023-06-23 12:02:00,197 root INFO Successfully retrieved CAH data
2023-06-23 12:02:00,348 root INFO Successfully retrieved CARR data
2023-06-23 12:02:00,549 root INFO Successfully retrieved CAT data
2023-06-23 12:02:00,760 root INFO Successfully retrieved CB data
2023-06-23 12:02:00,899 root INFO Successfully retrieved CBOE data
2023-06-23 12:02:01,021 root INFO Successfully retrieved CBRE data
2023-06-23 12:02:01,183 root INFO Successfully retrieved CCI data
2023-06-23 12:02:01,382 root INFO Successfully retrieved CCL data
2023-06-23 12:02:01,520 root INFO Successfully retrieved CDAY data
2023-06-23 12:02:01,653 root INFO Successfully retrieved CDNS data
2023-06-23 12:02:01,814 root INFO Successfully retrieved CDW data
2023-06-23 12:02:01,948 root INFO Successfully retrieved CE data
2023-06-23 12:02:02,087 root INFO Successfully retrieved CEG data
2023-06-23 12:02:02,235 root INFO Successfully retrieved CF data
2023-06-23 12:02:02,366 root INFO Successfully retrieved CFG data
2023-06-23 12:02:02,524 root INFO Successfully retrieved CHD data
2023-06-23 12:02:02,740 root INFO Successfully retrieved CHRW data
2023-06-23 12:02:02,874 root INFO Successfully retrieved CHTR data
2023-06-23 12:02:03,059 root INFO Successfully retrieved CI data
2023-06-23 12:02:03,232 root INFO Successfully retrieved CINF data
2023-06-23 12:02:03,470 root INFO Successfully retrieved CL data
2023-06-23 12:02:03,660 root INFO Successfully retrieved CLX data
2023-06-23 12:02:03,827 root INFO Successfully retrieved CMA data
2023-06-23 12:02:03,993 root INFO Successfully retrieved CMCSA data
2023-06-23 12:02:04,193 root INFO Successfully retrieved CME data
2023-06-23 12:02:04,326 root INFO Successfully retrieved CMG data
2023-06-23 12:02:04,511 root INFO Successfully retrieved CMI data
2023-06-23 12:02:04,690 root INFO Successfully retrieved CMS data
2023-06-23 12:02:04,825 root INFO Successfully retrieved CNC data
2023-06-23 12:02:05,056 root INFO Successfully retrieved CNP data
2023-06-23 12:02:05,227 root INFO Successfully retrieved COF data
2023-06-23 12:02:05,424 root INFO Successfully retrieved COO data
2023-06-23 12:02:05,593 root INFO Successfully retrieved COP data
2023-06-23 12:02:05,753 root INFO Successfully retrieved COST data
2023-06-23 12:02:05,957 root INFO Successfully retrieved CPB data
2023-06-23 12:02:06,072 root INFO Successfully retrieved CPRT data
2023-06-23 12:02:06,241 root INFO Successfully retrieved CPT data
2023-06-23 12:02:06,415 root INFO Successfully retrieved CRL data
2023-06-23 12:02:06,544 root INFO Successfully retrieved CRM data
2023-06-23 12:02:06,674 root INFO Successfully retrieved CSCO data
2023-06-23 12:02:06,824 root INFO Successfully retrieved CSGP data
2023-06-23 12:02:07,028 root INFO Successfully retrieved CSX data
2023-06-23 12:02:07,212 root INFO Successfully retrieved CTAS data
2023-06-23 12:02:07,328 root INFO Successfully retrieved CTLT data
2023-06-23 12:02:07,497 root INFO Successfully retrieved CTRA data
2023-06-23 12:02:07,660 root INFO Successfully retrieved CTSH data
2023-06-23 12:02:07,788 root INFO Successfully retrieved CTVA data
2023-06-23 12:02:07,969 root INFO Successfully retrieved CVS data
2023-06-23 12:02:08,218 root INFO Successfully retrieved CVX data
2023-06-23 12:02:08,356 root INFO Successfully retrieved CZR data
2023-06-23 12:02:08,549 root INFO Successfully retrieved D data
2023-06-23 12:02:08,676 root INFO Successfully retrieved DAL data
2023-06-23 12:02:08,918 root INFO Successfully retrieved DD data
2023-06-23 12:02:09,118 root INFO Successfully retrieved DE data
2023-06-23 12:02:09,302 root INFO Successfully retrieved DFS data
2023-06-23 12:02:09,436 root INFO Successfully retrieved DG data
2023-06-23 12:02:09,581 root INFO Successfully retrieved DGX data
2023-06-23 12:02:09,752 root INFO Successfully retrieved DHI data
2023-06-23 12:02:09,907 root INFO Successfully retrieved DHR data
2023-06-23 12:02:10,087 root INFO Successfully retrieved DIS data
2023-06-23 12:02:10,254 root INFO Successfully retrieved DLR data
2023-06-23 12:02:10,387 root INFO Successfully retrieved DLTR data
2023-06-23 12:02:10,590 root INFO Successfully retrieved DOV data
2023-06-23 12:02:10,721 root INFO Successfully retrieved DOW data
2023-06-23 12:02:10,888 root INFO Successfully retrieved DPZ data
2023-06-23 12:02:11,050 root INFO Successfully retrieved DRI data
2023-06-23 12:02:11,283 root INFO Successfully retrieved DTE data
2023-06-23 12:02:11,452 root INFO Successfully retrieved DUK data
2023-06-23 12:02:11,584 root INFO Successfully retrieved DVA data
2023-06-23 12:02:11,752 root INFO Successfully retrieved DVN data
2023-06-23 12:02:12,198 root INFO Successfully retrieved DXC data
2023-06-23 12:02:12,324 root INFO Successfully retrieved DXCM data
2023-06-23 12:02:12,481 root INFO Successfully retrieved EA data
2023-06-23 12:02:12,638 root INFO Successfully retrieved EBAY data
2023-06-23 12:02:12,809 root INFO Successfully retrieved ECL data
2023-06-23 12:02:13,054 root INFO Successfully retrieved ED data
2023-06-23 12:02:13,215 root INFO Successfully retrieved EFX data
2023-06-23 12:02:13,423 root INFO Successfully retrieved EIX data
2023-06-23 12:02:13,614 root INFO Successfully retrieved EL data
2023-06-23 12:02:13,771 root INFO Successfully retrieved ELV data
2023-06-23 12:02:13,974 root INFO Successfully retrieved EMN data
2023-06-23 12:02:14,171 root INFO Successfully retrieved EMR data
2023-06-23 12:02:14,302 root INFO Successfully retrieved ENPH data
2023-06-23 12:02:14,461 root INFO Successfully retrieved EOG data
2023-06-23 12:02:14,592 root INFO Successfully retrieved EPAM data
2023-06-23 12:02:14,768 root INFO Successfully retrieved EQIX data
2023-06-23 12:02:14,977 root INFO Successfully retrieved EQR data
2023-06-23 12:02:15,176 root INFO Successfully retrieved EQT data
2023-06-23 12:02:15,373 root INFO Successfully retrieved ES data
2023-06-23 12:02:15,528 root INFO Successfully retrieved ESS data
2023-06-23 12:02:15,743 root INFO Successfully retrieved ETN data
2023-06-23 12:02:15,932 root INFO Successfully retrieved ETR data
2023-06-23 12:02:16,070 root INFO Successfully retrieved ETSY data
2023-06-23 12:02:16,287 root INFO Successfully retrieved EVRG data
2023-06-23 12:02:16,414 root INFO Successfully retrieved EW data
2023-06-23 12:02:16,610 root INFO Successfully retrieved EXC data
2023-06-23 12:02:16,799 root INFO Successfully retrieved EXPD data
2023-06-23 12:02:16,942 root INFO Successfully retrieved EXPE data
2023-06-23 12:02:17,090 root INFO Successfully retrieved EXR data
2023-06-23 12:02:17,308 root INFO Successfully retrieved F data
2023-06-23 12:02:17,443 root INFO Successfully retrieved FANG data
2023-06-23 12:02:17,845 root INFO Successfully retrieved FAST data
2023-06-23 12:02:18,004 root INFO Successfully retrieved FCX data
2023-06-23 12:02:18,174 root INFO Successfully retrieved FDS data
2023-06-23 12:02:18,345 root INFO Successfully retrieved FDX data
2023-06-23 12:02:18,499 root INFO Successfully retrieved FE data
2023-06-23 12:02:18,675 root INFO Successfully retrieved FFIV data
2023-06-23 12:02:18,892 root INFO Successfully retrieved FI data
2023-06-23 12:02:19,046 root INFO Successfully retrieved FICO data
2023-06-23 12:02:19,193 root INFO Successfully retrieved FIS data
2023-06-23 12:02:19,381 root INFO Successfully retrieved FITB data
2023-06-23 12:02:19,498 root INFO Successfully retrieved FLT data
2023-06-23 12:02:19,675 root INFO Successfully retrieved FMC data
2023-06-23 12:02:19,822 root INFO Successfully retrieved FOX data
2023-06-23 12:02:19,949 root INFO Successfully retrieved FOXA data
2023-06-23 12:02:20,157 root INFO Successfully retrieved FRT data
2023-06-23 12:02:20,285 root INFO Successfully retrieved FSLR data
2023-06-23 12:02:20,405 root INFO Successfully retrieved FTNT data
2023-06-23 12:02:20,556 root INFO Successfully retrieved FTV data
2023-06-23 12:02:20,780 root INFO Successfully retrieved GD data
2023-06-23 12:02:20,939 root INFO Successfully retrieved GE data
2023-06-23 12:02:21,096 root INFO Successfully retrieved GEHC data
2023-06-23 12:02:21,293 root INFO Successfully retrieved GEN data
2023-06-23 12:02:21,474 root INFO Successfully retrieved GILD data
2023-06-23 12:02:21,622 root INFO Successfully retrieved GIS data
2023-06-23 12:02:21,807 root INFO Successfully retrieved GL data
2023-06-23 12:02:21,971 root INFO Successfully retrieved GLW data
2023-06-23 12:02:22,157 root INFO Successfully retrieved GM data
2023-06-23 12:02:22,292 root INFO Successfully retrieved GNRC data
2023-06-23 12:02:22,409 root INFO Successfully retrieved GOOG data
2023-06-23 12:02:22,525 root INFO Successfully retrieved GOOGL data
2023-06-23 12:02:22,725 root INFO Successfully retrieved GPC data
2023-06-23 12:02:22,890 root INFO Successfully retrieved GPN data
2023-06-23 12:02:23,062 root INFO Successfully retrieved GRMN data
2023-06-23 12:02:23,226 root INFO Successfully retrieved GS data
2023-06-23 12:02:23,411 root INFO Successfully retrieved GWW data
2023-06-23 12:02:23,611 root INFO Successfully retrieved HAL data
2023-06-23 12:02:23,792 root INFO Successfully retrieved HAS data
2023-06-23 12:02:23,977 root INFO Successfully retrieved HBAN data
2023-06-23 12:02:24,128 root INFO Successfully retrieved HCA data
2023-06-23 12:02:24,315 root INFO Successfully retrieved HD data
2023-06-23 12:02:24,503 root INFO Successfully retrieved HES data
2023-06-23 12:02:24,897 root INFO Successfully retrieved HIG data
2023-06-23 12:02:25,054 root INFO Successfully retrieved HII data
2023-06-23 12:02:25,208 root INFO Successfully retrieved HLT data
2023-06-23 12:02:25,369 root INFO Successfully retrieved HOLX data
2023-06-23 12:02:25,571 root INFO Successfully retrieved HON data
2023-06-23 12:02:25,723 root INFO Successfully retrieved HPE data
2023-06-23 12:02:25,956 root INFO Successfully retrieved HPQ data
2023-06-23 12:02:26,187 root INFO Successfully retrieved HRL data
2023-06-23 12:02:26,318 root INFO Successfully retrieved HSIC data
2023-06-23 12:02:26,476 root INFO Successfully retrieved HST data
2023-06-23 12:02:26,656 root INFO Successfully retrieved HSY data
2023-06-23 12:02:26,841 root INFO Successfully retrieved HUM data
2023-06-23 12:02:26,967 root INFO Successfully retrieved HWM data
2023-06-23 12:02:27,190 root INFO Successfully retrieved IBM data
2023-06-23 12:02:27,332 root INFO Successfully retrieved ICE data
2023-06-23 12:02:27,642 root INFO Successfully retrieved IDXX data
2023-06-23 12:02:27,822 root INFO Successfully retrieved IEX data
2023-06-23 12:02:28,042 root INFO Successfully retrieved IFF data
2023-06-23 12:02:28,177 root INFO Successfully retrieved ILMN data
2023-06-23 12:02:28,305 root INFO Successfully retrieved INCY data
2023-06-23 12:02:28,474 root INFO Successfully retrieved INTC data
2023-06-23 12:02:28,607 root INFO Successfully retrieved INTU data
2023-06-23 12:02:28,753 root INFO Successfully retrieved INVH data
2023-06-23 12:02:28,996 root INFO Successfully retrieved IP data
2023-06-23 12:02:29,174 root INFO Successfully retrieved IPG data
2023-06-23 12:02:29,306 root INFO Successfully retrieved IQV data
2023-06-23 12:02:29,475 root INFO Successfully retrieved IR data
2023-06-23 12:02:29,638 root INFO Successfully retrieved IRM data
2023-06-23 12:02:29,756 root INFO Successfully retrieved ISRG data
2023-06-23 12:02:29,883 root INFO Successfully retrieved IT data
2023-06-23 12:02:30,071 root INFO Successfully retrieved ITW data
2023-06-23 12:02:30,238 root INFO Successfully retrieved IVZ data
2023-06-23 12:02:30,383 root INFO Successfully retrieved J data
2023-06-23 12:02:30,549 root INFO Successfully retrieved JBHT data
2023-06-23 12:02:30,755 root INFO Successfully retrieved JCI data
2023-06-23 12:02:30,923 root INFO Successfully retrieved JKHY data
2023-06-23 12:02:31,177 root INFO Successfully retrieved JNJ data
2023-06-23 12:02:31,358 root INFO Successfully retrieved JNPR data
2023-06-23 12:02:31,524 root INFO Successfully retrieved JPM data
2023-06-23 12:02:31,724 root INFO Successfully retrieved K data
2023-06-23 12:02:31,874 root INFO Successfully retrieved KDP data
2023-06-23 12:02:32,054 root INFO Successfully retrieved KEY data
2023-06-23 12:02:32,174 root INFO Successfully retrieved KEYS data
2023-06-23 12:02:32,307 root INFO Successfully retrieved KHC data
2023-06-23 12:02:32,475 root INFO Successfully retrieved KIM data
2023-06-23 12:02:32,655 root INFO Successfully retrieved KLAC data
2023-06-23 12:02:32,857 root INFO Successfully retrieved KMB data
2023-06-23 12:02:32,991 root INFO Successfully retrieved KMI data
2023-06-23 12:02:33,105 root INFO Successfully retrieved KMX data
2023-06-23 12:02:33,335 root INFO Successfully retrieved KO data
2023-06-23 12:02:33,607 root INFO Successfully retrieved KR data
2023-06-23 12:02:33,809 root INFO Successfully retrieved L data
2023-06-23 12:02:33,969 root INFO Successfully retrieved LDOS data
2023-06-23 12:02:34,153 root INFO Successfully retrieved LEN data
2023-06-23 12:02:34,346 root INFO Successfully retrieved LH data
2023-06-23 12:02:34,531 root INFO Successfully retrieved LHX data
2023-06-23 12:02:34,730 root INFO Successfully retrieved LIN data
2023-06-23 12:02:34,890 root INFO Successfully retrieved LKQ data
2023-06-23 12:02:35,095 root INFO Successfully retrieved LLY data
2023-06-23 12:02:35,261 root INFO Successfully retrieved LMT data
2023-06-23 12:02:35,430 root INFO Successfully retrieved LNC data
2023-06-23 12:02:35,619 root INFO Successfully retrieved LNT data
2023-06-23 12:02:35,765 root INFO Successfully retrieved LOW data
2023-06-23 12:02:35,913 root INFO Successfully retrieved LRCX data
2023-06-23 12:02:36,334 root INFO Successfully retrieved LUV data
2023-06-23 12:02:36,473 root INFO Successfully retrieved LVS data
2023-06-23 12:02:36,625 root INFO Successfully retrieved LW data
2023-06-23 12:02:36,780 root INFO Successfully retrieved LYB data
2023-06-23 12:02:36,916 root INFO Successfully retrieved LYV data
2023-06-23 12:02:37,057 root INFO Successfully retrieved MA data
2023-06-23 12:02:37,233 root INFO Successfully retrieved MAA data
2023-06-23 12:02:37,414 root INFO Successfully retrieved MAR data
2023-06-23 12:02:37,598 root INFO Successfully retrieved MAS data
2023-06-23 12:02:37,821 root INFO Successfully retrieved MCD data
2023-06-23 12:02:37,998 root INFO Successfully retrieved MCHP data
2023-06-23 12:02:38,207 root INFO Successfully retrieved MCK data
2023-06-23 12:02:38,391 root INFO Successfully retrieved MCO data
2023-06-23 12:02:38,520 root INFO Successfully retrieved MDLZ data
2023-06-23 12:02:38,701 root INFO Successfully retrieved MDT data
2023-06-23 12:02:38,868 root INFO Successfully retrieved MET data
2023-06-23 12:02:39,000 root INFO Successfully retrieved META data
2023-06-23 12:02:39,134 root INFO Successfully retrieved MGM data
2023-06-23 12:02:39,266 root INFO Successfully retrieved MHK data
2023-06-23 12:02:39,437 root INFO Successfully retrieved MKC data
2023-06-23 12:02:39,617 root INFO Successfully retrieved MKTX data
2023-06-23 12:02:39,784 root INFO Successfully retrieved MLM data
2023-06-23 12:02:39,955 root INFO Successfully retrieved MMC data
2023-06-23 12:02:40,158 root INFO Successfully retrieved MMM data
2023-06-23 12:02:40,285 root INFO Successfully retrieved MNST data
2023-06-23 12:02:40,524 root INFO Successfully retrieved MO data
2023-06-23 12:02:40,655 root INFO Successfully retrieved MOH data
2023-06-23 12:02:40,855 root INFO Successfully retrieved MOS data
2023-06-23 12:02:40,995 root INFO Successfully retrieved MPC data
2023-06-23 12:02:41,128 root INFO Successfully retrieved MPWR data
2023-06-23 12:02:41,328 root INFO Successfully retrieved MRK data
2023-06-23 12:02:41,470 root INFO Successfully retrieved MRNA data
2023-06-23 12:02:41,691 root INFO Successfully retrieved MRO data
2023-06-23 12:02:41,843 root INFO Successfully retrieved MS data
2023-06-23 12:02:42,034 root INFO Successfully retrieved MSCI data
2023-06-23 12:02:42,192 root INFO Successfully retrieved MSFT data
2023-06-23 12:02:42,446 root INFO Successfully retrieved MSI data
2023-06-23 12:02:42,639 root INFO Successfully retrieved MTB data
2023-06-23 12:02:42,792 root INFO Successfully retrieved MTCH data
2023-06-23 12:02:42,941 root INFO Successfully retrieved MTD data
2023-06-23 12:02:43,093 root INFO Successfully retrieved MU data
2023-06-23 12:02:43,256 root INFO Successfully retrieved NCLH data
2023-06-23 12:02:43,405 root INFO Successfully retrieved NDAQ data
2023-06-23 12:02:43,590 root INFO Successfully retrieved NDSN data
2023-06-23 12:02:43,777 root INFO Successfully retrieved NEE data
2023-06-23 12:02:43,975 root INFO Successfully retrieved NEM data
2023-06-23 12:02:44,094 root INFO Successfully retrieved NFLX data
2023-06-23 12:02:44,263 root INFO Successfully retrieved NI data
2023-06-23 12:02:44,428 root INFO Successfully retrieved NKE data
2023-06-23 12:02:44,644 root INFO Successfully retrieved NOC data
2023-06-23 12:02:44,764 root INFO Successfully retrieved NOW data
2023-06-23 12:02:44,898 root INFO Successfully retrieved NRG data
2023-06-23 12:02:45,071 root INFO Successfully retrieved NSC data
2023-06-23 12:02:45,232 root INFO Successfully retrieved NTAP data
2023-06-23 12:02:45,415 root INFO Successfully retrieved NTRS data
2023-06-23 12:02:45,595 root INFO Successfully retrieved NUE data
2023-06-23 12:02:45,740 root INFO Successfully retrieved NVDA data
2023-06-23 12:02:45,873 root INFO Successfully retrieved NVR data
2023-06-23 12:02:46,078 root INFO Successfully retrieved NWL data
2023-06-23 12:02:46,216 root INFO Successfully retrieved NWS data
2023-06-23 12:02:46,324 root INFO Successfully retrieved NWSA data
2023-06-23 12:02:46,548 root INFO Successfully retrieved NXPI data
2023-06-23 12:02:46,718 root INFO Successfully retrieved O data
2023-06-23 12:02:46,894 root INFO Successfully retrieved ODFL data
2023-06-23 12:02:47,030 root INFO Successfully retrieved OGN data
2023-06-23 12:02:47,196 root INFO Successfully retrieved OKE data
2023-06-23 12:02:47,398 root INFO Successfully retrieved OMC data
2023-06-23 12:02:47,533 root INFO Successfully retrieved ON data
2023-06-23 12:02:47,671 root INFO Successfully retrieved ORCL data
2023-06-23 12:02:47,807 root INFO Successfully retrieved ORLY data
2023-06-23 12:02:47,950 root INFO Successfully retrieved OTIS data
2023-06-23 12:02:48,152 root INFO Successfully retrieved OXY data
2023-06-23 12:02:48,396 root INFO Successfully retrieved PANW data
2023-06-23 12:02:48,549 root INFO Successfully retrieved PARA data
2023-06-23 12:02:48,670 root INFO Successfully retrieved PAYC data
2023-06-23 12:02:48,887 root INFO Successfully retrieved PAYX data
2023-06-23 12:02:49,087 root INFO Successfully retrieved PCAR data
2023-06-23 12:02:49,234 root INFO Successfully retrieved PCG data
2023-06-23 12:02:49,419 root INFO Successfully retrieved PEAK data
2023-06-23 12:02:49,618 root INFO Successfully retrieved PEG data
2023-06-23 12:02:49,836 root INFO Successfully retrieved PEP data
2023-06-23 12:02:50,003 root INFO Successfully retrieved PFE data
2023-06-23 12:02:50,148 root INFO Successfully retrieved PFG data
2023-06-23 12:02:50,355 root INFO Successfully retrieved PG data
2023-06-23 12:02:50,514 root INFO Successfully retrieved PGR data
2023-06-23 12:02:50,705 root INFO Successfully retrieved PH data
2023-06-23 12:02:50,881 root INFO Successfully retrieved PHM data
2023-06-23 12:02:51,079 root INFO Successfully retrieved PKG data
2023-06-23 12:02:51,245 root INFO Successfully retrieved PLD data
2023-06-23 12:02:51,419 root INFO Successfully retrieved PM data
2023-06-23 12:02:51,603 root INFO Successfully retrieved PNC data
2023-06-23 12:02:51,768 root INFO Successfully retrieved PNR data
2023-06-23 12:02:51,953 root INFO Successfully retrieved PNW data
2023-06-23 12:02:52,087 root INFO Successfully retrieved PODD data
2023-06-23 12:02:52,253 root INFO Successfully retrieved POOL data
2023-06-23 12:02:52,427 root INFO Successfully retrieved PPG data
2023-06-23 12:02:52,630 root INFO Successfully retrieved PPL data
2023-06-23 12:02:52,773 root INFO Successfully retrieved PRU data
2023-06-23 12:02:52,951 root INFO Successfully retrieved PSA data
2023-06-23 12:02:53,100 root INFO Successfully retrieved PSX data
2023-06-23 12:02:53,221 root INFO Successfully retrieved PTC data
2023-06-23 12:02:53,371 root INFO Successfully retrieved PWR data
2023-06-23 12:02:53,543 root INFO Successfully retrieved PXD data
2023-06-23 12:02:53,700 root INFO Successfully retrieved PYPL data
2023-06-23 12:02:53,876 root INFO Successfully retrieved QCOM data
2023-06-23 12:02:53,995 root INFO Successfully retrieved QRVO data
2023-06-23 12:02:54,182 root INFO Successfully retrieved RCL data
2023-06-23 12:02:54,398 root INFO Successfully retrieved RE data
2023-06-23 12:02:54,566 root INFO Successfully retrieved REG data
2023-06-23 12:02:54,683 root INFO Successfully retrieved REGN data
2023-06-23 12:02:54,896 root INFO Successfully retrieved RF data
2023-06-23 12:02:55,359 root INFO Successfully retrieved RHI data
2023-06-23 12:02:55,535 root INFO Successfully retrieved RJF data
2023-06-23 12:02:55,697 root INFO Successfully retrieved RL data
2023-06-23 12:02:55,836 root INFO Successfully retrieved RMD data
2023-06-23 12:02:56,037 root INFO Successfully retrieved ROK data
2023-06-23 12:02:56,240 root INFO Successfully retrieved ROL data
2023-06-23 12:02:56,412 root INFO Successfully retrieved ROP data
2023-06-23 12:02:56,587 root INFO Successfully retrieved ROST data
2023-06-23 12:02:56,723 root INFO Successfully retrieved RSG data
2023-06-23 12:02:56,946 root INFO Successfully retrieved RTX data
2023-06-23 12:02:57,224 root INFO Successfully retrieved RVTY data
2023-06-23 12:02:57,371 root INFO Successfully retrieved SBAC data
2023-06-23 12:02:57,543 root INFO Successfully retrieved SBUX data
2023-06-23 12:02:57,738 root INFO Successfully retrieved SCHW data
2023-06-23 12:02:57,857 root INFO Successfully retrieved SEDG data
2023-06-23 12:02:58,042 root INFO Successfully retrieved SEE data
2023-06-23 12:02:58,225 root INFO Successfully retrieved SHW data
2023-06-23 12:02:58,409 root INFO Successfully retrieved SJM data
2023-06-23 12:02:58,591 root INFO Successfully retrieved SLB data
2023-06-23 12:02:58,894 root INFO Successfully retrieved SNA data
2023-06-23 12:02:59,028 root INFO Successfully retrieved SNPS data
2023-06-23 12:02:59,225 root INFO Successfully retrieved SO data
2023-06-23 12:02:59,407 root INFO Successfully retrieved SPG data
2023-06-23 12:02:59,590 root INFO Successfully retrieved SPGI data
2023-06-23 12:02:59,740 root INFO Successfully retrieved SRE data
2023-06-23 12:02:59,893 root INFO Successfully retrieved STE data
2023-06-23 12:03:00,047 root INFO Successfully retrieved STLD data
2023-06-23 12:03:00,196 root INFO Successfully retrieved STT data
2023-06-23 12:03:00,366 root INFO Successfully retrieved STX data
2023-06-23 12:03:00,547 root INFO Successfully retrieved STZ data
2023-06-23 12:03:00,746 root INFO Successfully retrieved SWK data
2023-06-23 12:03:00,887 root INFO Successfully retrieved SWKS data
2023-06-23 12:03:01,011 root INFO Successfully retrieved SYF data
2023-06-23 12:03:01,204 root INFO Successfully retrieved SYK data
2023-06-23 12:03:01,366 root INFO Successfully retrieved SYY data
2023-06-23 12:03:01,549 root INFO Successfully retrieved T data
2023-06-23 12:03:01,739 root INFO Successfully retrieved TAP data
2023-06-23 12:03:01,886 root INFO Successfully retrieved TDG data
2023-06-23 12:03:02,009 root INFO Successfully retrieved TDY data
2023-06-23 12:03:02,154 root INFO Successfully retrieved TECH data
2023-06-23 12:03:02,311 root INFO Successfully retrieved TEL data
2023-06-23 12:03:02,455 root INFO Successfully retrieved TER data
2023-06-23 12:03:02,655 root INFO Successfully retrieved TFC data
2023-06-23 12:03:02,888 root INFO Successfully retrieved TFX data
2023-06-23 12:03:03,087 root INFO Successfully retrieved TGT data
2023-06-23 12:03:03,251 root INFO Successfully retrieved TJX data
2023-06-23 12:03:03,420 root INFO Successfully retrieved TMO data
2023-06-23 12:03:03,548 root INFO Successfully retrieved TMUS data
2023-06-23 12:03:03,720 root INFO Successfully retrieved TPR data
2023-06-23 12:03:03,897 root INFO Successfully retrieved TRGP data
2023-06-23 12:03:04,021 root INFO Successfully retrieved TRMB data
2023-06-23 12:03:04,211 root INFO Successfully retrieved TROW data
2023-06-23 12:03:04,395 root INFO Successfully retrieved TRV data
2023-06-23 12:03:04,561 root INFO Successfully retrieved TSCO data
2023-06-23 12:03:04,694 root INFO Successfully retrieved TSLA data
2023-06-23 12:03:04,894 root INFO Successfully retrieved TSN data
2023-06-23 12:03:05,095 root INFO Successfully retrieved TT data
2023-06-23 12:03:05,429 root INFO Successfully retrieved TTWO data
2023-06-23 12:03:05,632 root INFO Successfully retrieved TXN data
2023-06-23 12:03:05,799 root INFO Successfully retrieved TXT data
2023-06-23 12:03:05,955 root INFO Successfully retrieved TYL data
2023-06-23 12:03:06,066 root INFO Successfully retrieved UAL data
2023-06-23 12:03:06,264 root INFO Successfully retrieved UDR data
2023-06-23 12:03:06,428 root INFO Successfully retrieved UHS data
2023-06-23 12:03:06,544 root INFO Successfully retrieved ULTA data
2023-06-23 12:03:06,729 root INFO Successfully retrieved UNH data
2023-06-23 12:03:06,926 root INFO Successfully retrieved UNP data
2023-06-23 12:03:07,083 root INFO Successfully retrieved UPS data
2023-06-23 12:03:07,233 root INFO Successfully retrieved URI data
2023-06-23 12:03:07,401 root INFO Successfully retrieved USB data
2023-06-23 12:03:07,549 root INFO Successfully retrieved V data
2023-06-23 12:03:07,740 root INFO Successfully retrieved VFC data
2023-06-23 12:03:07,883 root INFO Successfully retrieved VICI data
2023-06-23 12:03:08,067 root INFO Successfully retrieved VLO data
2023-06-23 12:03:08,312 root INFO Successfully retrieved VMC data
2023-06-23 12:03:08,466 root INFO Successfully retrieved VRSK data
2023-06-23 12:03:08,579 root INFO Successfully retrieved VRSN data
2023-06-23 12:03:08,693 root INFO Successfully retrieved VRTX data
2023-06-23 12:03:08,846 root INFO Successfully retrieved VTR data
2023-06-23 12:03:09,051 root INFO Successfully retrieved VTRS data
2023-06-23 12:03:09,245 root INFO Successfully retrieved VZ data
2023-06-23 12:03:09,434 root INFO Successfully retrieved WAB data
2023-06-23 12:03:09,568 root INFO Successfully retrieved WAT data
2023-06-23 12:03:09,740 root INFO Successfully retrieved WBA data
2023-06-23 12:03:09,867 root INFO Successfully retrieved WBD data
2023-06-23 12:03:09,997 root INFO Successfully retrieved WDC data
2023-06-23 12:03:10,161 root INFO Successfully retrieved WEC data
2023-06-23 12:03:10,376 root INFO Successfully retrieved WELL data
2023-06-23 12:03:10,594 root INFO Successfully retrieved WFC data
2023-06-23 12:03:10,804 root INFO Successfully retrieved WHR data
2023-06-23 12:03:11,003 root INFO Successfully retrieved WM data
2023-06-23 12:03:11,187 root INFO Successfully retrieved WMB data
2023-06-23 12:03:11,372 root INFO Successfully retrieved WMT data
2023-06-23 12:03:11,639 root INFO Successfully retrieved WRB data
2023-06-23 12:03:11,776 root INFO Successfully retrieved WRK data
2023-06-23 12:03:11,946 root INFO Successfully retrieved WST data
2023-06-23 12:03:12,095 root INFO Successfully retrieved WTW data
2023-06-23 12:03:12,298 root INFO Successfully retrieved WY data
2023-06-23 12:03:12,449 root INFO Successfully retrieved WYNN data
2023-06-23 12:03:12,651 root INFO Successfully retrieved XEL data
2023-06-23 12:03:12,894 root INFO Successfully retrieved XOM data
2023-06-23 12:03:13,033 root INFO Successfully retrieved XRAY data
2023-06-23 12:03:13,198 root INFO Successfully retrieved XYL data
2023-06-23 12:03:13,355 root INFO Successfully retrieved YUM data
2023-06-23 12:03:13,497 root INFO Successfully retrieved ZBH data
2023-06-23 12:03:13,601 root INFO Successfully retrieved ZBRA data
2023-06-23 12:03:13,796 root INFO Successfully retrieved ZION data
2023-06-23 12:03:13,935 root INFO Successfully retrieved ZTS data
