2023-04-21 12:32:52,042 root INFO Successfully retrieved A data
2023-04-21 12:32:52,174 root INFO Successfully retrieved AAL data
2023-04-21 12:32:52,359 root INFO Successfully retrieved AAP data
2023-04-21 12:32:52,510 root INFO Successfully retrieved AAPL data
2023-04-21 12:32:52,625 root INFO Successfully retrieved ABBV data
2023-04-21 12:32:52,794 root INFO Successfully retrieved ABC data
2023-04-21 12:32:52,944 root INFO Successfully retrieved ABT data
2023-04-21 12:32:53,060 root INFO Successfully retrieved ACGL data
2023-04-21 12:32:53,248 root INFO Successfully retrieved ACN data
2023-04-21 12:32:53,375 root INFO Successfully retrieved ADBE data
2023-04-21 12:32:53,498 root INFO Successfully retrieved ADI data
2023-04-21 12:32:53,679 root INFO Successfully retrieved ADM data
2023-04-21 12:32:53,814 root INFO Successfully retrieved ADP data
2023-04-21 12:32:53,961 root INFO Successfully retrieved ADSK data
2023-04-21 12:32:54,100 root INFO Successfully retrieved AEE data
2023-04-21 12:32:54,300 root INFO Successfully retrieved AEP data
2023-04-21 12:32:54,494 root INFO Successfully retrieved AES data
2023-04-21 12:32:54,673 root INFO Successfully retrieved AFL data
2023-04-21 12:32:54,833 root INFO Successfully retrieved AIG data
2023-04-21 12:32:55,003 root INFO Successfully retrieved AIZ data
2023-04-21 12:32:55,171 root INFO Successfully retrieved AJG data
2023-04-21 12:32:55,304 root INFO Successfully retrieved AKAM data
2023-04-21 12:32:55,435 root INFO Successfully retrieved ALB data
2023-04-21 12:32:55,567 root INFO Successfully retrieved ALGN data
2023-04-21 12:32:55,704 root INFO Successfully retrieved ALK data
2023-04-21 12:32:55,852 root INFO Successfully retrieved ALL data
2023-04-21 12:32:55,984 root INFO Successfully retrieved ALLE data
2023-04-21 12:32:56,139 root INFO Successfully retrieved AMAT data
2023-04-21 12:32:56,256 root INFO Successfully retrieved AMCR data
2023-04-21 12:32:56,385 root INFO Successfully retrieved AMD data
2023-04-21 12:32:56,523 root INFO Successfully retrieved AME data
2023-04-21 12:32:56,657 root INFO Successfully retrieved AMGN data
2023-04-21 12:32:56,791 root INFO Successfully retrieved AMP data
2023-04-21 12:32:56,955 root INFO Successfully retrieved AMT data
2023-04-21 12:32:57,086 root INFO Successfully retrieved AMZN data
2023-04-21 12:32:57,217 root INFO Successfully retrieved ANET data
2023-04-21 12:32:57,325 root INFO Successfully retrieved ANSS data
2023-04-21 12:32:57,503 root INFO Successfully retrieved AON data
2023-04-21 12:32:57,673 root INFO Successfully retrieved AOS data
2023-04-21 12:32:57,842 root INFO Successfully retrieved APA data
2023-04-21 12:32:57,989 root INFO Successfully retrieved APD data
2023-04-21 12:32:58,142 root INFO Successfully retrieved APH data
2023-04-21 12:32:58,259 root INFO Successfully retrieved APTV data
2023-04-21 12:32:58,393 root INFO Successfully retrieved ARE data
2023-04-21 12:32:58,560 root INFO Successfully retrieved ATO data
2023-04-21 12:32:58,695 root INFO Successfully retrieved ATVI data
2023-04-21 12:32:58,845 root INFO Successfully retrieved AVB data
2023-04-21 12:32:58,995 root INFO Successfully retrieved AVGO data
2023-04-21 12:32:59,163 root INFO Successfully retrieved AVY data
2023-04-21 12:32:59,309 root INFO Successfully retrieved AWK data
2023-04-21 12:32:59,478 root INFO Successfully retrieved AXP data
2023-04-21 12:32:59,599 root INFO Successfully retrieved AZO data
2023-04-21 12:32:59,817 root INFO Successfully retrieved BA data
2023-04-21 12:32:59,966 root INFO Successfully retrieved BAC data
2023-04-21 12:33:00,117 root INFO Successfully retrieved BALL data
2023-04-21 12:33:00,296 root INFO Successfully retrieved BAX data
2023-04-21 12:33:00,468 root INFO Successfully retrieved BBWI data
2023-04-21 12:33:00,623 root INFO Successfully retrieved BBY data
2023-04-21 12:33:00,820 root INFO Successfully retrieved BDX data
2023-04-21 12:33:00,985 root INFO Successfully retrieved BEN data
2023-04-21 12:33:01,157 root INFO Successfully retrieved BF-B data
2023-04-21 12:33:01,288 root INFO Successfully retrieved BG data
2023-04-21 12:33:01,420 root INFO Successfully retrieved BIIB data
2023-04-21 12:33:01,534 root INFO Successfully retrieved BIO data
2023-04-21 12:33:01,703 root INFO Successfully retrieved BK data
2023-04-21 12:33:01,858 root INFO Successfully retrieved BKNG data
2023-04-21 12:33:02,005 root INFO Successfully retrieved BKR data
2023-04-21 12:33:02,146 root INFO Successfully retrieved BLK data
2023-04-21 12:33:02,321 root INFO Successfully retrieved BMY data
2023-04-21 12:33:02,460 root INFO Successfully retrieved BR data
2023-04-21 12:33:02,576 root INFO Successfully retrieved BRK-B data
2023-04-21 12:33:02,738 root INFO Successfully retrieved BRO data
2023-04-21 12:33:02,854 root INFO Successfully retrieved BSX data
2023-04-21 12:33:03,008 root INFO Successfully retrieved BWA data
2023-04-21 12:33:03,162 root INFO Successfully retrieved BXP data
2023-04-21 12:33:03,325 root INFO Successfully retrieved C data
2023-04-21 12:33:03,509 root INFO Successfully retrieved CAG data
2023-04-21 12:33:03,663 root INFO Successfully retrieved CAH data
2023-04-21 12:33:03,779 root INFO Successfully retrieved CARR data
2023-04-21 12:33:03,984 root INFO Successfully retrieved CAT data
2023-04-21 12:33:04,130 root INFO Successfully retrieved CB data
2023-04-21 12:33:04,343 root INFO Successfully retrieved CBOE data
2023-04-21 12:33:04,466 root INFO Successfully retrieved CBRE data
2023-04-21 12:33:04,582 root INFO Successfully retrieved CCI data
2023-04-21 12:33:04,763 root INFO Successfully retrieved CCL data
2023-04-21 12:33:04,882 root INFO Successfully retrieved CDAY data
2023-04-21 12:33:04,998 root INFO Successfully retrieved CDNS data
2023-04-21 12:33:05,117 root INFO Successfully retrieved CDW data
2023-04-21 12:33:05,267 root INFO Successfully retrieved CE data
2023-04-21 12:33:05,383 root INFO Successfully retrieved CEG data
2023-04-21 12:33:05,515 root INFO Successfully retrieved CF data
2023-04-21 12:33:05,632 root INFO Successfully retrieved CFG data
2023-04-21 12:33:05,787 root INFO Successfully retrieved CHD data
2023-04-21 12:33:05,954 root INFO Successfully retrieved CHRW data
2023-04-21 12:33:06,085 root INFO Successfully retrieved CHTR data
2023-04-21 12:33:06,271 root INFO Successfully retrieved CI data
2023-04-21 12:33:06,433 root INFO Successfully retrieved CINF data
2023-04-21 12:33:06,619 root INFO Successfully retrieved CL data
2023-04-21 12:33:06,805 root INFO Successfully retrieved CLX data
2023-04-21 12:33:06,972 root INFO Successfully retrieved CMA data
2023-04-21 12:33:07,129 root INFO Successfully retrieved CMCSA data
2023-04-21 12:33:07,304 root INFO Successfully retrieved CME data
2023-04-21 12:33:07,419 root INFO Successfully retrieved CMG data
2023-04-21 12:33:07,574 root INFO Successfully retrieved CMI data
2023-04-21 12:33:07,774 root INFO Successfully retrieved CMS data
2023-04-21 12:33:07,908 root INFO Successfully retrieved CNC data
2023-04-21 12:33:08,096 root INFO Successfully retrieved CNP data
2023-04-21 12:33:08,241 root INFO Successfully retrieved COF data
2023-04-21 12:33:08,409 root INFO Successfully retrieved COO data
2023-04-21 12:33:08,573 root INFO Successfully retrieved COP data
2023-04-21 12:33:08,721 root INFO Successfully retrieved COST data
2023-04-21 12:33:08,875 root INFO Successfully retrieved CPB data
2023-04-21 12:33:09,006 root INFO Successfully retrieved CPRT data
2023-04-21 12:33:09,171 root INFO Successfully retrieved CPT data
2023-04-21 12:33:09,275 root INFO Successfully retrieved CRL data
2023-04-21 12:33:09,391 root INFO Successfully retrieved CRM data
2023-04-21 12:33:09,510 root INFO Successfully retrieved CSCO data
2023-04-21 12:33:09,658 root INFO Successfully retrieved CSGP data
2023-04-21 12:33:09,840 root INFO Successfully retrieved CSX data
2023-04-21 12:33:09,998 root INFO Successfully retrieved CTAS data
2023-04-21 12:33:10,104 root INFO Successfully retrieved CTLT data
2023-04-21 12:33:10,271 root INFO Successfully retrieved CTRA data
2023-04-21 12:33:10,402 root INFO Successfully retrieved CTSH data
2023-04-21 12:33:10,505 root INFO Successfully retrieved CTVA data
2023-04-21 12:33:10,691 root INFO Successfully retrieved CVS data
2023-04-21 12:33:10,889 root INFO Successfully retrieved CVX data
2023-04-21 12:33:11,005 root INFO Successfully retrieved CZR data
2023-04-21 12:33:11,161 root INFO Successfully retrieved D data
2023-04-21 12:33:11,289 root INFO Successfully retrieved DAL data
2023-04-21 12:33:11,497 root INFO Successfully retrieved DD data
2023-04-21 12:33:11,667 root INFO Successfully retrieved DE data
2023-04-21 12:33:11,799 root INFO Successfully retrieved DFS data
2023-04-21 12:33:11,946 root INFO Successfully retrieved DG data
2023-04-21 12:33:12,084 root INFO Successfully retrieved DGX data
2023-04-21 12:33:12,247 root INFO Successfully retrieved DHI data
2023-04-21 12:33:12,447 root INFO Successfully retrieved DHR data
2023-04-21 12:33:12,618 root INFO Successfully retrieved DIS data
2023-04-21 12:33:12,763 root INFO Successfully retrieved DISH data
2023-04-21 12:33:12,902 root INFO Successfully retrieved DLR data
2023-04-21 12:33:13,034 root INFO Successfully retrieved DLTR data
2023-04-21 12:33:13,215 root INFO Successfully retrieved DOV data
2023-04-21 12:33:13,350 root INFO Successfully retrieved DOW data
2023-04-21 12:33:13,488 root INFO Successfully retrieved DPZ data
2023-04-21 12:33:13,653 root INFO Successfully retrieved DRI data
2023-04-21 12:33:13,852 root INFO Successfully retrieved DTE data
2023-04-21 12:33:14,037 root INFO Successfully retrieved DUK data
2023-04-21 12:33:14,169 root INFO Successfully retrieved DVA data
2023-04-21 12:33:14,306 root INFO Successfully retrieved DVN data
2023-04-21 12:33:14,491 root INFO Successfully retrieved DXC data
2023-04-21 12:33:14,625 root INFO Successfully retrieved DXCM data
2023-04-21 12:33:14,738 root INFO Successfully retrieved EA data
2023-04-21 12:33:14,876 root INFO Successfully retrieved EBAY data
2023-04-21 12:33:15,039 root INFO Successfully retrieved ECL data
2023-04-21 12:33:15,223 root INFO Successfully retrieved ED data
2023-04-21 12:33:15,359 root INFO Successfully retrieved EFX data
2023-04-21 12:33:15,555 root INFO Successfully retrieved EIX data
2023-04-21 12:33:15,709 root INFO Successfully retrieved EL data
2023-04-21 12:33:15,854 root INFO Successfully retrieved ELV data
2023-04-21 12:33:16,009 root INFO Successfully retrieved EMN data
2023-04-21 12:33:16,200 root INFO Successfully retrieved EMR data
2023-04-21 12:33:16,325 root INFO Successfully retrieved ENPH data
2023-04-21 12:33:16,479 root INFO Successfully retrieved EOG data
2023-04-21 12:33:16,612 root INFO Successfully retrieved EPAM data
2023-04-21 12:33:16,741 root INFO Successfully retrieved EQIX data
2023-04-21 12:33:16,945 root INFO Successfully retrieved EQR data
2023-04-21 12:33:17,097 root INFO Successfully retrieved EQT data
2023-04-21 12:33:17,280 root INFO Successfully retrieved ES data
2023-04-21 12:33:17,428 root INFO Successfully retrieved ESS data
2023-04-21 12:33:17,626 root INFO Successfully retrieved ETN data
2023-04-21 12:33:17,881 root INFO Successfully retrieved ETR data
2023-04-21 12:33:18,015 root INFO Successfully retrieved ETSY data
2023-04-21 12:33:18,181 root INFO Successfully retrieved EVRG data
2023-04-21 12:33:18,287 root INFO Successfully retrieved EW data
2023-04-21 12:33:18,467 root INFO Successfully retrieved EXC data
2023-04-21 12:33:18,630 root INFO Successfully retrieved EXPD data
2023-04-21 12:33:18,757 root INFO Successfully retrieved EXPE data
2023-04-21 12:33:18,888 root INFO Successfully retrieved EXR data
2023-04-21 12:33:19,116 root INFO Successfully retrieved F data
2023-04-21 12:33:19,242 root INFO Successfully retrieved FANG data
2023-04-21 12:33:19,405 root INFO Successfully retrieved FAST data
2023-04-21 12:33:19,556 root INFO Successfully retrieved FCX data
2023-04-21 12:33:19,779 root INFO Successfully retrieved FDS data
2023-04-21 12:33:19,922 root INFO Successfully retrieved FDX data
2023-04-21 12:33:20,074 root INFO Successfully retrieved FE data
2023-04-21 12:33:20,189 root INFO Successfully retrieved FFIV data
2023-04-21 12:33:20,322 root INFO Successfully retrieved FICO data
2023-04-21 12:33:20,491 root INFO Successfully retrieved FIS data
2023-04-21 12:33:20,623 root INFO Successfully retrieved FISV data
2023-04-21 12:33:20,808 root INFO Successfully retrieved FITB data
2023-04-21 12:33:20,909 root INFO Successfully retrieved FLT data
2023-04-21 12:33:21,062 root INFO Successfully retrieved FMC data
2023-04-21 12:33:21,179 root INFO Successfully retrieved FOX data
2023-04-21 12:33:21,294 root INFO Successfully retrieved FOXA data
2023-04-21 12:33:21,425 root INFO Successfully retrieved FRC data
2023-04-21 12:33:21,597 root INFO Successfully retrieved FRT data
2023-04-21 12:33:21,729 root INFO Successfully retrieved FSLR data
2023-04-21 12:33:21,847 root INFO Successfully retrieved FTNT data
2023-04-21 12:33:21,963 root INFO Successfully retrieved FTV data
2023-04-21 12:33:22,197 root INFO Successfully retrieved GD data
2023-04-21 12:33:22,380 root INFO Successfully retrieved GE data
2023-04-21 12:33:22,512 root INFO Successfully retrieved GEHC data
2023-04-21 12:33:22,629 root INFO Successfully retrieved GEN data
2023-04-21 12:33:22,762 root INFO Successfully retrieved GILD data
2023-04-21 12:33:22,929 root INFO Successfully retrieved GIS data
2023-04-21 12:33:23,129 root INFO Successfully retrieved GL data
2023-04-21 12:33:23,301 root INFO Successfully retrieved GLW data
2023-04-21 12:33:23,430 root INFO Successfully retrieved GM data
2023-04-21 12:33:23,568 root INFO Successfully retrieved GNRC data
2023-04-21 12:33:23,687 root INFO Successfully retrieved GOOG data
2023-04-21 12:33:23,803 root INFO Successfully retrieved GOOGL data
2023-04-21 12:33:23,969 root INFO Successfully retrieved GPC data
2023-04-21 12:33:24,119 root INFO Successfully retrieved GPN data
2023-04-21 12:33:24,286 root INFO Successfully retrieved GRMN data
2023-04-21 12:33:24,433 root INFO Successfully retrieved GS data
2023-04-21 12:33:24,587 root INFO Successfully retrieved GWW data
2023-04-21 12:33:24,755 root INFO Successfully retrieved HAL data
2023-04-21 12:33:24,900 root INFO Successfully retrieved HAS data
2023-04-21 12:33:25,057 root INFO Successfully retrieved HBAN data
2023-04-21 12:33:25,172 root INFO Successfully retrieved HCA data
2023-04-21 12:33:25,335 root INFO Successfully retrieved HD data
2023-04-21 12:33:25,504 root INFO Successfully retrieved HES data
2023-04-21 12:33:25,660 root INFO Successfully retrieved HIG data
2023-04-21 12:33:25,784 root INFO Successfully retrieved HII data
2023-04-21 12:33:25,922 root INFO Successfully retrieved HLT data
2023-04-21 12:33:26,044 root INFO Successfully retrieved HOLX data
2023-04-21 12:33:26,238 root INFO Successfully retrieved HON data
2023-04-21 12:33:26,361 root INFO Successfully retrieved HPE data
2023-04-21 12:33:26,577 root INFO Successfully retrieved HPQ data
2023-04-21 12:33:26,738 root INFO Successfully retrieved HRL data
2023-04-21 12:33:26,840 root INFO Successfully retrieved HSIC data
2023-04-21 12:33:26,996 root INFO Successfully retrieved HST data
2023-04-21 12:33:27,196 root INFO Successfully retrieved HSY data
2023-04-21 12:33:27,363 root INFO Successfully retrieved HUM data
2023-04-21 12:33:27,502 root INFO Successfully retrieved HWM data
2023-04-21 12:33:27,713 root INFO Successfully retrieved IBM data
2023-04-21 12:33:27,827 root INFO Successfully retrieved ICE data
2023-04-21 12:33:27,965 root INFO Successfully retrieved IDXX data
2023-04-21 12:33:28,112 root INFO Successfully retrieved IEX data
2023-04-21 12:33:28,281 root INFO Successfully retrieved IFF data
2023-04-21 12:33:28,397 root INFO Successfully retrieved ILMN data
2023-04-21 12:33:28,514 root INFO Successfully retrieved INCY data
2023-04-21 12:33:28,651 root INFO Successfully retrieved INTC data
2023-04-21 12:33:28,767 root INFO Successfully retrieved INTU data
2023-04-21 12:33:28,883 root INFO Successfully retrieved INVH data
2023-04-21 12:33:29,069 root INFO Successfully retrieved IP data
2023-04-21 12:33:29,252 root INFO Successfully retrieved IPG data
2023-04-21 12:33:29,367 root INFO Successfully retrieved IQV data
2023-04-21 12:33:29,499 root INFO Successfully retrieved IR data
2023-04-21 12:33:29,619 root INFO Successfully retrieved IRM data
2023-04-21 12:33:29,750 root INFO Successfully retrieved ISRG data
2023-04-21 12:33:29,868 root INFO Successfully retrieved IT data
2023-04-21 12:33:30,031 root INFO Successfully retrieved ITW data
2023-04-21 12:33:30,221 root INFO Successfully retrieved IVZ data
2023-04-21 12:33:30,341 root INFO Successfully retrieved J data
2023-04-21 12:33:30,532 root INFO Successfully retrieved JBHT data
2023-04-21 12:33:30,722 root INFO Successfully retrieved JCI data
2023-04-21 12:33:30,871 root INFO Successfully retrieved JKHY data
2023-04-21 12:33:31,120 root INFO Successfully retrieved JNJ data
2023-04-21 12:33:31,240 root INFO Successfully retrieved JNPR data
2023-04-21 12:33:31,403 root INFO Successfully retrieved JPM data
2023-04-21 12:33:31,589 root INFO Successfully retrieved K data
2023-04-21 12:33:31,708 root INFO Successfully retrieved KDP data
2023-04-21 12:33:31,887 root INFO Successfully retrieved KEY data
2023-04-21 12:33:32,025 root INFO Successfully retrieved KEYS data
2023-04-21 12:33:32,143 root INFO Successfully retrieved KHC data
2023-04-21 12:33:32,307 root INFO Successfully retrieved KIM data
2023-04-21 12:33:32,441 root INFO Successfully retrieved KLAC data
2023-04-21 12:33:32,591 root INFO Successfully retrieved KMB data
2023-04-21 12:33:32,726 root INFO Successfully retrieved KMI data
2023-04-21 12:33:32,855 root INFO Successfully retrieved KMX data
2023-04-21 12:33:33,074 root INFO Successfully retrieved KO data
2023-04-21 12:33:33,274 root INFO Successfully retrieved KR data
2023-04-21 12:33:33,428 root INFO Successfully retrieved L data
2023-04-21 12:33:33,559 root INFO Successfully retrieved LDOS data
2023-04-21 12:33:33,728 root INFO Successfully retrieved LEN data
2023-04-21 12:33:33,894 root INFO Successfully retrieved LH data
2023-04-21 12:33:34,044 root INFO Successfully retrieved LHX data
2023-04-21 12:33:34,178 root INFO Successfully retrieved LIN data
2023-04-21 12:33:34,314 root INFO Successfully retrieved LKQ data
2023-04-21 12:33:34,508 root INFO Successfully retrieved LLY data
2023-04-21 12:33:34,646 root INFO Successfully retrieved LMT data
2023-04-21 12:33:34,815 root INFO Successfully retrieved LNC data
2023-04-21 12:33:34,979 root INFO Successfully retrieved LNT data
2023-04-21 12:33:35,148 root INFO Successfully retrieved LOW data
2023-04-21 12:33:35,279 root INFO Successfully retrieved LRCX data
2023-04-21 12:33:35,463 root INFO Successfully retrieved LUV data
2023-04-21 12:33:35,580 root INFO Successfully retrieved LVS data
2023-04-21 12:33:35,698 root INFO Successfully retrieved LW data
2023-04-21 12:33:35,817 root INFO Successfully retrieved LYB data
2023-04-21 12:33:35,950 root INFO Successfully retrieved LYV data
2023-04-21 12:33:36,065 root INFO Successfully retrieved MA data
2023-04-21 12:33:36,231 root INFO Successfully retrieved MAA data
2023-04-21 12:33:36,417 root INFO Successfully retrieved MAR data
2023-04-21 12:33:36,571 root INFO Successfully retrieved MAS data
2023-04-21 12:33:36,757 root INFO Successfully retrieved MCD data
2023-04-21 12:33:36,957 root INFO Successfully retrieved MCHP data
2023-04-21 12:33:37,107 root INFO Successfully retrieved MCK data
2023-04-21 12:33:37,242 root INFO Successfully retrieved MCO data
2023-04-21 12:33:37,390 root INFO Successfully retrieved MDLZ data
2023-04-21 12:33:37,578 root INFO Successfully retrieved MDT data
2023-04-21 12:33:37,748 root INFO Successfully retrieved MET data
2023-04-21 12:33:37,875 root INFO Successfully retrieved META data
2023-04-21 12:33:38,029 root INFO Successfully retrieved MGM data
2023-04-21 12:33:38,178 root INFO Successfully retrieved MHK data
2023-04-21 12:33:38,330 root INFO Successfully retrieved MKC data
2023-04-21 12:33:38,462 root INFO Successfully retrieved MKTX data
2023-04-21 12:33:38,612 root INFO Successfully retrieved MLM data
2023-04-21 12:33:38,766 root INFO Successfully retrieved MMC data
2023-04-21 12:33:39,020 root INFO Successfully retrieved MMM data
2023-04-21 12:33:39,138 root INFO Successfully retrieved MNST data
2023-04-21 12:33:39,367 root INFO Successfully retrieved MO data
2023-04-21 12:33:39,490 root INFO Successfully retrieved MOH data
2023-04-21 12:33:39,621 root INFO Successfully retrieved MOS data
2023-04-21 12:33:39,788 root INFO Successfully retrieved MPC data
2023-04-21 12:33:39,906 root INFO Successfully retrieved MPWR data
2023-04-21 12:33:40,101 root INFO Successfully retrieved MRK data
2023-04-21 12:33:40,222 root INFO Successfully retrieved MRNA data
2023-04-21 12:33:40,421 root INFO Successfully retrieved MRO data
2023-04-21 12:33:40,574 root INFO Successfully retrieved MS data
2023-04-21 12:33:40,708 root INFO Successfully retrieved MSCI data
2023-04-21 12:33:40,844 root INFO Successfully retrieved MSFT data
2023-04-21 12:33:41,045 root INFO Successfully retrieved MSI data
2023-04-21 12:33:41,228 root INFO Successfully retrieved MTB data
2023-04-21 12:33:41,350 root INFO Successfully retrieved MTCH data
2023-04-21 12:33:41,466 root INFO Successfully retrieved MTD data
2023-04-21 12:33:41,612 root INFO Successfully retrieved MU data
2023-04-21 12:33:41,720 root INFO Successfully retrieved NCLH data
2023-04-21 12:33:41,889 root INFO Successfully retrieved NDAQ data
2023-04-21 12:33:42,036 root INFO Successfully retrieved NDSN data
2023-04-21 12:33:42,205 root INFO Successfully retrieved NEE data
2023-04-21 12:33:42,370 root INFO Successfully retrieved NEM data
2023-04-21 12:33:42,723 root INFO Successfully retrieved NFLX data
2023-04-21 12:33:42,894 root INFO Successfully retrieved NI data
2023-04-21 12:33:43,038 root INFO Successfully retrieved NKE data
2023-04-21 12:33:43,204 root INFO Successfully retrieved NOC data
2023-04-21 12:33:43,301 root INFO Successfully retrieved NOW data
2023-04-21 12:33:43,439 root INFO Successfully retrieved NRG data
2023-04-21 12:33:43,626 root INFO Successfully retrieved NSC data
2023-04-21 12:33:43,781 root INFO Successfully retrieved NTAP data
2023-04-21 12:33:43,945 root INFO Successfully retrieved NTRS data
2023-04-21 12:33:44,136 root INFO Successfully retrieved NUE data
2023-04-21 12:33:44,267 root INFO Successfully retrieved NVDA data
2023-04-21 12:33:44,398 root INFO Successfully retrieved NVR data
2023-04-21 12:33:44,542 root INFO Successfully retrieved NWL data
2023-04-21 12:33:44,684 root INFO Successfully retrieved NWS data
2023-04-21 12:33:44,799 root INFO Successfully retrieved NWSA data
2023-04-21 12:33:44,916 root INFO Successfully retrieved NXPI data
2023-04-21 12:33:45,084 root INFO Successfully retrieved O data
2023-04-21 12:33:45,200 root INFO Successfully retrieved ODFL data
2023-04-21 12:33:45,316 root INFO Successfully retrieved OGN data
2023-04-21 12:33:45,492 root INFO Successfully retrieved OKE data
2023-04-21 12:33:45,660 root INFO Successfully retrieved OMC data
2023-04-21 12:33:45,779 root INFO Successfully retrieved ON data
2023-04-21 12:33:45,922 root INFO Successfully retrieved ORCL data
2023-04-21 12:33:46,044 root INFO Successfully retrieved ORLY data
2023-04-21 12:33:46,164 root INFO Successfully retrieved OTIS data
2023-04-21 12:33:46,323 root INFO Successfully retrieved OXY data
2023-04-21 12:33:46,461 root INFO Successfully retrieved PARA data
2023-04-21 12:33:46,583 root INFO Successfully retrieved PAYC data
2023-04-21 12:33:46,745 root INFO Successfully retrieved PAYX data
2023-04-21 12:33:46,908 root INFO Successfully retrieved PCAR data
2023-04-21 12:33:47,062 root INFO Successfully retrieved PCG data
2023-04-21 12:33:47,247 root INFO Successfully retrieved PEAK data
2023-04-21 12:33:47,425 root INFO Successfully retrieved PEG data
2023-04-21 12:33:47,601 root INFO Successfully retrieved PEP data
2023-04-21 12:33:47,764 root INFO Successfully retrieved PFE data
2023-04-21 12:33:47,895 root INFO Successfully retrieved PFG data
2023-04-21 12:33:48,098 root INFO Successfully retrieved PG data
2023-04-21 12:33:48,249 root INFO Successfully retrieved PGR data
2023-04-21 12:33:48,397 root INFO Successfully retrieved PH data
2023-04-21 12:33:48,550 root INFO Successfully retrieved PHM data
2023-04-21 12:33:48,734 root INFO Successfully retrieved PKG data
2023-04-21 12:33:48,929 root INFO Successfully retrieved PKI data
2023-04-21 12:33:49,101 root INFO Successfully retrieved PLD data
2023-04-21 12:33:49,237 root INFO Successfully retrieved PM data
2023-04-21 12:33:49,399 root INFO Successfully retrieved PNC data
2023-04-21 12:33:49,553 root INFO Successfully retrieved PNR data
2023-04-21 12:33:49,719 root INFO Successfully retrieved PNW data
2023-04-21 12:33:49,854 root INFO Successfully retrieved PODD data
2023-04-21 12:33:49,986 root INFO Successfully retrieved POOL data
2023-04-21 12:33:50,151 root INFO Successfully retrieved PPG data
2023-04-21 12:33:50,316 root INFO Successfully retrieved PPL data
2023-04-21 12:33:50,434 root INFO Successfully retrieved PRU data
2023-04-21 12:33:50,603 root INFO Successfully retrieved PSA data
2023-04-21 12:33:50,757 root INFO Successfully retrieved PSX data
2023-04-21 12:33:50,888 root INFO Successfully retrieved PTC data
2023-04-21 12:33:51,019 root INFO Successfully retrieved PWR data
2023-04-21 12:33:51,159 root INFO Successfully retrieved PXD data
2023-04-21 12:33:51,342 root INFO Successfully retrieved PYPL data
2023-04-21 12:33:51,493 root INFO Successfully retrieved QCOM data
2023-04-21 12:33:51,603 root INFO Successfully retrieved QRVO data
2023-04-21 12:33:51,748 root INFO Successfully retrieved RCL data
2023-04-21 12:33:51,899 root INFO Successfully retrieved RE data
2023-04-21 12:33:52,054 root INFO Successfully retrieved REG data
2023-04-21 12:33:52,171 root INFO Successfully retrieved REGN data
2023-04-21 12:33:52,388 root INFO Successfully retrieved RF data
2023-04-21 12:33:52,538 root INFO Successfully retrieved RHI data
2023-04-21 12:33:52,700 root INFO Successfully retrieved RJF data
2023-04-21 12:33:52,854 root INFO Successfully retrieved RL data
2023-04-21 12:33:53,003 root INFO Successfully retrieved RMD data
2023-04-21 12:33:53,203 root INFO Successfully retrieved ROK data
2023-04-21 12:33:53,370 root INFO Successfully retrieved ROL data
2023-04-21 12:33:53,522 root INFO Successfully retrieved ROP data
2023-04-21 12:33:53,656 root INFO Successfully retrieved ROST data
2023-04-21 12:33:53,808 root INFO Successfully retrieved RSG data
2023-04-21 12:33:53,972 root INFO Successfully retrieved RTX data
2023-04-21 12:33:54,107 root INFO Successfully retrieved SBAC data
2023-04-21 12:33:54,241 root INFO Successfully retrieved SBUX data
2023-04-21 12:33:54,388 root INFO Successfully retrieved SCHW data
2023-04-21 12:33:54,507 root INFO Successfully retrieved SEDG data
2023-04-21 12:33:54,673 root INFO Successfully retrieved SEE data
2023-04-21 12:33:54,836 root INFO Successfully retrieved SHW data
2023-04-21 12:33:54,974 root INFO Successfully retrieved SJM data
2023-04-21 12:33:55,143 root INFO Successfully retrieved SLB data
2023-04-21 12:33:55,290 root INFO Successfully retrieved SNA data
2023-04-21 12:33:55,456 root INFO Successfully retrieved SNPS data
2023-04-21 12:33:55,627 root INFO Successfully retrieved SO data
2023-04-21 12:33:55,773 root INFO Successfully retrieved SPG data
2023-04-21 12:33:55,939 root INFO Successfully retrieved SPGI data
2023-04-21 12:33:56,087 root INFO Successfully retrieved SRE data
2023-04-21 12:33:56,236 root INFO Successfully retrieved STE data
2023-04-21 12:33:56,371 root INFO Successfully retrieved STLD data
2023-04-21 12:33:56,519 root INFO Successfully retrieved STT data
2023-04-21 12:33:56,678 root INFO Successfully retrieved STX data
2023-04-21 12:33:56,819 root INFO Successfully retrieved STZ data
2023-04-21 12:33:56,972 root INFO Successfully retrieved SWK data
2023-04-21 12:33:57,090 root INFO Successfully retrieved SWKS data
2023-04-21 12:33:57,202 root INFO Successfully retrieved SYF data
2023-04-21 12:33:57,358 root INFO Successfully retrieved SYK data
2023-04-21 12:33:57,505 root INFO Successfully retrieved SYY data
2023-04-21 12:33:57,674 root INFO Successfully retrieved T data
2023-04-21 12:33:57,843 root INFO Successfully retrieved TAP data
2023-04-21 12:33:57,974 root INFO Successfully retrieved TDG data
2023-04-21 12:33:58,139 root INFO Successfully retrieved TDY data
2023-04-21 12:33:58,305 root INFO Successfully retrieved TECH data
2023-04-21 12:33:58,453 root INFO Successfully retrieved TEL data
2023-04-21 12:33:58,576 root INFO Successfully retrieved TER data
2023-04-21 12:33:58,707 root INFO Successfully retrieved TFC data
2023-04-21 12:33:58,877 root INFO Successfully retrieved TFX data
2023-04-21 12:33:59,040 root INFO Successfully retrieved TGT data
2023-04-21 12:33:59,178 root INFO Successfully retrieved TJX data
2023-04-21 12:33:59,328 root INFO Successfully retrieved TMO data
2023-04-21 12:33:59,494 root INFO Successfully retrieved TMUS data
2023-04-21 12:33:59,609 root INFO Successfully retrieved TPR data
2023-04-21 12:33:59,738 root INFO Successfully retrieved TRGP data
2023-04-21 12:33:59,878 root INFO Successfully retrieved TRMB data
2023-04-21 12:34:00,041 root INFO Successfully retrieved TROW data
2023-04-21 12:34:00,211 root INFO Successfully retrieved TRV data
2023-04-21 12:34:00,341 root INFO Successfully retrieved TSCO data
2023-04-21 12:34:00,459 root INFO Successfully retrieved TSLA data
2023-04-21 12:34:00,610 root INFO Successfully retrieved TSN data
2023-04-21 12:34:00,794 root INFO Successfully retrieved TT data
2023-04-21 12:34:00,907 root INFO Successfully retrieved TTWO data
2023-04-21 12:34:01,062 root INFO Successfully retrieved TXN data
2023-04-21 12:34:01,248 root INFO Successfully retrieved TXT data
2023-04-21 12:34:01,350 root INFO Successfully retrieved TYL data
2023-04-21 12:34:01,488 root INFO Successfully retrieved UAL data
2023-04-21 12:34:01,664 root INFO Successfully retrieved UDR data
2023-04-21 12:34:01,835 root INFO Successfully retrieved UHS data
2023-04-21 12:34:01,948 root INFO Successfully retrieved ULTA data
2023-04-21 12:34:02,132 root INFO Successfully retrieved UNH data
2023-04-21 12:34:02,320 root INFO Successfully retrieved UNP data
2023-04-21 12:34:02,490 root INFO Successfully retrieved UPS data
2023-04-21 12:34:02,623 root INFO Successfully retrieved URI data
2023-04-21 12:34:02,853 root INFO Successfully retrieved USB data
2023-04-21 12:34:02,991 root INFO Successfully retrieved V data
2023-04-21 12:34:03,156 root INFO Successfully retrieved VFC data
2023-04-21 12:34:03,292 root INFO Successfully retrieved VICI data
2023-04-21 12:34:03,455 root INFO Successfully retrieved VLO data
2023-04-21 12:34:03,615 root INFO Successfully retrieved VMC data
2023-04-21 12:34:03,743 root INFO Successfully retrieved VRSK data
2023-04-21 12:34:03,855 root INFO Successfully retrieved VRSN data
2023-04-21 12:34:03,971 root INFO Successfully retrieved VRTX data
2023-04-21 12:34:04,109 root INFO Successfully retrieved VTR data
2023-04-21 12:34:04,256 root INFO Successfully retrieved VTRS data
2023-04-21 12:34:04,416 root INFO Successfully retrieved VZ data
2023-04-21 12:34:04,561 root INFO Successfully retrieved WAB data
2023-04-21 12:34:04,681 root INFO Successfully retrieved WAT data
2023-04-21 12:34:04,847 root INFO Successfully retrieved WBA data
2023-04-21 12:34:04,963 root INFO Successfully retrieved WBD data
2023-04-21 12:34:05,098 root INFO Successfully retrieved WDC data
2023-04-21 12:34:05,252 root INFO Successfully retrieved WEC data
2023-04-21 12:34:05,430 root INFO Successfully retrieved WELL data
2023-04-21 12:34:05,635 root INFO Successfully retrieved WFC data
2023-04-21 12:34:05,847 root INFO Successfully retrieved WHR data
2023-04-21 12:34:06,001 root INFO Successfully retrieved WM data
2023-04-21 12:34:06,161 root INFO Successfully retrieved WMB data
2023-04-21 12:34:06,364 root INFO Successfully retrieved WMT data
2023-04-21 12:34:06,518 root INFO Successfully retrieved WRB data
2023-04-21 12:34:06,653 root INFO Successfully retrieved WRK data
2023-04-21 12:34:06,834 root INFO Successfully retrieved WST data
2023-04-21 12:34:06,955 root INFO Successfully retrieved WTW data
2023-04-21 12:34:07,108 root INFO Successfully retrieved WY data
2023-04-21 12:34:07,258 root INFO Successfully retrieved WYNN data
2023-04-21 12:34:07,436 root INFO Successfully retrieved XEL data
2023-04-21 12:34:07,639 root INFO Successfully retrieved XOM data
2023-04-21 12:34:07,791 root INFO Successfully retrieved XRAY data
2023-04-21 12:34:07,906 root INFO Successfully retrieved XYL data
2023-04-21 12:34:08,077 root INFO Successfully retrieved YUM data
2023-04-21 12:34:08,218 root INFO Successfully retrieved ZBH data
2023-04-21 12:34:08,353 root INFO Successfully retrieved ZBRA data
2023-04-21 12:34:08,485 root INFO Successfully retrieved ZION data
2023-04-21 12:34:08,639 root INFO Successfully retrieved ZTS data
