2023-04-28 12:35:12,546 root INFO Successfully retrieved A data
2023-04-28 12:35:12,843 root INFO Successfully retrieved AAL data
2023-04-28 12:35:13,124 root INFO Successfully retrieved AAP data
2023-04-28 12:35:13,457 root INFO Successfully retrieved AAPL data
2023-04-28 12:35:13,794 root INFO Successfully retrieved ABBV data
2023-04-28 12:35:14,129 root INFO Successfully retrieved ABC data
2023-04-28 12:35:14,487 root INFO Successfully retrieved ABT data
2023-04-28 12:35:14,757 root INFO Successfully retrieved ACGL data
2023-04-28 12:35:15,174 root INFO Successfully retrieved ACN data
2023-04-28 12:35:15,673 root INFO Successfully retrieved ADBE data
2023-04-28 12:35:15,985 root INFO Successfully retrieved ADI data
2023-04-28 12:35:16,400 root INFO Successfully retrieved ADM data
2023-04-28 12:35:16,800 root INFO Successfully retrieved ADP data
2023-04-28 12:35:17,165 root INFO Successfully retrieved ADSK data
2023-04-28 12:35:17,483 root INFO Successfully retrieved AEE data
2023-04-28 12:35:17,891 root INFO Successfully retrieved AEP data
2023-04-28 12:35:18,265 root INFO Successfully retrieved AES data
2023-04-28 12:35:18,715 root INFO Successfully retrieved AFL data
2023-04-28 12:35:19,066 root INFO Successfully retrieved AIG data
2023-04-28 12:35:19,376 root INFO Successfully retrieved AIZ data
2023-04-28 12:35:19,753 root INFO Successfully retrieved AJG data
2023-04-28 12:35:20,033 root INFO Successfully retrieved AKAM data
2023-04-28 12:35:20,413 root INFO Successfully retrieved ALB data
2023-04-28 12:35:20,690 root INFO Successfully retrieved ALGN data
2023-04-28 12:35:21,111 root INFO Successfully retrieved ALK data
2023-04-28 12:35:21,522 root INFO Successfully retrieved ALL data
2023-04-28 12:35:21,845 root INFO Successfully retrieved ALLE data
2023-04-28 12:35:22,181 root INFO Successfully retrieved AMAT data
2023-04-28 12:35:22,522 root INFO Successfully retrieved AMCR data
2023-04-28 12:35:22,814 root INFO Successfully retrieved AMD data
2023-04-28 12:35:23,200 root INFO Successfully retrieved AME data
2023-04-28 12:35:23,520 root INFO Successfully retrieved AMGN data
2023-04-28 12:35:23,878 root INFO Successfully retrieved AMP data
2023-04-28 12:35:24,201 root INFO Successfully retrieved AMT data
2023-04-28 12:35:24,512 root INFO Successfully retrieved AMZN data
2023-04-28 12:35:24,780 root INFO Successfully retrieved ANET data
2023-04-28 12:35:25,142 root INFO Successfully retrieved ANSS data
2023-04-28 12:35:25,542 root INFO Successfully retrieved AON data
2023-04-28 12:35:25,935 root INFO Successfully retrieved AOS data
2023-04-28 12:35:26,351 root INFO Successfully retrieved APA data
2023-04-28 12:35:26,752 root INFO Successfully retrieved APD data
2023-04-28 12:35:27,081 root INFO Successfully retrieved APH data
2023-04-28 12:35:27,396 root INFO Successfully retrieved APTV data
2023-04-28 12:35:27,723 root INFO Successfully retrieved ARE data
2023-04-28 12:35:28,137 root INFO Successfully retrieved ATO data
2023-04-28 12:35:28,477 root INFO Successfully retrieved ATVI data
2023-04-28 12:35:28,826 root INFO Successfully retrieved AVB data
2023-04-28 12:35:29,151 root INFO Successfully retrieved AVGO data
2023-04-28 12:35:29,528 root INFO Successfully retrieved AVY data
2023-04-28 12:35:29,865 root INFO Successfully retrieved AWK data
2023-04-28 12:35:30,231 root INFO Successfully retrieved AXP data
2023-04-28 12:35:30,497 root INFO Successfully retrieved AZO data
2023-04-28 12:35:30,955 root INFO Successfully retrieved BA data
2023-04-28 12:35:31,302 root INFO Successfully retrieved BAC data
2023-04-28 12:35:31,786 root INFO Successfully retrieved BALL data
2023-04-28 12:35:32,247 root INFO Successfully retrieved BAX data
2023-04-28 12:35:32,643 root INFO Successfully retrieved BBWI data
2023-04-28 12:35:32,977 root INFO Successfully retrieved BBY data
2023-04-28 12:35:33,388 root INFO Successfully retrieved BDX data
2023-04-28 12:35:33,773 root INFO Successfully retrieved BEN data
2023-04-28 12:35:34,161 root INFO Successfully retrieved BF-B data
2023-04-28 12:35:34,501 root INFO Successfully retrieved BG data
2023-04-28 12:35:34,790 root INFO Successfully retrieved BIIB data
2023-04-28 12:35:35,107 root INFO Successfully retrieved BIO data
2023-04-28 12:35:35,514 root INFO Successfully retrieved BK data
2023-04-28 12:35:35,832 root INFO Successfully retrieved BKNG data
2023-04-28 12:35:36,200 root INFO Successfully retrieved BKR data
2023-04-28 12:35:36,506 root INFO Successfully retrieved BLK data
2023-04-28 12:35:37,012 root INFO Successfully retrieved BMY data
2023-04-28 12:35:37,369 root INFO Successfully retrieved BR data
2023-04-28 12:35:37,697 root INFO Successfully retrieved BRK-B data
2023-04-28 12:35:38,053 root INFO Successfully retrieved BRO data
2023-04-28 12:35:38,331 root INFO Successfully retrieved BSX data
2023-04-28 12:35:38,678 root INFO Successfully retrieved BWA data
2023-04-28 12:35:39,034 root INFO Successfully retrieved BXP data
2023-04-28 12:35:39,399 root INFO Successfully retrieved C data
2023-04-28 12:35:39,864 root INFO Successfully retrieved CAG data
2023-04-28 12:35:40,222 root INFO Successfully retrieved CAH data
2023-04-28 12:35:40,530 root INFO Successfully retrieved CARR data
2023-04-28 12:35:41,020 root INFO Successfully retrieved CAT data
2023-04-28 12:35:41,352 root INFO Successfully retrieved CB data
2023-04-28 12:35:41,667 root INFO Successfully retrieved CBOE data
2023-04-28 12:35:41,996 root INFO Successfully retrieved CBRE data
2023-04-28 12:35:42,311 root INFO Successfully retrieved CCI data
2023-04-28 12:35:42,703 root INFO Successfully retrieved CCL data
2023-04-28 12:35:43,066 root INFO Successfully retrieved CDAY data
2023-04-28 12:35:43,359 root INFO Successfully retrieved CDNS data
2023-04-28 12:35:43,678 root INFO Successfully retrieved CDW data
2023-04-28 12:35:44,085 root INFO Successfully retrieved CE data
2023-04-28 12:35:44,484 root INFO Successfully retrieved CEG data
2023-04-28 12:35:44,776 root INFO Successfully retrieved CF data
2023-04-28 12:35:45,158 root INFO Successfully retrieved CFG data
2023-04-28 12:35:45,508 root INFO Successfully retrieved CHD data
2023-04-28 12:35:45,879 root INFO Successfully retrieved CHRW data
2023-04-28 12:35:46,235 root INFO Successfully retrieved CHTR data
2023-04-28 12:35:46,612 root INFO Successfully retrieved CI data
2023-04-28 12:35:47,009 root INFO Successfully retrieved CINF data
2023-04-28 12:35:47,422 root INFO Successfully retrieved CL data
2023-04-28 12:35:47,865 root INFO Successfully retrieved CLX data
2023-04-28 12:35:48,309 root INFO Successfully retrieved CMA data
2023-04-28 12:35:48,655 root INFO Successfully retrieved CMCSA data
2023-04-28 12:35:49,003 root INFO Successfully retrieved CME data
2023-04-28 12:35:49,275 root INFO Successfully retrieved CMG data
2023-04-28 12:35:49,770 root INFO Successfully retrieved CMI data
2023-04-28 12:35:50,158 root INFO Successfully retrieved CMS data
2023-04-28 12:35:50,512 root INFO Successfully retrieved CNC data
2023-04-28 12:35:50,955 root INFO Successfully retrieved CNP data
2023-04-28 12:35:51,316 root INFO Successfully retrieved COF data
2023-04-28 12:35:51,790 root INFO Successfully retrieved COO data
2023-04-28 12:35:52,214 root INFO Successfully retrieved COP data
2023-04-28 12:35:52,551 root INFO Successfully retrieved COST data
2023-04-28 12:35:53,021 root INFO Successfully retrieved CPB data
2023-04-28 12:35:53,298 root INFO Successfully retrieved CPRT data
2023-04-28 12:35:53,673 root INFO Successfully retrieved CPT data
2023-04-28 12:35:54,030 root INFO Successfully retrieved CRL data
2023-04-28 12:35:54,377 root INFO Successfully retrieved CRM data
2023-04-28 12:35:54,722 root INFO Successfully retrieved CSCO data
2023-04-28 12:35:55,006 root INFO Successfully retrieved CSGP data
2023-04-28 12:35:55,399 root INFO Successfully retrieved CSX data
2023-04-28 12:35:55,736 root INFO Successfully retrieved CTAS data
2023-04-28 12:35:56,108 root INFO Successfully retrieved CTLT data
2023-04-28 12:35:56,476 root INFO Successfully retrieved CTRA data
2023-04-28 12:35:56,771 root INFO Successfully retrieved CTSH data
2023-04-28 12:35:57,197 root INFO Successfully retrieved CTVA data
2023-04-28 12:35:57,653 root INFO Successfully retrieved CVS data
2023-04-28 12:35:58,139 root INFO Successfully retrieved CVX data
2023-04-28 12:35:58,421 root INFO Successfully retrieved CZR data
2023-04-28 12:35:58,841 root INFO Successfully retrieved D data
2023-04-28 12:35:59,198 root INFO Successfully retrieved DAL data
2023-04-28 12:35:59,614 root INFO Successfully retrieved DD data
2023-04-28 12:36:00,064 root INFO Successfully retrieved DE data
2023-04-28 12:36:00,444 root INFO Successfully retrieved DFS data
2023-04-28 12:36:00,772 root INFO Successfully retrieved DG data
2023-04-28 12:36:01,112 root INFO Successfully retrieved DGX data
2023-04-28 12:36:01,512 root INFO Successfully retrieved DHI data
2023-04-28 12:36:01,865 root INFO Successfully retrieved DHR data
2023-04-28 12:36:02,362 root INFO Successfully retrieved DIS data
2023-04-28 12:36:02,688 root INFO Successfully retrieved DISH data
2023-04-28 12:36:03,002 root INFO Successfully retrieved DLR data
2023-04-28 12:36:03,323 root INFO Successfully retrieved DLTR data
2023-04-28 12:36:03,724 root INFO Successfully retrieved DOV data
2023-04-28 12:36:04,090 root INFO Successfully retrieved DOW data
2023-04-28 12:36:04,392 root INFO Successfully retrieved DPZ data
2023-04-28 12:36:04,790 root INFO Successfully retrieved DRI data
2023-04-28 12:36:05,237 root INFO Successfully retrieved DTE data
2023-04-28 12:36:05,666 root INFO Successfully retrieved DUK data
2023-04-28 12:36:06,041 root INFO Successfully retrieved DVA data
2023-04-28 12:36:06,396 root INFO Successfully retrieved DVN data
2023-04-28 12:36:06,782 root INFO Successfully retrieved DXC data
2023-04-28 12:36:07,120 root INFO Successfully retrieved DXCM data
2023-04-28 12:36:07,484 root INFO Successfully retrieved EA data
2023-04-28 12:36:07,809 root INFO Successfully retrieved EBAY data
2023-04-28 12:36:08,184 root INFO Successfully retrieved ECL data
2023-04-28 12:36:08,667 root INFO Successfully retrieved ED data
2023-04-28 12:36:09,060 root INFO Successfully retrieved EFX data
2023-04-28 12:36:09,537 root INFO Successfully retrieved EIX data
2023-04-28 12:36:09,918 root INFO Successfully retrieved EL data
2023-04-28 12:36:10,313 root INFO Successfully retrieved ELV data
2023-04-28 12:36:10,737 root INFO Successfully retrieved EMN data
2023-04-28 12:36:11,162 root INFO Successfully retrieved EMR data
2023-04-28 12:36:11,474 root INFO Successfully retrieved ENPH data
2023-04-28 12:36:11,848 root INFO Successfully retrieved EOG data
2023-04-28 12:36:12,110 root INFO Successfully retrieved EPAM data
2023-04-28 12:36:12,425 root INFO Successfully retrieved EQIX data
2023-04-28 12:36:12,952 root INFO Successfully retrieved EQR data
2023-04-28 12:36:13,349 root INFO Successfully retrieved EQT data
2023-04-28 12:36:13,782 root INFO Successfully retrieved ES data
2023-04-28 12:36:14,174 root INFO Successfully retrieved ESS data
2023-04-28 12:36:14,591 root INFO Successfully retrieved ETN data
2023-04-28 12:36:15,048 root INFO Successfully retrieved ETR data
2023-04-28 12:36:15,305 root INFO Successfully retrieved ETSY data
2023-04-28 12:36:15,706 root INFO Successfully retrieved EVRG data
2023-04-28 12:36:15,957 root INFO Successfully retrieved EW data
2023-04-28 12:36:16,391 root INFO Successfully retrieved EXC data
2023-04-28 12:36:16,758 root INFO Successfully retrieved EXPD data
2023-04-28 12:36:17,150 root INFO Successfully retrieved EXPE data
2023-04-28 12:36:17,519 root INFO Successfully retrieved EXR data
2023-04-28 12:36:17,953 root INFO Successfully retrieved F data
2023-04-28 12:36:18,282 root INFO Successfully retrieved FANG data
2023-04-28 12:36:18,837 root INFO Successfully retrieved FAST data
2023-04-28 12:36:19,321 root INFO Successfully retrieved FCX data
2023-04-28 12:36:19,835 root INFO Successfully retrieved FDS data
2023-04-28 12:36:20,263 root INFO Successfully retrieved FDX data
2023-04-28 12:36:20,635 root INFO Successfully retrieved FE data
2023-04-28 12:36:21,019 root INFO Successfully retrieved FFIV data
2023-04-28 12:36:21,404 root INFO Successfully retrieved FICO data
2023-04-28 12:36:22,010 root INFO Successfully retrieved FIS data
2023-04-28 12:36:22,507 root INFO Successfully retrieved FISV data
2023-04-28 12:36:22,848 root INFO Successfully retrieved FITB data
2023-04-28 12:36:23,130 root INFO Successfully retrieved FLT data
2023-04-28 12:36:23,505 root INFO Successfully retrieved FMC data
2023-04-28 12:36:23,830 root INFO Successfully retrieved FOX data
2023-04-28 12:36:24,197 root INFO Successfully retrieved FOXA data
2023-04-28 12:36:24,541 root INFO Successfully retrieved FRC data
2023-04-28 12:36:24,927 root INFO Successfully retrieved FRT data
2023-04-28 12:36:25,213 root INFO Successfully retrieved FSLR data
2023-04-28 12:36:25,510 root INFO Successfully retrieved FTNT data
2023-04-28 12:36:25,930 root INFO Successfully retrieved FTV data
2023-04-28 12:36:26,348 root INFO Successfully retrieved GD data
2023-04-28 12:36:26,794 root INFO Successfully retrieved GE data
2023-04-28 12:36:27,084 root INFO Successfully retrieved GEHC data
2023-04-28 12:36:27,368 root INFO Successfully retrieved GEN data
2023-04-28 12:36:27,687 root INFO Successfully retrieved GILD data
2023-04-28 12:36:28,089 root INFO Successfully retrieved GIS data
2023-04-28 12:36:28,535 root INFO Successfully retrieved GL data
2023-04-28 12:36:28,927 root INFO Successfully retrieved GLW data
2023-04-28 12:36:29,245 root INFO Successfully retrieved GM data
2023-04-28 12:36:29,528 root INFO Successfully retrieved GNRC data
2023-04-28 12:36:29,784 root INFO Successfully retrieved GOOG data
2023-04-28 12:36:30,093 root INFO Successfully retrieved GOOGL data
2023-04-28 12:36:30,522 root INFO Successfully retrieved GPC data
2023-04-28 12:36:30,872 root INFO Successfully retrieved GPN data
2023-04-28 12:36:31,197 root INFO Successfully retrieved GRMN data
2023-04-28 12:36:31,499 root INFO Successfully retrieved GS data
2023-04-28 12:36:31,847 root INFO Successfully retrieved GWW data
2023-04-28 12:36:32,266 root INFO Successfully retrieved HAL data
2023-04-28 12:36:32,597 root INFO Successfully retrieved HAS data
2023-04-28 12:36:32,981 root INFO Successfully retrieved HBAN data
2023-04-28 12:36:33,286 root INFO Successfully retrieved HCA data
2023-04-28 12:36:33,706 root INFO Successfully retrieved HD data
2023-04-28 12:36:34,116 root INFO Successfully retrieved HES data
2023-04-28 12:36:34,444 root INFO Successfully retrieved HIG data
2023-04-28 12:36:34,773 root INFO Successfully retrieved HII data
2023-04-28 12:36:35,092 root INFO Successfully retrieved HLT data
2023-04-28 12:36:35,439 root INFO Successfully retrieved HOLX data
2023-04-28 12:36:35,845 root INFO Successfully retrieved HON data
2023-04-28 12:36:36,110 root INFO Successfully retrieved HPE data
2023-04-28 12:36:36,501 root INFO Successfully retrieved HPQ data
2023-04-28 12:36:36,833 root INFO Successfully retrieved HRL data
2023-04-28 12:36:37,081 root INFO Successfully retrieved HSIC data
2023-04-28 12:36:37,429 root INFO Successfully retrieved HST data
2023-04-28 12:36:37,801 root INFO Successfully retrieved HSY data
2023-04-28 12:36:38,153 root INFO Successfully retrieved HUM data
2023-04-28 12:36:38,463 root INFO Successfully retrieved HWM data
2023-04-28 12:36:38,891 root INFO Successfully retrieved IBM data
2023-04-28 12:36:39,189 root INFO Successfully retrieved ICE data
2023-04-28 12:36:39,482 root INFO Successfully retrieved IDXX data
2023-04-28 12:36:39,830 root INFO Successfully retrieved IEX data
2023-04-28 12:36:40,229 root INFO Successfully retrieved IFF data
2023-04-28 12:36:40,494 root INFO Successfully retrieved ILMN data
2023-04-28 12:36:40,745 root INFO Successfully retrieved INCY data
2023-04-28 12:36:41,089 root INFO Successfully retrieved INTC data
2023-04-28 12:36:41,396 root INFO Successfully retrieved INTU data
2023-04-28 12:36:41,664 root INFO Successfully retrieved INVH data
2023-04-28 12:36:42,136 root INFO Successfully retrieved IP data
2023-04-28 12:36:42,489 root INFO Successfully retrieved IPG data
2023-04-28 12:36:42,759 root INFO Successfully retrieved IQV data
2023-04-28 12:36:43,015 root INFO Successfully retrieved IR data
2023-04-28 12:36:43,348 root INFO Successfully retrieved IRM data
2023-04-28 12:36:43,621 root INFO Successfully retrieved ISRG data
2023-04-28 12:36:43,876 root INFO Successfully retrieved IT data
2023-04-28 12:36:44,245 root INFO Successfully retrieved ITW data
2023-04-28 12:36:44,576 root INFO Successfully retrieved IVZ data
2023-04-28 12:36:44,843 root INFO Successfully retrieved J data
2023-04-28 12:36:45,175 root INFO Successfully retrieved JBHT data
2023-04-28 12:36:45,520 root INFO Successfully retrieved JCI data
2023-04-28 12:36:45,847 root INFO Successfully retrieved JKHY data
2023-04-28 12:36:46,241 root INFO Successfully retrieved JNJ data
2023-04-28 12:36:46,546 root INFO Successfully retrieved JNPR data
2023-04-28 12:36:46,919 root INFO Successfully retrieved JPM data
2023-04-28 12:36:47,516 root INFO Successfully retrieved K data
2023-04-28 12:36:47,830 root INFO Successfully retrieved KDP data
2023-04-28 12:36:48,208 root INFO Successfully retrieved KEY data
2023-04-28 12:36:48,502 root INFO Successfully retrieved KEYS data
2023-04-28 12:36:48,778 root INFO Successfully retrieved KHC data
2023-04-28 12:36:49,098 root INFO Successfully retrieved KIM data
2023-04-28 12:36:49,441 root INFO Successfully retrieved KLAC data
2023-04-28 12:36:49,778 root INFO Successfully retrieved KMB data
2023-04-28 12:36:50,074 root INFO Successfully retrieved KMI data
2023-04-28 12:36:50,341 root INFO Successfully retrieved KMX data
2023-04-28 12:36:50,785 root INFO Successfully retrieved KO data
2023-04-28 12:36:51,229 root INFO Successfully retrieved KR data
2023-04-28 12:36:51,597 root INFO Successfully retrieved L data
2023-04-28 12:36:51,897 root INFO Successfully retrieved LDOS data
2023-04-28 12:36:52,329 root INFO Successfully retrieved LEN data
2023-04-28 12:36:52,664 root INFO Successfully retrieved LH data
2023-04-28 12:36:53,018 root INFO Successfully retrieved LHX data
2023-04-28 12:36:53,399 root INFO Successfully retrieved LIN data
2023-04-28 12:36:53,655 root INFO Successfully retrieved LKQ data
2023-04-28 12:36:54,063 root INFO Successfully retrieved LLY data
2023-04-28 12:36:54,397 root INFO Successfully retrieved LMT data
2023-04-28 12:36:54,753 root INFO Successfully retrieved LNC data
2023-04-28 12:36:55,170 root INFO Successfully retrieved LNT data
2023-04-28 12:36:55,548 root INFO Successfully retrieved LOW data
2023-04-28 12:36:55,828 root INFO Successfully retrieved LRCX data
2023-04-28 12:36:56,167 root INFO Successfully retrieved LUV data
2023-04-28 12:36:56,453 root INFO Successfully retrieved LVS data
2023-04-28 12:36:56,715 root INFO Successfully retrieved LW data
2023-04-28 12:36:56,984 root INFO Successfully retrieved LYB data
2023-04-28 12:36:57,235 root INFO Successfully retrieved LYV data
2023-04-28 12:36:57,519 root INFO Successfully retrieved MA data
2023-04-28 12:36:57,874 root INFO Successfully retrieved MAA data
2023-04-28 12:36:58,191 root INFO Successfully retrieved MAR data
2023-04-28 12:36:58,551 root INFO Successfully retrieved MAS data
2023-04-28 12:36:59,077 root INFO Successfully retrieved MCD data
2023-04-28 12:36:59,385 root INFO Successfully retrieved MCHP data
2023-04-28 12:36:59,711 root INFO Successfully retrieved MCK data
2023-04-28 12:37:00,033 root INFO Successfully retrieved MCO data
2023-04-28 12:37:00,394 root INFO Successfully retrieved MDLZ data
2023-04-28 12:37:00,757 root INFO Successfully retrieved MDT data
2023-04-28 12:37:01,067 root INFO Successfully retrieved MET data
2023-04-28 12:37:01,333 root INFO Successfully retrieved META data
2023-04-28 12:37:01,656 root INFO Successfully retrieved MGM data
2023-04-28 12:37:01,916 root INFO Successfully retrieved MHK data
2023-04-28 12:37:02,253 root INFO Successfully retrieved MKC data
2023-04-28 12:37:02,559 root INFO Successfully retrieved MKTX data
2023-04-28 12:37:02,947 root INFO Successfully retrieved MLM data
2023-04-28 12:37:03,322 root INFO Successfully retrieved MMC data
2023-04-28 12:37:03,748 root INFO Successfully retrieved MMM data
2023-04-28 12:37:03,997 root INFO Successfully retrieved MNST data
2023-04-28 12:37:04,410 root INFO Successfully retrieved MO data
2023-04-28 12:37:04,667 root INFO Successfully retrieved MOH data
2023-04-28 12:37:05,026 root INFO Successfully retrieved MOS data
2023-04-28 12:37:05,388 root INFO Successfully retrieved MPC data
2023-04-28 12:37:05,675 root INFO Successfully retrieved MPWR data
2023-04-28 12:37:06,107 root INFO Successfully retrieved MRK data
2023-04-28 12:37:06,441 root INFO Successfully retrieved MRNA data
2023-04-28 12:37:06,880 root INFO Successfully retrieved MRO data
2023-04-28 12:37:07,190 root INFO Successfully retrieved MS data
2023-04-28 12:37:07,454 root INFO Successfully retrieved MSCI data
2023-04-28 12:37:07,759 root INFO Successfully retrieved MSFT data
2023-04-28 12:37:08,138 root INFO Successfully retrieved MSI data
2023-04-28 12:37:08,522 root INFO Successfully retrieved MTB data
2023-04-28 12:37:08,790 root INFO Successfully retrieved MTCH data
2023-04-28 12:37:09,034 root INFO Successfully retrieved MTD data
2023-04-28 12:37:09,360 root INFO Successfully retrieved MU data
2023-04-28 12:37:09,608 root INFO Successfully retrieved NCLH data
2023-04-28 12:37:09,879 root INFO Successfully retrieved NDAQ data
2023-04-28 12:37:10,208 root INFO Successfully retrieved NDSN data
2023-04-28 12:37:10,599 root INFO Successfully retrieved NEE data
2023-04-28 12:37:10,939 root INFO Successfully retrieved NEM data
2023-04-28 12:37:11,190 root INFO Successfully retrieved NFLX data
2023-04-28 12:37:11,564 root INFO Successfully retrieved NI data
2023-04-28 12:37:11,936 root INFO Successfully retrieved NKE data
2023-04-28 12:37:12,280 root INFO Successfully retrieved NOC data
2023-04-28 12:37:12,558 root INFO Successfully retrieved NOW data
2023-04-28 12:37:12,843 root INFO Successfully retrieved NRG data
2023-04-28 12:37:13,228 root INFO Successfully retrieved NSC data
2023-04-28 12:37:13,533 root INFO Successfully retrieved NTAP data
2023-04-28 12:37:13,866 root INFO Successfully retrieved NTRS data
2023-04-28 12:37:14,230 root INFO Successfully retrieved NUE data
2023-04-28 12:37:14,496 root INFO Successfully retrieved NVDA data
2023-04-28 12:37:14,758 root INFO Successfully retrieved NVR data
2023-04-28 12:37:15,121 root INFO Successfully retrieved NWL data
2023-04-28 12:37:15,456 root INFO Successfully retrieved NWS data
2023-04-28 12:37:15,731 root INFO Successfully retrieved NWSA data
2023-04-28 12:37:16,009 root INFO Successfully retrieved NXPI data
2023-04-28 12:37:16,359 root INFO Successfully retrieved O data
2023-04-28 12:37:16,632 root INFO Successfully retrieved ODFL data
2023-04-28 12:37:16,915 root INFO Successfully retrieved OGN data
2023-04-28 12:37:17,255 root INFO Successfully retrieved OKE data
2023-04-28 12:37:17,648 root INFO Successfully retrieved OMC data
2023-04-28 12:37:17,896 root INFO Successfully retrieved ON data
2023-04-28 12:37:18,173 root INFO Successfully retrieved ORCL data
2023-04-28 12:37:18,423 root INFO Successfully retrieved ORLY data
2023-04-28 12:37:18,690 root INFO Successfully retrieved OTIS data
2023-04-28 12:37:19,024 root INFO Successfully retrieved OXY data
2023-04-28 12:37:19,309 root INFO Successfully retrieved PARA data
2023-04-28 12:37:19,593 root INFO Successfully retrieved PAYC data
2023-04-28 12:37:19,968 root INFO Successfully retrieved PAYX data
2023-04-28 12:37:20,298 root INFO Successfully retrieved PCAR data
2023-04-28 12:37:20,653 root INFO Successfully retrieved PCG data
2023-04-28 12:37:21,009 root INFO Successfully retrieved PEAK data
2023-04-28 12:37:21,364 root INFO Successfully retrieved PEG data
2023-04-28 12:37:21,714 root INFO Successfully retrieved PEP data
2023-04-28 12:37:22,130 root INFO Successfully retrieved PFE data
2023-04-28 12:37:22,433 root INFO Successfully retrieved PFG data
2023-04-28 12:37:22,833 root INFO Successfully retrieved PG data
2023-04-28 12:37:23,165 root INFO Successfully retrieved PGR data
2023-04-28 12:37:23,504 root INFO Successfully retrieved PH data
2023-04-28 12:37:23,916 root INFO Successfully retrieved PHM data
2023-04-28 12:37:24,250 root INFO Successfully retrieved PKG data
2023-04-28 12:37:24,588 root INFO Successfully retrieved PKI data
2023-04-28 12:37:24,911 root INFO Successfully retrieved PLD data
2023-04-28 12:37:25,194 root INFO Successfully retrieved PM data
2023-04-28 12:37:25,526 root INFO Successfully retrieved PNC data
2023-04-28 12:37:25,873 root INFO Successfully retrieved PNR data
2023-04-28 12:37:26,256 root INFO Successfully retrieved PNW data
2023-04-28 12:37:26,539 root INFO Successfully retrieved PODD data
2023-04-28 12:37:26,824 root INFO Successfully retrieved POOL data
2023-04-28 12:37:27,210 root INFO Successfully retrieved PPG data
2023-04-28 12:37:27,545 root INFO Successfully retrieved PPL data
2023-04-28 12:37:27,932 root INFO Successfully retrieved PRU data
2023-04-28 12:37:28,252 root INFO Successfully retrieved PSA data
2023-04-28 12:37:28,516 root INFO Successfully retrieved PSX data
2023-04-28 12:37:28,750 root INFO Successfully retrieved PTC data
2023-04-28 12:37:29,021 root INFO Successfully retrieved PWR data
2023-04-28 12:37:29,329 root INFO Successfully retrieved PXD data
2023-04-28 12:37:29,606 root INFO Successfully retrieved PYPL data
2023-04-28 12:37:29,913 root INFO Successfully retrieved QCOM data
2023-04-28 12:37:30,175 root INFO Successfully retrieved QRVO data
2023-04-28 12:37:30,515 root INFO Successfully retrieved RCL data
2023-04-28 12:37:30,862 root INFO Successfully retrieved RE data
2023-04-28 12:37:31,187 root INFO Successfully retrieved REG data
2023-04-28 12:37:31,432 root INFO Successfully retrieved REGN data
2023-04-28 12:37:31,759 root INFO Successfully retrieved RF data
2023-04-28 12:37:32,108 root INFO Successfully retrieved RHI data
2023-04-28 12:37:32,453 root INFO Successfully retrieved RJF data
2023-04-28 12:37:32,743 root INFO Successfully retrieved RL data
2023-04-28 12:37:33,134 root INFO Successfully retrieved RMD data
2023-04-28 12:37:33,529 root INFO Successfully retrieved ROK data
2023-04-28 12:37:33,908 root INFO Successfully retrieved ROL data
2023-04-28 12:37:34,236 root INFO Successfully retrieved ROP data
2023-04-28 12:37:34,551 root INFO Successfully retrieved ROST data
2023-04-28 12:37:34,888 root INFO Successfully retrieved RSG data
2023-04-28 12:37:35,310 root INFO Successfully retrieved RTX data
2023-04-28 12:37:35,573 root INFO Successfully retrieved SBAC data
2023-04-28 12:37:35,856 root INFO Successfully retrieved SBUX data
2023-04-28 12:37:36,218 root INFO Successfully retrieved SCHW data
2023-04-28 12:37:36,465 root INFO Successfully retrieved SEDG data
2023-04-28 12:37:36,880 root INFO Successfully retrieved SEE data
2023-04-28 12:37:37,214 root INFO Successfully retrieved SHW data
2023-04-28 12:37:37,512 root INFO Successfully retrieved SJM data
2023-04-28 12:37:37,890 root INFO Successfully retrieved SLB data
2023-04-28 12:37:38,237 root INFO Successfully retrieved SNA data
2023-04-28 12:37:38,498 root INFO Successfully retrieved SNPS data
2023-04-28 12:37:38,864 root INFO Successfully retrieved SO data
2023-04-28 12:37:39,188 root INFO Successfully retrieved SPG data
2023-04-28 12:37:39,559 root INFO Successfully retrieved SPGI data
2023-04-28 12:37:39,866 root INFO Successfully retrieved SRE data
2023-04-28 12:37:40,165 root INFO Successfully retrieved STE data
2023-04-28 12:37:40,458 root INFO Successfully retrieved STLD data
2023-04-28 12:37:40,825 root INFO Successfully retrieved STT data
2023-04-28 12:37:41,122 root INFO Successfully retrieved STX data
2023-04-28 12:37:41,416 root INFO Successfully retrieved STZ data
2023-04-28 12:37:41,798 root INFO Successfully retrieved SWK data
2023-04-28 12:37:42,088 root INFO Successfully retrieved SWKS data
2023-04-28 12:37:42,347 root INFO Successfully retrieved SYF data
2023-04-28 12:37:42,668 root INFO Successfully retrieved SYK data
2023-04-28 12:37:43,096 root INFO Successfully retrieved SYY data
2023-04-28 12:37:43,474 root INFO Successfully retrieved T data
2023-04-28 12:37:43,798 root INFO Successfully retrieved TAP data
2023-04-28 12:37:44,079 root INFO Successfully retrieved TDG data
2023-04-28 12:37:44,322 root INFO Successfully retrieved TDY data
2023-04-28 12:37:44,618 root INFO Successfully retrieved TECH data
2023-04-28 12:37:44,903 root INFO Successfully retrieved TEL data
2023-04-28 12:37:45,202 root INFO Successfully retrieved TER data
2023-04-28 12:37:45,535 root INFO Successfully retrieved TFC data
2023-04-28 12:37:45,867 root INFO Successfully retrieved TFX data
2023-04-28 12:37:46,210 root INFO Successfully retrieved TGT data
2023-04-28 12:37:46,540 root INFO Successfully retrieved TJX data
2023-04-28 12:37:46,887 root INFO Successfully retrieved TMO data
2023-04-28 12:37:47,141 root INFO Successfully retrieved TMUS data
2023-04-28 12:37:47,416 root INFO Successfully retrieved TPR data
2023-04-28 12:37:47,731 root INFO Successfully retrieved TRGP data
2023-04-28 12:37:47,974 root INFO Successfully retrieved TRMB data
2023-04-28 12:37:48,301 root INFO Successfully retrieved TROW data
2023-04-28 12:37:48,631 root INFO Successfully retrieved TRV data
2023-04-28 12:37:48,921 root INFO Successfully retrieved TSCO data
2023-04-28 12:37:49,166 root INFO Successfully retrieved TSLA data
2023-04-28 12:37:49,538 root INFO Successfully retrieved TSN data
2023-04-28 12:37:49,912 root INFO Successfully retrieved TT data
2023-04-28 12:37:50,167 root INFO Successfully retrieved TTWO data
2023-04-28 12:37:50,572 root INFO Successfully retrieved TXN data
2023-04-28 12:37:50,965 root INFO Successfully retrieved TXT data
2023-04-28 12:37:51,227 root INFO Successfully retrieved TYL data
2023-04-28 12:37:51,489 root INFO Successfully retrieved UAL data
2023-04-28 12:37:51,835 root INFO Successfully retrieved UDR data
2023-04-28 12:37:52,144 root INFO Successfully retrieved UHS data
2023-04-28 12:37:52,425 root INFO Successfully retrieved ULTA data
2023-04-28 12:37:52,801 root INFO Successfully retrieved UNH data
2023-04-28 12:37:53,164 root INFO Successfully retrieved UNP data
2023-04-28 12:37:53,488 root INFO Successfully retrieved UPS data
2023-04-28 12:37:53,732 root INFO Successfully retrieved URI data
2023-04-28 12:37:54,068 root INFO Successfully retrieved USB data
2023-04-28 12:37:54,357 root INFO Successfully retrieved V data
2023-04-28 12:37:54,730 root INFO Successfully retrieved VFC data
2023-04-28 12:37:54,994 root INFO Successfully retrieved VICI data
2023-04-28 12:37:55,531 root INFO Successfully retrieved VLO data
2023-04-28 12:37:56,045 root INFO Successfully retrieved VMC data
2023-04-28 12:37:56,419 root INFO Successfully retrieved VRSK data
2023-04-28 12:37:56,702 root INFO Successfully retrieved VRSN data
2023-04-28 12:37:56,987 root INFO Successfully retrieved VRTX data
2023-04-28 12:37:57,397 root INFO Successfully retrieved VTR data
2023-04-28 12:37:57,749 root INFO Successfully retrieved VTRS data
2023-04-28 12:37:58,104 root INFO Successfully retrieved VZ data
2023-04-28 12:37:58,476 root INFO Successfully retrieved WAB data
2023-04-28 12:37:58,790 root INFO Successfully retrieved WAT data
2023-04-28 12:37:59,180 root INFO Successfully retrieved WBA data
2023-04-28 12:37:59,492 root INFO Successfully retrieved WBD data
2023-04-28 12:37:59,810 root INFO Successfully retrieved WDC data
2023-04-28 12:38:00,169 root INFO Successfully retrieved WEC data
2023-04-28 12:38:00,527 root INFO Successfully retrieved WELL data
2023-04-28 12:38:01,005 root INFO Successfully retrieved WFC data
2023-04-28 12:38:01,412 root INFO Successfully retrieved WHR data
2023-04-28 12:38:01,747 root INFO Successfully retrieved WM data
2023-04-28 12:38:02,257 root INFO Successfully retrieved WMB data
2023-04-28 12:38:02,771 root INFO Successfully retrieved WMT data
2023-04-28 12:38:03,215 root INFO Successfully retrieved WRB data
2023-04-28 12:38:03,566 root INFO Successfully retrieved WRK data
2023-04-28 12:38:04,083 root INFO Successfully retrieved WST data
2023-04-28 12:38:04,403 root INFO Successfully retrieved WTW data
2023-04-28 12:38:04,799 root INFO Successfully retrieved WY data
2023-04-28 12:38:05,110 root INFO Successfully retrieved WYNN data
2023-04-28 12:38:05,514 root INFO Successfully retrieved XEL data
2023-04-28 12:38:05,992 root INFO Successfully retrieved XOM data
2023-04-28 12:38:06,317 root INFO Successfully retrieved XRAY data
2023-04-28 12:38:06,628 root INFO Successfully retrieved XYL data
2023-04-28 12:38:06,930 root INFO Successfully retrieved YUM data
2023-04-28 12:38:07,229 root INFO Successfully retrieved ZBH data
2023-04-28 12:38:07,478 root INFO Successfully retrieved ZBRA data
2023-04-28 12:38:07,921 root INFO Successfully retrieved ZION data
2023-04-28 12:38:08,221 root INFO Successfully retrieved ZTS data
