2023-04-24 12:46:20,231 root INFO Successfully retrieved A data
2023-04-24 12:46:20,369 root INFO Successfully retrieved AAL data
2023-04-24 12:46:20,530 root INFO Successfully retrieved AAP data
2023-04-24 12:46:20,701 root INFO Successfully retrieved AAPL data
2023-04-24 12:46:20,842 root INFO Successfully retrieved ABBV data
2023-04-24 12:46:21,030 root INFO Successfully retrieved ABC data
2023-04-24 12:46:21,217 root INFO Successfully retrieved ABT data
2023-04-24 12:46:21,351 root INFO Successfully retrieved ACGL data
2023-04-24 12:46:21,514 root INFO Successfully retrieved ACN data
2023-04-24 12:46:21,665 root INFO Successfully retrieved ADBE data
2023-04-24 12:46:21,836 root INFO Successfully retrieved ADI data
2023-04-24 12:46:22,014 root INFO Successfully retrieved ADM data
2023-04-24 12:46:22,214 root INFO Successfully retrieved ADP data
2023-04-24 12:46:22,377 root INFO Successfully retrieved ADSK data
2023-04-24 12:46:22,561 root INFO Successfully retrieved AEE data
2023-04-24 12:46:22,751 root INFO Successfully retrieved AEP data
2023-04-24 12:46:22,942 root INFO Successfully retrieved AES data
2023-04-24 12:46:23,130 root INFO Successfully retrieved AFL data
2023-04-24 12:46:23,309 root INFO Successfully retrieved AIG data
2023-04-24 12:46:23,457 root INFO Successfully retrieved AIZ data
2023-04-24 12:46:23,634 root INFO Successfully retrieved AJG data
2023-04-24 12:46:23,772 root INFO Successfully retrieved AKAM data
2023-04-24 12:46:23,919 root INFO Successfully retrieved ALB data
2023-04-24 12:46:24,023 root INFO Successfully retrieved ALGN data
2023-04-24 12:46:24,188 root INFO Successfully retrieved ALK data
2023-04-24 12:46:24,403 root INFO Successfully retrieved ALL data
2023-04-24 12:46:24,541 root INFO Successfully retrieved ALLE data
2023-04-24 12:46:24,695 root INFO Successfully retrieved AMAT data
2023-04-24 12:46:24,840 root INFO Successfully retrieved AMCR data
2023-04-24 12:46:24,966 root INFO Successfully retrieved AMD data
2023-04-24 12:46:25,160 root INFO Successfully retrieved AME data
2023-04-24 12:46:25,315 root INFO Successfully retrieved AMGN data
2023-04-24 12:46:25,465 root INFO Successfully retrieved AMP data
2023-04-24 12:46:25,604 root INFO Successfully retrieved AMT data
2023-04-24 12:46:25,729 root INFO Successfully retrieved AMZN data
2023-04-24 12:46:25,860 root INFO Successfully retrieved ANET data
2023-04-24 12:46:25,999 root INFO Successfully retrieved ANSS data
2023-04-24 12:46:26,170 root INFO Successfully retrieved AON data
2023-04-24 12:46:26,404 root INFO Successfully retrieved AOS data
2023-04-24 12:46:26,573 root INFO Successfully retrieved APA data
2023-04-24 12:46:26,749 root INFO Successfully retrieved APD data
2023-04-24 12:46:26,901 root INFO Successfully retrieved APH data
2023-04-24 12:46:27,033 root INFO Successfully retrieved APTV data
2023-04-24 12:46:27,223 root INFO Successfully retrieved ARE data
2023-04-24 12:46:27,395 root INFO Successfully retrieved ATO data
2023-04-24 12:46:27,533 root INFO Successfully retrieved ATVI data
2023-04-24 12:46:27,687 root INFO Successfully retrieved AVB data
2023-04-24 12:46:27,834 root INFO Successfully retrieved AVGO data
2023-04-24 12:46:28,017 root INFO Successfully retrieved AVY data
2023-04-24 12:46:28,151 root INFO Successfully retrieved AWK data
2023-04-24 12:46:28,334 root INFO Successfully retrieved AXP data
2023-04-24 12:46:28,485 root INFO Successfully retrieved AZO data
2023-04-24 12:46:28,702 root INFO Successfully retrieved BA data
2023-04-24 12:46:28,852 root INFO Successfully retrieved BAC data
2023-04-24 12:46:29,018 root INFO Successfully retrieved BALL data
2023-04-24 12:46:29,184 root INFO Successfully retrieved BAX data
2023-04-24 12:46:29,337 root INFO Successfully retrieved BBWI data
2023-04-24 12:46:29,505 root INFO Successfully retrieved BBY data
2023-04-24 12:46:29,689 root INFO Successfully retrieved BDX data
2023-04-24 12:46:29,878 root INFO Successfully retrieved BEN data
2023-04-24 12:46:30,048 root INFO Successfully retrieved BF-B data
2023-04-24 12:46:30,189 root INFO Successfully retrieved BG data
2023-04-24 12:46:30,311 root INFO Successfully retrieved BIIB data
2023-04-24 12:46:30,469 root INFO Successfully retrieved BIO data
2023-04-24 12:46:30,649 root INFO Successfully retrieved BK data
2023-04-24 12:46:30,788 root INFO Successfully retrieved BKNG data
2023-04-24 12:46:30,934 root INFO Successfully retrieved BKR data
2023-04-24 12:46:31,081 root INFO Successfully retrieved BLK data
2023-04-24 12:46:31,257 root INFO Successfully retrieved BMY data
2023-04-24 12:46:31,414 root INFO Successfully retrieved BR data
2023-04-24 12:46:31,553 root INFO Successfully retrieved BRK-B data
2023-04-24 12:46:31,782 root INFO Successfully retrieved BRO data
2023-04-24 12:46:31,899 root INFO Successfully retrieved BSX data
2023-04-24 12:46:32,065 root INFO Successfully retrieved BWA data
2023-04-24 12:46:32,215 root INFO Successfully retrieved BXP data
2023-04-24 12:46:32,394 root INFO Successfully retrieved C data
2023-04-24 12:46:32,572 root INFO Successfully retrieved CAG data
2023-04-24 12:46:32,751 root INFO Successfully retrieved CAH data
2023-04-24 12:46:32,884 root INFO Successfully retrieved CARR data
2023-04-24 12:46:33,097 root INFO Successfully retrieved CAT data
2023-04-24 12:46:33,320 root INFO Successfully retrieved CB data
2023-04-24 12:46:33,503 root INFO Successfully retrieved CBOE data
2023-04-24 12:46:33,636 root INFO Successfully retrieved CBRE data
2023-04-24 12:46:33,768 root INFO Successfully retrieved CCI data
2023-04-24 12:46:33,937 root INFO Successfully retrieved CCL data
2023-04-24 12:46:34,058 root INFO Successfully retrieved CDAY data
2023-04-24 12:46:34,181 root INFO Successfully retrieved CDNS data
2023-04-24 12:46:34,301 root INFO Successfully retrieved CDW data
2023-04-24 12:46:34,426 root INFO Successfully retrieved CE data
2023-04-24 12:46:34,551 root INFO Successfully retrieved CEG data
2023-04-24 12:46:34,705 root INFO Successfully retrieved CF data
2023-04-24 12:46:34,833 root INFO Successfully retrieved CFG data
2023-04-24 12:46:34,982 root INFO Successfully retrieved CHD data
2023-04-24 12:46:35,148 root INFO Successfully retrieved CHRW data
2023-04-24 12:46:35,264 root INFO Successfully retrieved CHTR data
2023-04-24 12:46:35,489 root INFO Successfully retrieved CI data
2023-04-24 12:46:35,657 root INFO Successfully retrieved CINF data
2023-04-24 12:46:35,841 root INFO Successfully retrieved CL data
2023-04-24 12:46:36,010 root INFO Successfully retrieved CLX data
2023-04-24 12:46:36,166 root INFO Successfully retrieved CMA data
2023-04-24 12:46:36,310 root INFO Successfully retrieved CMCSA data
2023-04-24 12:46:36,467 root INFO Successfully retrieved CME data
2023-04-24 12:46:36,580 root INFO Successfully retrieved CMG data
2023-04-24 12:46:36,825 root INFO Successfully retrieved CMI data
2023-04-24 12:46:37,007 root INFO Successfully retrieved CMS data
2023-04-24 12:46:37,141 root INFO Successfully retrieved CNC data
2023-04-24 12:46:37,339 root INFO Successfully retrieved CNP data
2023-04-24 12:46:37,491 root INFO Successfully retrieved COF data
2023-04-24 12:46:37,656 root INFO Successfully retrieved COO data
2023-04-24 12:46:37,834 root INFO Successfully retrieved COP data
2023-04-24 12:46:37,972 root INFO Successfully retrieved COST data
2023-04-24 12:46:38,141 root INFO Successfully retrieved CPB data
2023-04-24 12:46:38,241 root INFO Successfully retrieved CPRT data
2023-04-24 12:46:38,422 root INFO Successfully retrieved CPT data
2023-04-24 12:46:38,559 root INFO Successfully retrieved CRL data
2023-04-24 12:46:38,687 root INFO Successfully retrieved CRM data
2023-04-24 12:46:38,813 root INFO Successfully retrieved CSCO data
2023-04-24 12:46:38,929 root INFO Successfully retrieved CSGP data
2023-04-24 12:46:39,104 root INFO Successfully retrieved CSX data
2023-04-24 12:46:39,271 root INFO Successfully retrieved CTAS data
2023-04-24 12:46:39,387 root INFO Successfully retrieved CTLT data
2023-04-24 12:46:39,539 root INFO Successfully retrieved CTRA data
2023-04-24 12:46:39,657 root INFO Successfully retrieved CTSH data
2023-04-24 12:46:39,773 root INFO Successfully retrieved CTVA data
2023-04-24 12:46:39,951 root INFO Successfully retrieved CVS data
2023-04-24 12:46:40,172 root INFO Successfully retrieved CVX data
2023-04-24 12:46:40,323 root INFO Successfully retrieved CZR data
2023-04-24 12:46:40,501 root INFO Successfully retrieved D data
2023-04-24 12:46:40,632 root INFO Successfully retrieved DAL data
2023-04-24 12:46:40,811 root INFO Successfully retrieved DD data
2023-04-24 12:46:41,034 root INFO Successfully retrieved DE data
2023-04-24 12:46:41,165 root INFO Successfully retrieved DFS data
2023-04-24 12:46:41,281 root INFO Successfully retrieved DG data
2023-04-24 12:46:41,434 root INFO Successfully retrieved DGX data
2023-04-24 12:46:41,643 root INFO Successfully retrieved DHI data
2023-04-24 12:46:41,782 root INFO Successfully retrieved DHR data
2023-04-24 12:46:41,982 root INFO Successfully retrieved DIS data
2023-04-24 12:46:42,105 root INFO Successfully retrieved DISH data
2023-04-24 12:46:42,226 root INFO Successfully retrieved DLR data
2023-04-24 12:46:42,336 root INFO Successfully retrieved DLTR data
2023-04-24 12:46:42,495 root INFO Successfully retrieved DOV data
2023-04-24 12:46:42,653 root INFO Successfully retrieved DOW data
2023-04-24 12:46:42,817 root INFO Successfully retrieved DPZ data
2023-04-24 12:46:42,961 root INFO Successfully retrieved DRI data
2023-04-24 12:46:43,130 root INFO Successfully retrieved DTE data
2023-04-24 12:46:43,292 root INFO Successfully retrieved DUK data
2023-04-24 12:46:43,399 root INFO Successfully retrieved DVA data
2023-04-24 12:46:43,530 root INFO Successfully retrieved DVN data
2023-04-24 12:46:43,678 root INFO Successfully retrieved DXC data
2023-04-24 12:46:43,815 root INFO Successfully retrieved DXCM data
2023-04-24 12:46:43,932 root INFO Successfully retrieved EA data
2023-04-24 12:46:44,044 root INFO Successfully retrieved EBAY data
2023-04-24 12:46:44,208 root INFO Successfully retrieved ECL data
2023-04-24 12:46:44,394 root INFO Successfully retrieved ED data
2023-04-24 12:46:44,544 root INFO Successfully retrieved EFX data
2023-04-24 12:46:44,742 root INFO Successfully retrieved EIX data
2023-04-24 12:46:44,891 root INFO Successfully retrieved EL data
2023-04-24 12:46:45,032 root INFO Successfully retrieved ELV data
2023-04-24 12:46:45,210 root INFO Successfully retrieved EMN data
2023-04-24 12:46:45,386 root INFO Successfully retrieved EMR data
2023-04-24 12:46:45,528 root INFO Successfully retrieved ENPH data
2023-04-24 12:46:45,671 root INFO Successfully retrieved EOG data
2023-04-24 12:46:45,802 root INFO Successfully retrieved EPAM data
2023-04-24 12:46:45,913 root INFO Successfully retrieved EQIX data
2023-04-24 12:46:46,056 root INFO Successfully retrieved EQR data
2023-04-24 12:46:46,218 root INFO Successfully retrieved EQT data
2023-04-24 12:46:46,430 root INFO Successfully retrieved ES data
2023-04-24 12:46:46,572 root INFO Successfully retrieved ESS data
2023-04-24 12:46:46,734 root INFO Successfully retrieved ETN data
2023-04-24 12:46:46,925 root INFO Successfully retrieved ETR data
2023-04-24 12:46:47,059 root INFO Successfully retrieved ETSY data
2023-04-24 12:46:47,279 root INFO Successfully retrieved EVRG data
2023-04-24 12:46:47,429 root INFO Successfully retrieved EW data
2023-04-24 12:46:47,632 root INFO Successfully retrieved EXC data
2023-04-24 12:46:47,812 root INFO Successfully retrieved EXPD data
2023-04-24 12:46:47,959 root INFO Successfully retrieved EXPE data
2023-04-24 12:46:48,129 root INFO Successfully retrieved EXR data
2023-04-24 12:46:48,322 root INFO Successfully retrieved F data
2023-04-24 12:46:48,440 root INFO Successfully retrieved FANG data
2023-04-24 12:46:48,597 root INFO Successfully retrieved FAST data
2023-04-24 12:46:48,746 root INFO Successfully retrieved FCX data
2023-04-24 12:46:48,898 root INFO Successfully retrieved FDS data
2023-04-24 12:46:49,033 root INFO Successfully retrieved FDX data
2023-04-24 12:46:49,187 root INFO Successfully retrieved FE data
2023-04-24 12:46:49,299 root INFO Successfully retrieved FFIV data
2023-04-24 12:46:49,430 root INFO Successfully retrieved FICO data
2023-04-24 12:46:49,583 root INFO Successfully retrieved FIS data
2023-04-24 12:46:49,700 root INFO Successfully retrieved FISV data
2023-04-24 12:46:49,854 root INFO Successfully retrieved FITB data
2023-04-24 12:46:49,985 root INFO Successfully retrieved FLT data
2023-04-24 12:46:50,131 root INFO Successfully retrieved FMC data
2023-04-24 12:46:50,248 root INFO Successfully retrieved FOX data
2023-04-24 12:46:50,374 root INFO Successfully retrieved FOXA data
2023-04-24 12:46:50,501 root INFO Successfully retrieved FRC data
2023-04-24 12:46:50,690 root INFO Successfully retrieved FRT data
2023-04-24 12:46:50,904 root INFO Successfully retrieved FSLR data
2023-04-24 12:46:51,038 root INFO Successfully retrieved FTNT data
2023-04-24 12:46:51,205 root INFO Successfully retrieved FTV data
2023-04-24 12:46:51,405 root INFO Successfully retrieved GD data
2023-04-24 12:46:51,626 root INFO Successfully retrieved GE data
2023-04-24 12:46:51,739 root INFO Successfully retrieved GEHC data
2023-04-24 12:46:51,879 root INFO Successfully retrieved GEN data
2023-04-24 12:46:52,009 root INFO Successfully retrieved GILD data
2023-04-24 12:46:52,204 root INFO Successfully retrieved GIS data
2023-04-24 12:46:52,381 root INFO Successfully retrieved GL data
2023-04-24 12:46:52,560 root INFO Successfully retrieved GLW data
2023-04-24 12:46:52,713 root INFO Successfully retrieved GM data
2023-04-24 12:46:52,849 root INFO Successfully retrieved GNRC data
2023-04-24 12:46:52,984 root INFO Successfully retrieved GOOG data
2023-04-24 12:46:53,101 root INFO Successfully retrieved GOOGL data
2023-04-24 12:46:53,288 root INFO Successfully retrieved GPC data
2023-04-24 12:46:53,452 root INFO Successfully retrieved GPN data
2023-04-24 12:46:53,602 root INFO Successfully retrieved GRMN data
2023-04-24 12:46:53,766 root INFO Successfully retrieved GS data
2023-04-24 12:46:53,921 root INFO Successfully retrieved GWW data
2023-04-24 12:46:54,122 root INFO Successfully retrieved HAL data
2023-04-24 12:46:54,322 root INFO Successfully retrieved HAS data
2023-04-24 12:46:54,466 root INFO Successfully retrieved HBAN data
2023-04-24 12:46:54,664 root INFO Successfully retrieved HCA data
2023-04-24 12:46:54,875 root INFO Successfully retrieved HD data
2023-04-24 12:46:55,072 root INFO Successfully retrieved HES data
2023-04-24 12:46:55,266 root INFO Successfully retrieved HIG data
2023-04-24 12:46:55,399 root INFO Successfully retrieved HII data
2023-04-24 12:46:55,550 root INFO Successfully retrieved HLT data
2023-04-24 12:46:55,678 root INFO Successfully retrieved HOLX data
2023-04-24 12:46:55,882 root INFO Successfully retrieved HON data
2023-04-24 12:46:56,019 root INFO Successfully retrieved HPE data
2023-04-24 12:46:56,234 root INFO Successfully retrieved HPQ data
2023-04-24 12:46:56,408 root INFO Successfully retrieved HRL data
2023-04-24 12:46:56,565 root INFO Successfully retrieved HSIC data
2023-04-24 12:46:56,724 root INFO Successfully retrieved HST data
2023-04-24 12:46:56,968 root INFO Successfully retrieved HSY data
2023-04-24 12:46:57,150 root INFO Successfully retrieved HUM data
2023-04-24 12:46:57,273 root INFO Successfully retrieved HWM data
2023-04-24 12:46:57,481 root INFO Successfully retrieved IBM data
2023-04-24 12:46:57,628 root INFO Successfully retrieved ICE data
2023-04-24 12:46:57,753 root INFO Successfully retrieved IDXX data
2023-04-24 12:46:57,913 root INFO Successfully retrieved IEX data
2023-04-24 12:46:58,078 root INFO Successfully retrieved IFF data
2023-04-24 12:46:58,211 root INFO Successfully retrieved ILMN data
2023-04-24 12:46:58,344 root INFO Successfully retrieved INCY data
2023-04-24 12:46:58,538 root INFO Successfully retrieved INTC data
2023-04-24 12:46:58,676 root INFO Successfully retrieved INTU data
2023-04-24 12:46:58,823 root INFO Successfully retrieved INVH data
2023-04-24 12:46:59,039 root INFO Successfully retrieved IP data
2023-04-24 12:46:59,209 root INFO Successfully retrieved IPG data
2023-04-24 12:46:59,326 root INFO Successfully retrieved IQV data
2023-04-24 12:46:59,443 root INFO Successfully retrieved IR data
2023-04-24 12:46:59,589 root INFO Successfully retrieved IRM data
2023-04-24 12:46:59,721 root INFO Successfully retrieved ISRG data
2023-04-24 12:46:59,860 root INFO Successfully retrieved IT data
2023-04-24 12:47:00,025 root INFO Successfully retrieved ITW data
2023-04-24 12:47:00,181 root INFO Successfully retrieved IVZ data
2023-04-24 12:47:00,324 root INFO Successfully retrieved J data
2023-04-24 12:47:00,491 root INFO Successfully retrieved JBHT data
2023-04-24 12:47:00,699 root INFO Successfully retrieved JCI data
2023-04-24 12:47:00,859 root INFO Successfully retrieved JKHY data
2023-04-24 12:47:01,084 root INFO Successfully retrieved JNJ data
2023-04-24 12:47:01,205 root INFO Successfully retrieved JNPR data
2023-04-24 12:47:01,379 root INFO Successfully retrieved JPM data
2023-04-24 12:47:01,564 root INFO Successfully retrieved K data
2023-04-24 12:47:01,708 root INFO Successfully retrieved KDP data
2023-04-24 12:47:01,862 root INFO Successfully retrieved KEY data
2023-04-24 12:47:01,993 root INFO Successfully retrieved KEYS data
2023-04-24 12:47:02,133 root INFO Successfully retrieved KHC data
2023-04-24 12:47:02,291 root INFO Successfully retrieved KIM data
2023-04-24 12:47:02,424 root INFO Successfully retrieved KLAC data
2023-04-24 12:47:02,600 root INFO Successfully retrieved KMB data
2023-04-24 12:47:02,735 root INFO Successfully retrieved KMI data
2023-04-24 12:47:02,875 root INFO Successfully retrieved KMX data
2023-04-24 12:47:03,079 root INFO Successfully retrieved KO data
2023-04-24 12:47:03,251 root INFO Successfully retrieved KR data
2023-04-24 12:47:03,425 root INFO Successfully retrieved L data
2023-04-24 12:47:03,580 root INFO Successfully retrieved LDOS data
2023-04-24 12:47:03,735 root INFO Successfully retrieved LEN data
2023-04-24 12:47:03,882 root INFO Successfully retrieved LH data
2023-04-24 12:47:04,063 root INFO Successfully retrieved LHX data
2023-04-24 12:47:04,241 root INFO Successfully retrieved LIN data
2023-04-24 12:47:04,388 root INFO Successfully retrieved LKQ data
2023-04-24 12:47:04,581 root INFO Successfully retrieved LLY data
2023-04-24 12:47:04,774 root INFO Successfully retrieved LMT data
2023-04-24 12:47:04,931 root INFO Successfully retrieved LNC data
2023-04-24 12:47:05,131 root INFO Successfully retrieved LNT data
2023-04-24 12:47:05,362 root INFO Successfully retrieved LOW data
2023-04-24 12:47:05,498 root INFO Successfully retrieved LRCX data
2023-04-24 12:47:05,698 root INFO Successfully retrieved LUV data
2023-04-24 12:47:05,832 root INFO Successfully retrieved LVS data
2023-04-24 12:47:05,970 root INFO Successfully retrieved LW data
2023-04-24 12:47:06,120 root INFO Successfully retrieved LYB data
2023-04-24 12:47:06,232 root INFO Successfully retrieved LYV data
2023-04-24 12:47:06,386 root INFO Successfully retrieved MA data
2023-04-24 12:47:06,550 root INFO Successfully retrieved MAA data
2023-04-24 12:47:06,701 root INFO Successfully retrieved MAR data
2023-04-24 12:47:06,921 root INFO Successfully retrieved MAS data
2023-04-24 12:47:07,142 root INFO Successfully retrieved MCD data
2023-04-24 12:47:07,298 root INFO Successfully retrieved MCHP data
2023-04-24 12:47:07,450 root INFO Successfully retrieved MCK data
2023-04-24 12:47:07,600 root INFO Successfully retrieved MCO data
2023-04-24 12:47:07,767 root INFO Successfully retrieved MDLZ data
2023-04-24 12:47:07,926 root INFO Successfully retrieved MDT data
2023-04-24 12:47:08,083 root INFO Successfully retrieved MET data
2023-04-24 12:47:08,217 root INFO Successfully retrieved META data
2023-04-24 12:47:08,351 root INFO Successfully retrieved MGM data
2023-04-24 12:47:08,482 root INFO Successfully retrieved MHK data
2023-04-24 12:47:08,656 root INFO Successfully retrieved MKC data
2023-04-24 12:47:08,800 root INFO Successfully retrieved MKTX data
2023-04-24 12:47:08,960 root INFO Successfully retrieved MLM data
2023-04-24 12:47:09,147 root INFO Successfully retrieved MMC data
2023-04-24 12:47:09,359 root INFO Successfully retrieved MMM data
2023-04-24 12:47:09,467 root INFO Successfully retrieved MNST data
2023-04-24 12:47:09,688 root INFO Successfully retrieved MO data
2023-04-24 12:47:09,820 root INFO Successfully retrieved MOH data
2023-04-24 12:47:09,969 root INFO Successfully retrieved MOS data
2023-04-24 12:47:10,168 root INFO Successfully retrieved MPC data
2023-04-24 12:47:10,314 root INFO Successfully retrieved MPWR data
2023-04-24 12:47:10,511 root INFO Successfully retrieved MRK data
2023-04-24 12:47:10,633 root INFO Successfully retrieved MRNA data
2023-04-24 12:47:10,852 root INFO Successfully retrieved MRO data
2023-04-24 12:47:11,007 root INFO Successfully retrieved MS data
2023-04-24 12:47:11,156 root INFO Successfully retrieved MSCI data
2023-04-24 12:47:11,306 root INFO Successfully retrieved MSFT data
2023-04-24 12:47:11,571 root INFO Successfully retrieved MSI data
2023-04-24 12:47:11,733 root INFO Successfully retrieved MTB data
2023-04-24 12:47:11,901 root INFO Successfully retrieved MTCH data
2023-04-24 12:47:12,020 root INFO Successfully retrieved MTD data
2023-04-24 12:47:12,174 root INFO Successfully retrieved MU data
2023-04-24 12:47:12,301 root INFO Successfully retrieved NCLH data
2023-04-24 12:47:12,475 root INFO Successfully retrieved NDAQ data
2023-04-24 12:47:12,637 root INFO Successfully retrieved NDSN data
2023-04-24 12:47:12,849 root INFO Successfully retrieved NEE data
2023-04-24 12:47:13,011 root INFO Successfully retrieved NEM data
2023-04-24 12:47:13,141 root INFO Successfully retrieved NFLX data
2023-04-24 12:47:13,321 root INFO Successfully retrieved NI data
2023-04-24 12:47:13,589 root INFO Successfully retrieved NKE data
2023-04-24 12:47:13,788 root INFO Successfully retrieved NOC data
2023-04-24 12:47:13,906 root INFO Successfully retrieved NOW data
2023-04-24 12:47:14,048 root INFO Successfully retrieved NRG data
2023-04-24 12:47:14,282 root INFO Successfully retrieved NSC data
2023-04-24 12:47:14,417 root INFO Successfully retrieved NTAP data
2023-04-24 12:47:14,572 root INFO Successfully retrieved NTRS data
2023-04-24 12:47:14,772 root INFO Successfully retrieved NUE data
2023-04-24 12:47:14,921 root INFO Successfully retrieved NVDA data
2023-04-24 12:47:15,039 root INFO Successfully retrieved NVR data
2023-04-24 12:47:15,197 root INFO Successfully retrieved NWL data
2023-04-24 12:47:15,373 root INFO Successfully retrieved NWS data
2023-04-24 12:47:15,495 root INFO Successfully retrieved NWSA data
2023-04-24 12:47:15,629 root INFO Successfully retrieved NXPI data
2023-04-24 12:47:15,799 root INFO Successfully retrieved O data
2023-04-24 12:47:15,931 root INFO Successfully retrieved ODFL data
2023-04-24 12:47:16,070 root INFO Successfully retrieved OGN data
2023-04-24 12:47:16,221 root INFO Successfully retrieved OKE data
2023-04-24 12:47:16,390 root INFO Successfully retrieved OMC data
2023-04-24 12:47:16,512 root INFO Successfully retrieved ON data
2023-04-24 12:47:16,650 root INFO Successfully retrieved ORCL data
2023-04-24 12:47:16,783 root INFO Successfully retrieved ORLY data
2023-04-24 12:47:16,923 root INFO Successfully retrieved OTIS data
2023-04-24 12:47:17,104 root INFO Successfully retrieved OXY data
2023-04-24 12:47:17,258 root INFO Successfully retrieved PARA data
2023-04-24 12:47:17,387 root INFO Successfully retrieved PAYC data
2023-04-24 12:47:17,572 root INFO Successfully retrieved PAYX data
2023-04-24 12:47:17,723 root INFO Successfully retrieved PCAR data
2023-04-24 12:47:17,905 root INFO Successfully retrieved PCG data
2023-04-24 12:47:18,083 root INFO Successfully retrieved PEAK data
2023-04-24 12:47:18,279 root INFO Successfully retrieved PEG data
2023-04-24 12:47:18,462 root INFO Successfully retrieved PEP data
2023-04-24 12:47:18,646 root INFO Successfully retrieved PFE data
2023-04-24 12:47:18,795 root INFO Successfully retrieved PFG data
2023-04-24 12:47:19,002 root INFO Successfully retrieved PG data
2023-04-24 12:47:19,159 root INFO Successfully retrieved PGR data
2023-04-24 12:47:19,320 root INFO Successfully retrieved PH data
2023-04-24 12:47:19,494 root INFO Successfully retrieved PHM data
2023-04-24 12:47:19,644 root INFO Successfully retrieved PKG data
2023-04-24 12:47:19,821 root INFO Successfully retrieved PKI data
2023-04-24 12:47:19,987 root INFO Successfully retrieved PLD data
2023-04-24 12:47:20,132 root INFO Successfully retrieved PM data
2023-04-24 12:47:20,343 root INFO Successfully retrieved PNC data
2023-04-24 12:47:20,553 root INFO Successfully retrieved PNR data
2023-04-24 12:47:20,758 root INFO Successfully retrieved PNW data
2023-04-24 12:47:20,877 root INFO Successfully retrieved PODD data
2023-04-24 12:47:21,052 root INFO Successfully retrieved POOL data
2023-04-24 12:47:21,229 root INFO Successfully retrieved PPG data
2023-04-24 12:47:21,398 root INFO Successfully retrieved PPL data
2023-04-24 12:47:21,545 root INFO Successfully retrieved PRU data
2023-04-24 12:47:21,708 root INFO Successfully retrieved PSA data
2023-04-24 12:47:21,846 root INFO Successfully retrieved PSX data
2023-04-24 12:47:22,012 root INFO Successfully retrieved PTC data
2023-04-24 12:47:22,148 root INFO Successfully retrieved PWR data
2023-04-24 12:47:22,313 root INFO Successfully retrieved PXD data
2023-04-24 12:47:22,454 root INFO Successfully retrieved PYPL data
2023-04-24 12:47:22,608 root INFO Successfully retrieved QCOM data
2023-04-24 12:47:22,743 root INFO Successfully retrieved QRVO data
2023-04-24 12:47:22,879 root INFO Successfully retrieved RCL data
2023-04-24 12:47:23,022 root INFO Successfully retrieved RE data
2023-04-24 12:47:23,180 root INFO Successfully retrieved REG data
2023-04-24 12:47:23,342 root INFO Successfully retrieved REGN data
2023-04-24 12:47:23,513 root INFO Successfully retrieved RF data
2023-04-24 12:47:23,697 root INFO Successfully retrieved RHI data
2023-04-24 12:47:23,866 root INFO Successfully retrieved RJF data
2023-04-24 12:47:24,026 root INFO Successfully retrieved RL data
2023-04-24 12:47:24,163 root INFO Successfully retrieved RMD data
2023-04-24 12:47:24,359 root INFO Successfully retrieved ROK data
2023-04-24 12:47:24,510 root INFO Successfully retrieved ROL data
2023-04-24 12:47:24,665 root INFO Successfully retrieved ROP data
2023-04-24 12:47:24,814 root INFO Successfully retrieved ROST data
2023-04-24 12:47:24,977 root INFO Successfully retrieved RSG data
2023-04-24 12:47:25,164 root INFO Successfully retrieved RTX data
2023-04-24 12:47:25,303 root INFO Successfully retrieved SBAC data
2023-04-24 12:47:25,465 root INFO Successfully retrieved SBUX data
2023-04-24 12:47:25,612 root INFO Successfully retrieved SCHW data
2023-04-24 12:47:25,741 root INFO Successfully retrieved SEDG data
2023-04-24 12:47:25,921 root INFO Successfully retrieved SEE data
2023-04-24 12:47:26,094 root INFO Successfully retrieved SHW data
2023-04-24 12:47:26,259 root INFO Successfully retrieved SJM data
2023-04-24 12:47:26,432 root INFO Successfully retrieved SLB data
2023-04-24 12:47:26,598 root INFO Successfully retrieved SNA data
2023-04-24 12:47:26,724 root INFO Successfully retrieved SNPS data
2023-04-24 12:47:26,900 root INFO Successfully retrieved SO data
2023-04-24 12:47:27,076 root INFO Successfully retrieved SPG data
2023-04-24 12:47:27,270 root INFO Successfully retrieved SPGI data
2023-04-24 12:47:27,426 root INFO Successfully retrieved SRE data
2023-04-24 12:47:27,560 root INFO Successfully retrieved STE data
2023-04-24 12:47:27,713 root INFO Successfully retrieved STLD data
2023-04-24 12:47:27,896 root INFO Successfully retrieved STT data
2023-04-24 12:47:28,033 root INFO Successfully retrieved STX data
2023-04-24 12:47:28,157 root INFO Successfully retrieved STZ data
2023-04-24 12:47:28,329 root INFO Successfully retrieved SWK data
2023-04-24 12:47:28,475 root INFO Successfully retrieved SWKS data
2023-04-24 12:47:28,623 root INFO Successfully retrieved SYF data
2023-04-24 12:47:28,768 root INFO Successfully retrieved SYK data
2023-04-24 12:47:28,951 root INFO Successfully retrieved SYY data
2023-04-24 12:47:29,216 root INFO Successfully retrieved T data
2023-04-24 12:47:29,387 root INFO Successfully retrieved TAP data
2023-04-24 12:47:29,513 root INFO Successfully retrieved TDG data
2023-04-24 12:47:29,662 root INFO Successfully retrieved TDY data
2023-04-24 12:47:29,803 root INFO Successfully retrieved TECH data
2023-04-24 12:47:29,954 root INFO Successfully retrieved TEL data
2023-04-24 12:47:30,102 root INFO Successfully retrieved TER data
2023-04-24 12:47:30,302 root INFO Successfully retrieved TFC data
2023-04-24 12:47:30,452 root INFO Successfully retrieved TFX data
2023-04-24 12:47:30,618 root INFO Successfully retrieved TGT data
2023-04-24 12:47:30,794 root INFO Successfully retrieved TJX data
2023-04-24 12:47:30,952 root INFO Successfully retrieved TMO data
2023-04-24 12:47:31,067 root INFO Successfully retrieved TMUS data
2023-04-24 12:47:31,225 root INFO Successfully retrieved TPR data
2023-04-24 12:47:31,363 root INFO Successfully retrieved TRGP data
2023-04-24 12:47:31,487 root INFO Successfully retrieved TRMB data
2023-04-24 12:47:31,692 root INFO Successfully retrieved TROW data
2023-04-24 12:47:31,886 root INFO Successfully retrieved TRV data
2023-04-24 12:47:32,021 root INFO Successfully retrieved TSCO data
2023-04-24 12:47:32,170 root INFO Successfully retrieved TSLA data
2023-04-24 12:47:32,378 root INFO Successfully retrieved TSN data
2023-04-24 12:47:32,570 root INFO Successfully retrieved TT data
2023-04-24 12:47:32,696 root INFO Successfully retrieved TTWO data
2023-04-24 12:47:32,888 root INFO Successfully retrieved TXN data
2023-04-24 12:47:33,063 root INFO Successfully retrieved TXT data
2023-04-24 12:47:33,197 root INFO Successfully retrieved TYL data
2023-04-24 12:47:33,318 root INFO Successfully retrieved UAL data
2023-04-24 12:47:33,488 root INFO Successfully retrieved UDR data
2023-04-24 12:47:33,672 root INFO Successfully retrieved UHS data
2023-04-24 12:47:33,836 root INFO Successfully retrieved ULTA data
2023-04-24 12:47:33,992 root INFO Successfully retrieved UNH data
2023-04-24 12:47:34,214 root INFO Successfully retrieved UNP data
2023-04-24 12:47:34,363 root INFO Successfully retrieved UPS data
2023-04-24 12:47:34,476 root INFO Successfully retrieved URI data
2023-04-24 12:47:34,698 root INFO Successfully retrieved USB data
2023-04-24 12:47:34,829 root INFO Successfully retrieved V data
2023-04-24 12:47:35,010 root INFO Successfully retrieved VFC data
2023-04-24 12:47:35,166 root INFO Successfully retrieved VICI data
2023-04-24 12:47:35,477 root INFO Successfully retrieved VLO data
2023-04-24 12:47:35,658 root INFO Successfully retrieved VMC data
2023-04-24 12:47:35,792 root INFO Successfully retrieved VRSK data
2023-04-24 12:47:35,955 root INFO Successfully retrieved VRSN data
2023-04-24 12:47:36,074 root INFO Successfully retrieved VRTX data
2023-04-24 12:47:36,236 root INFO Successfully retrieved VTR data
2023-04-24 12:47:36,400 root INFO Successfully retrieved VTRS data
2023-04-24 12:47:36,561 root INFO Successfully retrieved VZ data
2023-04-24 12:47:36,748 root INFO Successfully retrieved WAB data
2023-04-24 12:47:36,882 root INFO Successfully retrieved WAT data
2023-04-24 12:47:37,059 root INFO Successfully retrieved WBA data
2023-04-24 12:47:37,191 root INFO Successfully retrieved WBD data
2023-04-24 12:47:37,372 root INFO Successfully retrieved WDC data
2023-04-24 12:47:37,543 root INFO Successfully retrieved WEC data
2023-04-24 12:47:37,708 root INFO Successfully retrieved WELL data
2023-04-24 12:47:37,886 root INFO Successfully retrieved WFC data
2023-04-24 12:47:38,058 root INFO Successfully retrieved WHR data
2023-04-24 12:47:38,208 root INFO Successfully retrieved WM data
2023-04-24 12:47:38,362 root INFO Successfully retrieved WMB data
2023-04-24 12:47:38,596 root INFO Successfully retrieved WMT data
2023-04-24 12:47:38,822 root INFO Successfully retrieved WRB data
2023-04-24 12:47:38,972 root INFO Successfully retrieved WRK data
2023-04-24 12:47:39,166 root INFO Successfully retrieved WST data
2023-04-24 12:47:39,300 root INFO Successfully retrieved WTW data
2023-04-24 12:47:39,459 root INFO Successfully retrieved WY data
2023-04-24 12:47:39,607 root INFO Successfully retrieved WYNN data
2023-04-24 12:47:39,776 root INFO Successfully retrieved XEL data
2023-04-24 12:47:39,959 root INFO Successfully retrieved XOM data
2023-04-24 12:47:40,109 root INFO Successfully retrieved XRAY data
2023-04-24 12:47:40,258 root INFO Successfully retrieved XYL data
2023-04-24 12:47:40,427 root INFO Successfully retrieved YUM data
2023-04-24 12:47:40,605 root INFO Successfully retrieved ZBH data
2023-04-24 12:47:40,727 root INFO Successfully retrieved ZBRA data
2023-04-24 12:47:40,927 root INFO Successfully retrieved ZION data
2023-04-24 12:47:41,059 root INFO Successfully retrieved ZTS data
