2023-05-08 08:46:19,307 root INFO Successfully retrieved A data
2023-05-08 08:46:19,432 root INFO Successfully retrieved AAL data
2023-05-08 08:46:19,570 root INFO Successfully retrieved AAP data
2023-05-08 08:46:19,748 root INFO Successfully retrieved AAPL data
2023-05-08 08:46:19,879 root INFO Successfully retrieved ABBV data
2023-05-08 08:46:20,044 root INFO Successfully retrieved ABC data
2023-05-08 08:46:20,218 root INFO Successfully retrieved ABT data
2023-05-08 08:46:20,326 root INFO Successfully retrieved ACGL data
2023-05-08 08:46:20,463 root INFO Successfully retrieved ACN data
2023-05-08 08:46:20,598 root INFO Successfully retrieved ADBE data
2023-05-08 08:46:20,787 root INFO Successfully retrieved ADI data
2023-05-08 08:46:20,936 root INFO Successfully retrieved ADM data
2023-05-08 08:46:21,092 root INFO Successfully retrieved ADP data
2023-05-08 08:46:21,221 root INFO Successfully retrieved ADSK data
2023-05-08 08:46:21,352 root INFO Successfully retrieved AEE data
2023-05-08 08:46:21,563 root INFO Successfully retrieved AEP data
2023-05-08 08:46:21,735 root INFO Successfully retrieved AES data
2023-05-08 08:46:21,897 root INFO Successfully retrieved AFL data
2023-05-08 08:46:22,068 root INFO Successfully retrieved AIG data
2023-05-08 08:46:22,254 root INFO Successfully retrieved AIZ data
2023-05-08 08:46:22,401 root INFO Successfully retrieved AJG data
2023-05-08 08:46:22,539 root INFO Successfully retrieved AKAM data
2023-05-08 08:46:22,673 root INFO Successfully retrieved ALB data
2023-05-08 08:46:22,818 root INFO Successfully retrieved ALGN data
2023-05-08 08:46:22,971 root INFO Successfully retrieved ALK data
2023-05-08 08:46:23,141 root INFO Successfully retrieved ALL data
2023-05-08 08:46:23,289 root INFO Successfully retrieved ALLE data
2023-05-08 08:46:23,440 root INFO Successfully retrieved AMAT data
2023-05-08 08:46:23,574 root INFO Successfully retrieved AMCR data
2023-05-08 08:46:23,713 root INFO Successfully retrieved AMD data
2023-05-08 08:46:23,871 root INFO Successfully retrieved AME data
2023-05-08 08:46:23,991 root INFO Successfully retrieved AMGN data
2023-05-08 08:46:24,147 root INFO Successfully retrieved AMP data
2023-05-08 08:46:24,291 root INFO Successfully retrieved AMT data
2023-05-08 08:46:24,404 root INFO Successfully retrieved AMZN data
2023-05-08 08:46:24,529 root INFO Successfully retrieved ANET data
2023-05-08 08:46:24,651 root INFO Successfully retrieved ANSS data
2023-05-08 08:46:24,827 root INFO Successfully retrieved AON data
2023-05-08 08:46:25,002 root INFO Successfully retrieved AOS data
2023-05-08 08:46:25,258 root INFO Successfully retrieved APA data
2023-05-08 08:46:25,423 root INFO Successfully retrieved APD data
2023-05-08 08:46:25,589 root INFO Successfully retrieved APH data
2023-05-08 08:46:25,708 root INFO Successfully retrieved APTV data
2023-05-08 08:46:25,895 root INFO Successfully retrieved ARE data
2023-05-08 08:46:26,050 root INFO Successfully retrieved ATO data
2023-05-08 08:46:26,169 root INFO Successfully retrieved ATVI data
2023-05-08 08:46:26,316 root INFO Successfully retrieved AVB data
2023-05-08 08:46:26,450 root INFO Successfully retrieved AVGO data
2023-05-08 08:46:26,667 root INFO Successfully retrieved AVY data
2023-05-08 08:46:26,809 root INFO Successfully retrieved AWK data
2023-05-08 08:46:27,017 root INFO Successfully retrieved AXON data
2023-05-08 08:46:27,177 root INFO Successfully retrieved AXP data
2023-05-08 08:46:27,302 root INFO Successfully retrieved AZO data
2023-05-08 08:46:27,527 root INFO Successfully retrieved BA data
2023-05-08 08:46:27,707 root INFO Successfully retrieved BAC data
2023-05-08 08:46:27,859 root INFO Successfully retrieved BALL data
2023-05-08 08:46:28,036 root INFO Successfully retrieved BAX data
2023-05-08 08:46:28,207 root INFO Successfully retrieved BBWI data
2023-05-08 08:46:28,336 root INFO Successfully retrieved BBY data
2023-05-08 08:46:28,493 root INFO Successfully retrieved BDX data
2023-05-08 08:46:28,677 root INFO Successfully retrieved BEN data
2023-05-08 08:46:28,847 root INFO Successfully retrieved BF-B data
2023-05-08 08:46:28,978 root INFO Successfully retrieved BG data
2023-05-08 08:46:29,109 root INFO Successfully retrieved BIIB data
2023-05-08 08:46:29,223 root INFO Successfully retrieved BIO data
2023-05-08 08:46:29,380 root INFO Successfully retrieved BK data
2023-05-08 08:46:29,504 root INFO Successfully retrieved BKNG data
2023-05-08 08:46:29,667 root INFO Successfully retrieved BKR data
2023-05-08 08:46:29,803 root INFO Successfully retrieved BLK data
2023-05-08 08:46:29,991 root INFO Successfully retrieved BMY data
2023-05-08 08:46:30,127 root INFO Successfully retrieved BR data
2023-05-08 08:46:30,249 root INFO Successfully retrieved BRK-B data
2023-05-08 08:46:30,446 root INFO Successfully retrieved BRO data
2023-05-08 08:46:30,564 root INFO Successfully retrieved BSX data
2023-05-08 08:46:30,713 root INFO Successfully retrieved BWA data
2023-05-08 08:46:30,869 root INFO Successfully retrieved BXP data
2023-05-08 08:46:31,049 root INFO Successfully retrieved C data
2023-05-08 08:46:31,197 root INFO Successfully retrieved CAG data
2023-05-08 08:46:31,370 root INFO Successfully retrieved CAH data
2023-05-08 08:46:31,510 root INFO Successfully retrieved CARR data
2023-05-08 08:46:31,713 root INFO Successfully retrieved CAT data
2023-05-08 08:46:31,936 root INFO Successfully retrieved CB data
2023-05-08 08:46:32,071 root INFO Successfully retrieved CBOE data
2023-05-08 08:46:32,187 root INFO Successfully retrieved CBRE data
2023-05-08 08:46:32,336 root INFO Successfully retrieved CCI data
2023-05-08 08:46:32,513 root INFO Successfully retrieved CCL data
2023-05-08 08:46:32,646 root INFO Successfully retrieved CDAY data
2023-05-08 08:46:32,799 root INFO Successfully retrieved CDNS data
2023-05-08 08:46:32,939 root INFO Successfully retrieved CDW data
2023-05-08 08:46:33,107 root INFO Successfully retrieved CE data
2023-05-08 08:46:33,228 root INFO Successfully retrieved CEG data
2023-05-08 08:46:33,371 root INFO Successfully retrieved CF data
2023-05-08 08:46:33,516 root INFO Successfully retrieved CFG data
2023-05-08 08:46:33,682 root INFO Successfully retrieved CHD data
2023-05-08 08:46:33,832 root INFO Successfully retrieved CHRW data
2023-05-08 08:46:33,979 root INFO Successfully retrieved CHTR data
2023-05-08 08:46:34,116 root INFO Successfully retrieved CI data
2023-05-08 08:46:34,275 root INFO Successfully retrieved CINF data
2023-05-08 08:46:34,446 root INFO Successfully retrieved CL data
2023-05-08 08:46:34,606 root INFO Successfully retrieved CLX data
2023-05-08 08:46:34,768 root INFO Successfully retrieved CMA data
2023-05-08 08:46:34,920 root INFO Successfully retrieved CMCSA data
2023-05-08 08:46:35,076 root INFO Successfully retrieved CME data
2023-05-08 08:46:35,193 root INFO Successfully retrieved CMG data
2023-05-08 08:46:35,381 root INFO Successfully retrieved CMI data
2023-05-08 08:46:35,580 root INFO Successfully retrieved CMS data
2023-05-08 08:46:35,735 root INFO Successfully retrieved CNC data
2023-05-08 08:46:35,957 root INFO Successfully retrieved CNP data
2023-05-08 08:46:36,110 root INFO Successfully retrieved COF data
2023-05-08 08:46:36,293 root INFO Successfully retrieved COO data
2023-05-08 08:46:36,449 root INFO Successfully retrieved COP data
2023-05-08 08:46:36,615 root INFO Successfully retrieved COST data
2023-05-08 08:46:36,779 root INFO Successfully retrieved CPB data
2023-05-08 08:46:36,897 root INFO Successfully retrieved CPRT data
2023-05-08 08:46:37,046 root INFO Successfully retrieved CPT data
2023-05-08 08:46:37,158 root INFO Successfully retrieved CRL data
2023-05-08 08:46:37,269 root INFO Successfully retrieved CRM data
2023-05-08 08:46:37,419 root INFO Successfully retrieved CSCO data
2023-05-08 08:46:37,565 root INFO Successfully retrieved CSGP data
2023-05-08 08:46:37,734 root INFO Successfully retrieved CSX data
2023-05-08 08:46:37,881 root INFO Successfully retrieved CTAS data
2023-05-08 08:46:37,996 root INFO Successfully retrieved CTLT data
2023-05-08 08:46:38,149 root INFO Successfully retrieved CTRA data
2023-05-08 08:46:38,308 root INFO Successfully retrieved CTSH data
2023-05-08 08:46:38,432 root INFO Successfully retrieved CTVA data
2023-05-08 08:46:38,620 root INFO Successfully retrieved CVS data
2023-05-08 08:46:38,814 root INFO Successfully retrieved CVX data
2023-05-08 08:46:38,940 root INFO Successfully retrieved CZR data
2023-05-08 08:46:39,116 root INFO Successfully retrieved D data
2023-05-08 08:46:39,238 root INFO Successfully retrieved DAL data
2023-05-08 08:46:39,401 root INFO Successfully retrieved DD data
2023-05-08 08:46:39,601 root INFO Successfully retrieved DE data
2023-05-08 08:46:39,781 root INFO Successfully retrieved DFS data
2023-05-08 08:46:39,916 root INFO Successfully retrieved DG data
2023-05-08 08:46:40,060 root INFO Successfully retrieved DGX data
2023-05-08 08:46:40,225 root INFO Successfully retrieved DHI data
2023-05-08 08:46:40,404 root INFO Successfully retrieved DHR data
2023-05-08 08:46:40,626 root INFO Successfully retrieved DIS data
2023-05-08 08:46:40,757 root INFO Successfully retrieved DISH data
2023-05-08 08:46:40,888 root INFO Successfully retrieved DLR data
2023-05-08 08:46:41,004 root INFO Successfully retrieved DLTR data
2023-05-08 08:46:41,173 root INFO Successfully retrieved DOV data
2023-05-08 08:46:41,289 root INFO Successfully retrieved DOW data
2023-05-08 08:46:41,420 root INFO Successfully retrieved DPZ data
2023-05-08 08:46:41,558 root INFO Successfully retrieved DRI data
2023-05-08 08:46:41,760 root INFO Successfully retrieved DTE data
2023-05-08 08:46:41,925 root INFO Successfully retrieved DUK data
2023-05-08 08:46:42,040 root INFO Successfully retrieved DVA data
2023-05-08 08:46:42,205 root INFO Successfully retrieved DVN data
2023-05-08 08:46:42,368 root INFO Successfully retrieved DXC data
2023-05-08 08:46:42,484 root INFO Successfully retrieved DXCM data
2023-05-08 08:46:42,622 root INFO Successfully retrieved EA data
2023-05-08 08:46:42,755 root INFO Successfully retrieved EBAY data
2023-05-08 08:46:42,925 root INFO Successfully retrieved ECL data
2023-05-08 08:46:43,110 root INFO Successfully retrieved ED data
2023-05-08 08:46:43,264 root INFO Successfully retrieved EFX data
2023-05-08 08:46:43,475 root INFO Successfully retrieved EIX data
2023-05-08 08:46:43,627 root INFO Successfully retrieved EL data
2023-05-08 08:46:43,762 root INFO Successfully retrieved ELV data
2023-05-08 08:46:43,917 root INFO Successfully retrieved EMN data
2023-05-08 08:46:44,091 root INFO Successfully retrieved EMR data
2023-05-08 08:46:44,207 root INFO Successfully retrieved ENPH data
2023-05-08 08:46:44,359 root INFO Successfully retrieved EOG data
2023-05-08 08:46:44,490 root INFO Successfully retrieved EPAM data
2023-05-08 08:46:44,644 root INFO Successfully retrieved EQIX data
2023-05-08 08:46:44,808 root INFO Successfully retrieved EQR data
2023-05-08 08:46:44,981 root INFO Successfully retrieved EQT data
2023-05-08 08:46:45,165 root INFO Successfully retrieved ES data
2023-05-08 08:46:45,336 root INFO Successfully retrieved ESS data
2023-05-08 08:46:45,553 root INFO Successfully retrieved ETN data
2023-05-08 08:46:45,759 root INFO Successfully retrieved ETR data
2023-05-08 08:46:45,933 root INFO Successfully retrieved ETSY data
2023-05-08 08:46:46,141 root INFO Successfully retrieved EVRG data
2023-05-08 08:46:46,254 root INFO Successfully retrieved EW data
2023-05-08 08:46:46,425 root INFO Successfully retrieved EXC data
2023-05-08 08:46:46,569 root INFO Successfully retrieved EXPD data
2023-05-08 08:46:46,704 root INFO Successfully retrieved EXPE data
2023-05-08 08:46:46,842 root INFO Successfully retrieved EXR data
2023-05-08 08:46:47,037 root INFO Successfully retrieved F data
2023-05-08 08:46:47,159 root INFO Successfully retrieved FANG data
2023-05-08 08:46:47,306 root INFO Successfully retrieved FAST data
2023-05-08 08:46:47,505 root INFO Successfully retrieved FCX data
2023-05-08 08:46:47,667 root INFO Successfully retrieved FDS data
2023-05-08 08:46:47,824 root INFO Successfully retrieved FDX data
2023-05-08 08:46:47,979 root INFO Successfully retrieved FE data
2023-05-08 08:46:48,093 root INFO Successfully retrieved FFIV data
2023-05-08 08:46:48,261 root INFO Successfully retrieved FICO data
2023-05-08 08:46:48,436 root INFO Successfully retrieved FIS data
2023-05-08 08:46:48,563 root INFO Successfully retrieved FISV data
2023-05-08 08:46:48,736 root INFO Successfully retrieved FITB data
2023-05-08 08:46:48,884 root INFO Successfully retrieved FLT data
2023-05-08 08:46:49,051 root INFO Successfully retrieved FMC data
2023-05-08 08:46:49,193 root INFO Successfully retrieved FOX data
2023-05-08 08:46:49,326 root INFO Successfully retrieved FOXA data
2023-05-08 08:46:49,491 root INFO Successfully retrieved FRT data
2023-05-08 08:46:49,631 root INFO Successfully retrieved FSLR data
2023-05-08 08:46:49,774 root INFO Successfully retrieved FTNT data
2023-05-08 08:46:49,901 root INFO Successfully retrieved FTV data
2023-05-08 08:46:50,108 root INFO Successfully retrieved GD data
2023-05-08 08:46:50,307 root INFO Successfully retrieved GE data
2023-05-08 08:46:50,430 root INFO Successfully retrieved GEHC data
2023-05-08 08:46:50,582 root INFO Successfully retrieved GEN data
2023-05-08 08:46:50,753 root INFO Successfully retrieved GILD data
2023-05-08 08:46:50,931 root INFO Successfully retrieved GIS data
2023-05-08 08:46:51,081 root INFO Successfully retrieved GL data
2023-05-08 08:46:51,306 root INFO Successfully retrieved GLW data
2023-05-08 08:46:51,448 root INFO Successfully retrieved GM data
2023-05-08 08:46:51,598 root INFO Successfully retrieved GNRC data
2023-05-08 08:46:51,715 root INFO Successfully retrieved GOOG data
2023-05-08 08:46:51,864 root INFO Successfully retrieved GOOGL data
2023-05-08 08:46:52,043 root INFO Successfully retrieved GPC data
2023-05-08 08:46:52,202 root INFO Successfully retrieved GPN data
2023-05-08 08:46:52,335 root INFO Successfully retrieved GRMN data
2023-05-08 08:46:52,466 root INFO Successfully retrieved GS data
2023-05-08 08:46:52,665 root INFO Successfully retrieved GWW data
2023-05-08 08:46:52,832 root INFO Successfully retrieved HAL data
2023-05-08 08:46:53,016 root INFO Successfully retrieved HAS data
2023-05-08 08:46:53,214 root INFO Successfully retrieved HBAN data
2023-05-08 08:46:53,363 root INFO Successfully retrieved HCA data
2023-05-08 08:46:53,507 root INFO Successfully retrieved HD data
2023-05-08 08:46:53,701 root INFO Successfully retrieved HES data
2023-05-08 08:46:53,891 root INFO Successfully retrieved HIG data
2023-05-08 08:46:54,007 root INFO Successfully retrieved HII data
2023-05-08 08:46:54,160 root INFO Successfully retrieved HLT data
2023-05-08 08:46:54,293 root INFO Successfully retrieved HOLX data
2023-05-08 08:46:54,500 root INFO Successfully retrieved HON data
2023-05-08 08:46:54,630 root INFO Successfully retrieved HPE data
2023-05-08 08:46:54,855 root INFO Successfully retrieved HPQ data
2023-05-08 08:46:55,019 root INFO Successfully retrieved HRL data
2023-05-08 08:46:55,151 root INFO Successfully retrieved HSIC data
2023-05-08 08:46:55,336 root INFO Successfully retrieved HST data
2023-05-08 08:46:55,508 root INFO Successfully retrieved HSY data
2023-05-08 08:46:55,684 root INFO Successfully retrieved HUM data
2023-05-08 08:46:55,819 root INFO Successfully retrieved HWM data
2023-05-08 08:46:56,035 root INFO Successfully retrieved IBM data
2023-05-08 08:46:56,179 root INFO Successfully retrieved ICE data
2023-05-08 08:46:56,291 root INFO Successfully retrieved IDXX data
2023-05-08 08:46:56,472 root INFO Successfully retrieved IEX data
2023-05-08 08:46:56,667 root INFO Successfully retrieved IFF data
2023-05-08 08:46:56,802 root INFO Successfully retrieved ILMN data
2023-05-08 08:46:56,921 root INFO Successfully retrieved INCY data
2023-05-08 08:46:57,156 root INFO Successfully retrieved INTC data
2023-05-08 08:46:57,299 root INFO Successfully retrieved INTU data
2023-05-08 08:46:57,424 root INFO Successfully retrieved INVH data
2023-05-08 08:46:57,633 root INFO Successfully retrieved IP data
2023-05-08 08:46:57,854 root INFO Successfully retrieved IPG data
2023-05-08 08:46:57,971 root INFO Successfully retrieved IQV data
2023-05-08 08:46:58,104 root INFO Successfully retrieved IR data
2023-05-08 08:46:58,242 root INFO Successfully retrieved IRM data
2023-05-08 08:46:58,359 root INFO Successfully retrieved ISRG data
2023-05-08 08:46:58,501 root INFO Successfully retrieved IT data
2023-05-08 08:46:58,650 root INFO Successfully retrieved ITW data
2023-05-08 08:46:58,788 root INFO Successfully retrieved IVZ data
2023-05-08 08:46:58,951 root INFO Successfully retrieved J data
2023-05-08 08:46:59,110 root INFO Successfully retrieved JBHT data
2023-05-08 08:46:59,263 root INFO Successfully retrieved JCI data
2023-05-08 08:46:59,425 root INFO Successfully retrieved JKHY data
2023-05-08 08:46:59,616 root INFO Successfully retrieved JNJ data
2023-05-08 08:46:59,741 root INFO Successfully retrieved JNPR data
2023-05-08 08:46:59,915 root INFO Successfully retrieved JPM data
2023-05-08 08:47:00,081 root INFO Successfully retrieved K data
2023-05-08 08:47:00,231 root INFO Successfully retrieved KDP data
2023-05-08 08:47:00,392 root INFO Successfully retrieved KEY data
2023-05-08 08:47:00,539 root INFO Successfully retrieved KEYS data
2023-05-08 08:47:00,697 root INFO Successfully retrieved KHC data
2023-05-08 08:47:00,877 root INFO Successfully retrieved KIM data
2023-05-08 08:47:01,047 root INFO Successfully retrieved KLAC data
2023-05-08 08:47:01,220 root INFO Successfully retrieved KMB data
2023-05-08 08:47:01,382 root INFO Successfully retrieved KMI data
2023-05-08 08:47:01,509 root INFO Successfully retrieved KMX data
2023-05-08 08:47:01,701 root INFO Successfully retrieved KO data
2023-05-08 08:47:01,910 root INFO Successfully retrieved KR data
2023-05-08 08:47:02,092 root INFO Successfully retrieved L data
2023-05-08 08:47:02,217 root INFO Successfully retrieved LDOS data
2023-05-08 08:47:02,407 root INFO Successfully retrieved LEN data
2023-05-08 08:47:02,574 root INFO Successfully retrieved LH data
2023-05-08 08:47:02,744 root INFO Successfully retrieved LHX data
2023-05-08 08:47:02,878 root INFO Successfully retrieved LIN data
2023-05-08 08:47:03,007 root INFO Successfully retrieved LKQ data
2023-05-08 08:47:03,259 root INFO Successfully retrieved LLY data
2023-05-08 08:47:03,436 root INFO Successfully retrieved LMT data
2023-05-08 08:47:03,616 root INFO Successfully retrieved LNC data
2023-05-08 08:47:03,787 root INFO Successfully retrieved LNT data
2023-05-08 08:47:03,936 root INFO Successfully retrieved LOW data
2023-05-08 08:47:04,066 root INFO Successfully retrieved LRCX data
2023-05-08 08:47:04,273 root INFO Successfully retrieved LUV data
2023-05-08 08:47:04,410 root INFO Successfully retrieved LVS data
2023-05-08 08:47:04,591 root INFO Successfully retrieved LW data
2023-05-08 08:47:04,727 root INFO Successfully retrieved LYB data
2023-05-08 08:47:04,869 root INFO Successfully retrieved LYV data
2023-05-08 08:47:05,034 root INFO Successfully retrieved MA data
2023-05-08 08:47:05,239 root INFO Successfully retrieved MAA data
2023-05-08 08:47:05,376 root INFO Successfully retrieved MAR data
2023-05-08 08:47:05,534 root INFO Successfully retrieved MAS data
2023-05-08 08:47:05,742 root INFO Successfully retrieved MCD data
2023-05-08 08:47:05,893 root INFO Successfully retrieved MCHP data
2023-05-08 08:47:06,045 root INFO Successfully retrieved MCK data
2023-05-08 08:47:06,206 root INFO Successfully retrieved MCO data
2023-05-08 08:47:06,365 root INFO Successfully retrieved MDLZ data
2023-05-08 08:47:06,528 root INFO Successfully retrieved MDT data
2023-05-08 08:47:06,676 root INFO Successfully retrieved MET data
2023-05-08 08:47:06,798 root INFO Successfully retrieved META data
2023-05-08 08:47:06,932 root INFO Successfully retrieved MGM data
2023-05-08 08:47:07,095 root INFO Successfully retrieved MHK data
2023-05-08 08:47:07,293 root INFO Successfully retrieved MKC data
2023-05-08 08:47:07,452 root INFO Successfully retrieved MKTX data
2023-05-08 08:47:07,595 root INFO Successfully retrieved MLM data
2023-05-08 08:47:07,770 root INFO Successfully retrieved MMC data
2023-05-08 08:47:07,945 root INFO Successfully retrieved MMM data
2023-05-08 08:47:08,062 root INFO Successfully retrieved MNST data
2023-05-08 08:47:08,278 root INFO Successfully retrieved MO data
2023-05-08 08:47:08,440 root INFO Successfully retrieved MOH data
2023-05-08 08:47:08,600 root INFO Successfully retrieved MOS data
2023-05-08 08:47:08,766 root INFO Successfully retrieved MPC data
2023-05-08 08:47:08,908 root INFO Successfully retrieved MPWR data
2023-05-08 08:47:09,141 root INFO Successfully retrieved MRK data
2023-05-08 08:47:09,262 root INFO Successfully retrieved MRNA data
2023-05-08 08:47:09,459 root INFO Successfully retrieved MRO data
2023-05-08 08:47:09,637 root INFO Successfully retrieved MS data
2023-05-08 08:47:09,760 root INFO Successfully retrieved MSCI data
2023-05-08 08:47:09,882 root INFO Successfully retrieved MSFT data
2023-05-08 08:47:10,098 root INFO Successfully retrieved MSI data
2023-05-08 08:47:10,260 root INFO Successfully retrieved MTB data
2023-05-08 08:47:10,385 root INFO Successfully retrieved MTCH data
2023-05-08 08:47:10,497 root INFO Successfully retrieved MTD data
2023-05-08 08:47:10,647 root INFO Successfully retrieved MU data
2023-05-08 08:47:10,774 root INFO Successfully retrieved NCLH data
2023-05-08 08:47:10,913 root INFO Successfully retrieved NDAQ data
2023-05-08 08:47:11,077 root INFO Successfully retrieved NDSN data
2023-05-08 08:47:11,258 root INFO Successfully retrieved NEE data
2023-05-08 08:47:11,497 root INFO Successfully retrieved NEM data
2023-05-08 08:47:11,629 root INFO Successfully retrieved NFLX data
2023-05-08 08:47:11,794 root INFO Successfully retrieved NI data
2023-05-08 08:47:11,961 root INFO Successfully retrieved NKE data
2023-05-08 08:47:12,150 root INFO Successfully retrieved NOC data
2023-05-08 08:47:12,273 root INFO Successfully retrieved NOW data
2023-05-08 08:47:12,411 root INFO Successfully retrieved NRG data
2023-05-08 08:47:12,656 root INFO Successfully retrieved NSC data
2023-05-08 08:47:12,796 root INFO Successfully retrieved NTAP data
2023-05-08 08:47:12,930 root INFO Successfully retrieved NTRS data
2023-05-08 08:47:13,111 root INFO Successfully retrieved NUE data
2023-05-08 08:47:13,254 root INFO Successfully retrieved NVDA data
2023-05-08 08:47:13,377 root INFO Successfully retrieved NVR data
2023-05-08 08:47:13,519 root INFO Successfully retrieved NWL data
2023-05-08 08:47:13,674 root INFO Successfully retrieved NWS data
2023-05-08 08:47:13,829 root INFO Successfully retrieved NWSA data
2023-05-08 08:47:13,971 root INFO Successfully retrieved NXPI data
2023-05-08 08:47:14,134 root INFO Successfully retrieved O data
2023-05-08 08:47:14,253 root INFO Successfully retrieved ODFL data
2023-05-08 08:47:14,369 root INFO Successfully retrieved OGN data
2023-05-08 08:47:14,576 root INFO Successfully retrieved OKE data
2023-05-08 08:47:14,732 root INFO Successfully retrieved OMC data
2023-05-08 08:47:14,851 root INFO Successfully retrieved ON data
2023-05-08 08:47:14,991 root INFO Successfully retrieved ORCL data
2023-05-08 08:47:15,121 root INFO Successfully retrieved ORLY data
2023-05-08 08:47:15,261 root INFO Successfully retrieved OTIS data
2023-05-08 08:47:15,439 root INFO Successfully retrieved OXY data
2023-05-08 08:47:15,581 root INFO Successfully retrieved PARA data
2023-05-08 08:47:15,700 root INFO Successfully retrieved PAYC data
2023-05-08 08:47:15,868 root INFO Successfully retrieved PAYX data
2023-05-08 08:47:16,030 root INFO Successfully retrieved PCAR data
2023-05-08 08:47:16,185 root INFO Successfully retrieved PCG data
2023-05-08 08:47:16,375 root INFO Successfully retrieved PEAK data
2023-05-08 08:47:16,584 root INFO Successfully retrieved PEG data
2023-05-08 08:47:16,768 root INFO Successfully retrieved PEP data
2023-05-08 08:47:16,965 root INFO Successfully retrieved PFE data
2023-05-08 08:47:17,101 root INFO Successfully retrieved PFG data
2023-05-08 08:47:17,283 root INFO Successfully retrieved PG data
2023-05-08 08:47:17,441 root INFO Successfully retrieved PGR data
2023-05-08 08:47:17,605 root INFO Successfully retrieved PH data
2023-05-08 08:47:17,768 root INFO Successfully retrieved PHM data
2023-05-08 08:47:17,906 root INFO Successfully retrieved PKG data
2023-05-08 08:47:18,076 root INFO Successfully retrieved PKI data
2023-05-08 08:47:18,207 root INFO Successfully retrieved PLD data
2023-05-08 08:47:18,338 root INFO Successfully retrieved PM data
2023-05-08 08:47:18,492 root INFO Successfully retrieved PNC data
2023-05-08 08:47:18,654 root INFO Successfully retrieved PNR data
2023-05-08 08:47:18,851 root INFO Successfully retrieved PNW data
2023-05-08 08:47:18,991 root INFO Successfully retrieved PODD data
2023-05-08 08:47:19,124 root INFO Successfully retrieved POOL data
2023-05-08 08:47:19,310 root INFO Successfully retrieved PPG data
2023-05-08 08:47:19,455 root INFO Successfully retrieved PPL data
2023-05-08 08:47:19,607 root INFO Successfully retrieved PRU data
2023-05-08 08:47:19,772 root INFO Successfully retrieved PSA data
2023-05-08 08:47:19,904 root INFO Successfully retrieved PSX data
2023-05-08 08:47:20,016 root INFO Successfully retrieved PTC data
2023-05-08 08:47:20,127 root INFO Successfully retrieved PWR data
2023-05-08 08:47:20,323 root INFO Successfully retrieved PXD data
2023-05-08 08:47:20,445 root INFO Successfully retrieved PYPL data
2023-05-08 08:47:20,577 root INFO Successfully retrieved QCOM data
2023-05-08 08:47:20,696 root INFO Successfully retrieved QRVO data
2023-05-08 08:47:20,824 root INFO Successfully retrieved RCL data
2023-05-08 08:47:21,009 root INFO Successfully retrieved RE data
2023-05-08 08:47:21,168 root INFO Successfully retrieved REG data
2023-05-08 08:47:21,284 root INFO Successfully retrieved REGN data
2023-05-08 08:47:21,431 root INFO Successfully retrieved RF data
2023-05-08 08:47:21,590 root INFO Successfully retrieved RHI data
2023-05-08 08:47:21,755 root INFO Successfully retrieved RJF data
2023-05-08 08:47:21,898 root INFO Successfully retrieved RL data
2023-05-08 08:47:22,033 root INFO Successfully retrieved RMD data
2023-05-08 08:47:22,195 root INFO Successfully retrieved ROK data
2023-05-08 08:47:22,431 root INFO Successfully retrieved ROL data
2023-05-08 08:47:22,584 root INFO Successfully retrieved ROP data
2023-05-08 08:47:22,731 root INFO Successfully retrieved ROST data
2023-05-08 08:47:22,886 root INFO Successfully retrieved RSG data
2023-05-08 08:47:23,090 root INFO Successfully retrieved RTX data
2023-05-08 08:47:23,211 root INFO Successfully retrieved SBAC data
2023-05-08 08:47:23,343 root INFO Successfully retrieved SBUX data
2023-05-08 08:47:23,520 root INFO Successfully retrieved SCHW data
2023-05-08 08:47:23,658 root INFO Successfully retrieved SEDG data
2023-05-08 08:47:23,820 root INFO Successfully retrieved SEE data
2023-05-08 08:47:23,990 root INFO Successfully retrieved SHW data
2023-05-08 08:47:24,136 root INFO Successfully retrieved SJM data
2023-05-08 08:47:24,306 root INFO Successfully retrieved SLB data
2023-05-08 08:47:24,475 root INFO Successfully retrieved SNA data
2023-05-08 08:47:24,592 root INFO Successfully retrieved SNPS data
2023-05-08 08:47:24,773 root INFO Successfully retrieved SO data
2023-05-08 08:47:24,918 root INFO Successfully retrieved SPG data
2023-05-08 08:47:25,089 root INFO Successfully retrieved SPGI data
2023-05-08 08:47:25,243 root INFO Successfully retrieved SRE data
2023-05-08 08:47:25,374 root INFO Successfully retrieved STE data
2023-05-08 08:47:25,512 root INFO Successfully retrieved STLD data
2023-05-08 08:47:25,659 root INFO Successfully retrieved STT data
2023-05-08 08:47:25,795 root INFO Successfully retrieved STX data
2023-05-08 08:47:25,928 root INFO Successfully retrieved STZ data
2023-05-08 08:47:26,082 root INFO Successfully retrieved SWK data
2023-05-08 08:47:26,198 root INFO Successfully retrieved SWKS data
2023-05-08 08:47:26,386 root INFO Successfully retrieved SYF data
2023-05-08 08:47:26,527 root INFO Successfully retrieved SYK data
2023-05-08 08:47:26,743 root INFO Successfully retrieved SYY data
2023-05-08 08:47:26,922 root INFO Successfully retrieved T data
2023-05-08 08:47:27,111 root INFO Successfully retrieved TAP data
2023-05-08 08:47:27,227 root INFO Successfully retrieved TDG data
2023-05-08 08:47:27,349 root INFO Successfully retrieved TDY data
2023-05-08 08:47:27,481 root INFO Successfully retrieved TECH data
2023-05-08 08:47:27,612 root INFO Successfully retrieved TEL data
2023-05-08 08:47:27,733 root INFO Successfully retrieved TER data
2023-05-08 08:47:27,915 root INFO Successfully retrieved TFC data
2023-05-08 08:47:28,086 root INFO Successfully retrieved TFX data
2023-05-08 08:47:28,259 root INFO Successfully retrieved TGT data
2023-05-08 08:47:28,441 root INFO Successfully retrieved TJX data
2023-05-08 08:47:28,601 root INFO Successfully retrieved TMO data
2023-05-08 08:47:28,735 root INFO Successfully retrieved TMUS data
2023-05-08 08:47:28,888 root INFO Successfully retrieved TPR data
2023-05-08 08:47:29,025 root INFO Successfully retrieved TRGP data
2023-05-08 08:47:29,159 root INFO Successfully retrieved TRMB data
2023-05-08 08:47:29,334 root INFO Successfully retrieved TROW data
2023-05-08 08:47:29,518 root INFO Successfully retrieved TRV data
2023-05-08 08:47:29,666 root INFO Successfully retrieved TSCO data
2023-05-08 08:47:29,825 root INFO Successfully retrieved TSLA data
2023-05-08 08:47:30,020 root INFO Successfully retrieved TSN data
2023-05-08 08:47:30,186 root INFO Successfully retrieved TT data
2023-05-08 08:47:30,335 root INFO Successfully retrieved TTWO data
2023-05-08 08:47:30,537 root INFO Successfully retrieved TXN data
2023-05-08 08:47:30,745 root INFO Successfully retrieved TXT data
2023-05-08 08:47:30,906 root INFO Successfully retrieved TYL data
2023-05-08 08:47:31,060 root INFO Successfully retrieved UAL data
2023-05-08 08:47:31,218 root INFO Successfully retrieved UDR data
2023-05-08 08:47:31,407 root INFO Successfully retrieved UHS data
2023-05-08 08:47:31,532 root INFO Successfully retrieved ULTA data
2023-05-08 08:47:31,691 root INFO Successfully retrieved UNH data
2023-05-08 08:47:31,887 root INFO Successfully retrieved UNP data
2023-05-08 08:47:32,015 root INFO Successfully retrieved UPS data
2023-05-08 08:47:32,165 root INFO Successfully retrieved URI data
2023-05-08 08:47:32,332 root INFO Successfully retrieved USB data
2023-05-08 08:47:32,465 root INFO Successfully retrieved V data
2023-05-08 08:47:32,646 root INFO Successfully retrieved VFC data
2023-05-08 08:47:32,785 root INFO Successfully retrieved VICI data
2023-05-08 08:47:32,949 root INFO Successfully retrieved VLO data
2023-05-08 08:47:33,153 root INFO Successfully retrieved VMC data
2023-05-08 08:47:33,265 root INFO Successfully retrieved VRSK data
2023-05-08 08:47:33,400 root INFO Successfully retrieved VRSN data
2023-05-08 08:47:33,518 root INFO Successfully retrieved VRTX data
2023-05-08 08:47:33,661 root INFO Successfully retrieved VTR data
2023-05-08 08:47:33,833 root INFO Successfully retrieved VTRS data
2023-05-08 08:47:34,000 root INFO Successfully retrieved VZ data
2023-05-08 08:47:34,150 root INFO Successfully retrieved WAB data
2023-05-08 08:47:34,268 root INFO Successfully retrieved WAT data
2023-05-08 08:47:34,419 root INFO Successfully retrieved WBA data
2023-05-08 08:47:34,534 root INFO Successfully retrieved WBD data
2023-05-08 08:47:34,666 root INFO Successfully retrieved WDC data
2023-05-08 08:47:34,801 root INFO Successfully retrieved WEC data
2023-05-08 08:47:34,975 root INFO Successfully retrieved WELL data
2023-05-08 08:47:35,223 root INFO Successfully retrieved WFC data
2023-05-08 08:47:35,391 root INFO Successfully retrieved WHR data
2023-05-08 08:47:35,535 root INFO Successfully retrieved WM data
2023-05-08 08:47:35,701 root INFO Successfully retrieved WMB data
2023-05-08 08:47:35,891 root INFO Successfully retrieved WMT data
2023-05-08 08:47:36,063 root INFO Successfully retrieved WRB data
2023-05-08 08:47:36,201 root INFO Successfully retrieved WRK data
2023-05-08 08:47:36,416 root INFO Successfully retrieved WST data
2023-05-08 08:47:36,537 root INFO Successfully retrieved WTW data
2023-05-08 08:47:36,706 root INFO Successfully retrieved WY data
2023-05-08 08:47:36,854 root INFO Successfully retrieved WYNN data
2023-05-08 08:47:37,050 root INFO Successfully retrieved XEL data
2023-05-08 08:47:37,229 root INFO Successfully retrieved XOM data
2023-05-08 08:47:37,394 root INFO Successfully retrieved XRAY data
2023-05-08 08:47:37,514 root INFO Successfully retrieved XYL data
2023-05-08 08:47:37,634 root INFO Successfully retrieved YUM data
2023-05-08 08:47:37,802 root INFO Successfully retrieved ZBH data
2023-05-08 08:47:37,917 root INFO Successfully retrieved ZBRA data
2023-05-08 08:47:38,105 root INFO Successfully retrieved ZION data
2023-05-08 08:47:38,241 root INFO Successfully retrieved ZTS data
