2023-07-07 10:16:51,702 root INFO Successfully retrieved A data
2023-07-07 10:16:51,823 root INFO Successfully retrieved AAL data
2023-07-07 10:16:51,978 root INFO Successfully retrieved AAP data
2023-07-07 10:16:52,156 root INFO Successfully retrieved AAPL data
2023-07-07 10:16:52,315 root INFO Successfully retrieved ABBV data
2023-07-07 10:16:52,470 root INFO Successfully retrieved ABC data
2023-07-07 10:16:52,683 root INFO Successfully retrieved ABT data
2023-07-07 10:16:52,813 root INFO Successfully retrieved ACGL data
2023-07-07 10:16:52,968 root INFO Successfully retrieved ACN data
2023-07-07 10:16:53,152 root INFO Successfully retrieved ADBE data
2023-07-07 10:16:53,303 root INFO Successfully retrieved ADI data
2023-07-07 10:16:53,460 root INFO Successfully retrieved ADM data
2023-07-07 10:16:53,664 root INFO Successfully retrieved ADP data
2023-07-07 10:16:53,819 root INFO Successfully retrieved ADSK data
2023-07-07 10:16:53,975 root INFO Successfully retrieved AEE data
2023-07-07 10:16:54,186 root INFO Successfully retrieved AEP data
2023-07-07 10:16:54,390 root INFO Successfully retrieved AES data
2023-07-07 10:16:54,585 root INFO Successfully retrieved AFL data
2023-07-07 10:16:54,766 root INFO Successfully retrieved AIG data
2023-07-07 10:16:54,936 root INFO Successfully retrieved AIZ data
2023-07-07 10:16:55,120 root INFO Successfully retrieved AJG data
2023-07-07 10:16:55,249 root INFO Successfully retrieved AKAM data
2023-07-07 10:16:55,430 root INFO Successfully retrieved ALB data
2023-07-07 10:16:55,568 root INFO Successfully retrieved ALGN data
2023-07-07 10:16:55,739 root INFO Successfully retrieved ALK data
2023-07-07 10:16:55,896 root INFO Successfully retrieved ALL data
2023-07-07 10:16:56,030 root INFO Successfully retrieved ALLE data
2023-07-07 10:16:56,222 root INFO Successfully retrieved AMAT data
2023-07-07 10:16:56,375 root INFO Successfully retrieved AMCR data
2023-07-07 10:16:56,520 root INFO Successfully retrieved AMD data
2023-07-07 10:16:56,703 root INFO Successfully retrieved AME data
2023-07-07 10:16:56,879 root INFO Successfully retrieved AMGN data
2023-07-07 10:16:57,030 root INFO Successfully retrieved AMP data
2023-07-07 10:16:57,184 root INFO Successfully retrieved AMT data
2023-07-07 10:16:57,299 root INFO Successfully retrieved AMZN data
2023-07-07 10:16:57,442 root INFO Successfully retrieved ANET data
2023-07-07 10:16:57,588 root INFO Successfully retrieved ANSS data
2023-07-07 10:16:57,746 root INFO Successfully retrieved AON data
2023-07-07 10:16:57,916 root INFO Successfully retrieved AOS data
2023-07-07 10:16:58,096 root INFO Successfully retrieved APA data
2023-07-07 10:16:58,309 root INFO Successfully retrieved APD data
2023-07-07 10:16:58,476 root INFO Successfully retrieved APH data
2023-07-07 10:16:58,621 root INFO Successfully retrieved APTV data
2023-07-07 10:16:58,808 root INFO Successfully retrieved ARE data
2023-07-07 10:16:58,982 root INFO Successfully retrieved ATO data
2023-07-07 10:16:59,111 root INFO Successfully retrieved ATVI data
2023-07-07 10:16:59,304 root INFO Successfully retrieved AVB data
2023-07-07 10:16:59,433 root INFO Successfully retrieved AVGO data
2023-07-07 10:16:59,597 root INFO Successfully retrieved AVY data
2023-07-07 10:16:59,762 root INFO Successfully retrieved AWK data
2023-07-07 10:16:59,903 root INFO Successfully retrieved AXON data
2023-07-07 10:17:00,113 root INFO Successfully retrieved AXP data
2023-07-07 10:17:00,246 root INFO Successfully retrieved AZO data
2023-07-07 10:17:00,468 root INFO Successfully retrieved BA data
2023-07-07 10:17:00,634 root INFO Successfully retrieved BAC data
2023-07-07 10:17:00,839 root INFO Successfully retrieved BALL data
2023-07-07 10:17:01,044 root INFO Successfully retrieved BAX data
2023-07-07 10:17:01,236 root INFO Successfully retrieved BBWI data
2023-07-07 10:17:01,403 root INFO Successfully retrieved BBY data
2023-07-07 10:17:01,609 root INFO Successfully retrieved BDX data
2023-07-07 10:17:01,792 root INFO Successfully retrieved BEN data
2023-07-07 10:17:01,972 root INFO Successfully retrieved BF-B data
2023-07-07 10:17:02,141 root INFO Successfully retrieved BG data
2023-07-07 10:17:02,255 root INFO Successfully retrieved BIIB data
2023-07-07 10:17:02,390 root INFO Successfully retrieved BIO data
2023-07-07 10:17:02,583 root INFO Successfully retrieved BK data
2023-07-07 10:17:02,714 root INFO Successfully retrieved BKNG data
2023-07-07 10:17:02,931 root INFO Successfully retrieved BKR data
2023-07-07 10:17:03,099 root INFO Successfully retrieved BLK data
2023-07-07 10:17:03,325 root INFO Successfully retrieved BMY data
2023-07-07 10:17:03,499 root INFO Successfully retrieved BR data
2023-07-07 10:17:03,621 root INFO Successfully retrieved BRK-B data
2023-07-07 10:17:03,791 root INFO Successfully retrieved BRO data
2023-07-07 10:17:03,958 root INFO Successfully retrieved BSX data
2023-07-07 10:17:04,128 root INFO Successfully retrieved BWA data
2023-07-07 10:17:04,291 root INFO Successfully retrieved BXP data
2023-07-07 10:17:04,504 root INFO Successfully retrieved C data
2023-07-07 10:17:04,692 root INFO Successfully retrieved CAG data
2023-07-07 10:17:04,900 root INFO Successfully retrieved CAH data
2023-07-07 10:17:05,031 root INFO Successfully retrieved CARR data
2023-07-07 10:17:05,238 root INFO Successfully retrieved CAT data
2023-07-07 10:17:05,413 root INFO Successfully retrieved CB data
2023-07-07 10:17:05,586 root INFO Successfully retrieved CBOE data
2023-07-07 10:17:05,747 root INFO Successfully retrieved CBRE data
2023-07-07 10:17:05,898 root INFO Successfully retrieved CCI data
2023-07-07 10:17:06,063 root INFO Successfully retrieved CCL data
2023-07-07 10:17:06,207 root INFO Successfully retrieved CDAY data
2023-07-07 10:17:06,342 root INFO Successfully retrieved CDNS data
2023-07-07 10:17:06,485 root INFO Successfully retrieved CDW data
2023-07-07 10:17:06,641 root INFO Successfully retrieved CE data
2023-07-07 10:17:06,777 root INFO Successfully retrieved CEG data
2023-07-07 10:17:06,926 root INFO Successfully retrieved CF data
2023-07-07 10:17:07,070 root INFO Successfully retrieved CFG data
2023-07-07 10:17:07,236 root INFO Successfully retrieved CHD data
2023-07-07 10:17:07,406 root INFO Successfully retrieved CHRW data
2023-07-07 10:17:07,532 root INFO Successfully retrieved CHTR data
2023-07-07 10:17:07,692 root INFO Successfully retrieved CI data
2023-07-07 10:17:07,862 root INFO Successfully retrieved CINF data
2023-07-07 10:17:08,026 root INFO Successfully retrieved CL data
2023-07-07 10:17:08,181 root INFO Successfully retrieved CLX data
2023-07-07 10:17:08,352 root INFO Successfully retrieved CMA data
2023-07-07 10:17:08,521 root INFO Successfully retrieved CMCSA data
2023-07-07 10:17:08,720 root INFO Successfully retrieved CME data
2023-07-07 10:17:08,861 root INFO Successfully retrieved CMG data
2023-07-07 10:17:09,057 root INFO Successfully retrieved CMI data
2023-07-07 10:17:09,271 root INFO Successfully retrieved CMS data
2023-07-07 10:17:09,388 root INFO Successfully retrieved CNC data
2023-07-07 10:17:09,599 root INFO Successfully retrieved CNP data
2023-07-07 10:17:09,767 root INFO Successfully retrieved COF data
2023-07-07 10:17:09,930 root INFO Successfully retrieved COO data
2023-07-07 10:17:10,128 root INFO Successfully retrieved COP data
2023-07-07 10:17:10,277 root INFO Successfully retrieved COST data
2023-07-07 10:17:10,487 root INFO Successfully retrieved CPB data
2023-07-07 10:17:10,658 root INFO Successfully retrieved CPRT data
2023-07-07 10:17:10,850 root INFO Successfully retrieved CPT data
2023-07-07 10:17:10,967 root INFO Successfully retrieved CRL data
2023-07-07 10:17:11,100 root INFO Successfully retrieved CRM data
2023-07-07 10:17:11,237 root INFO Successfully retrieved CSCO data
2023-07-07 10:17:11,349 root INFO Successfully retrieved CSGP data
2023-07-07 10:17:11,529 root INFO Successfully retrieved CSX data
2023-07-07 10:17:11,690 root INFO Successfully retrieved CTAS data
2023-07-07 10:17:11,819 root INFO Successfully retrieved CTLT data
2023-07-07 10:17:12,040 root INFO Successfully retrieved CTRA data
2023-07-07 10:17:12,212 root INFO Successfully retrieved CTSH data
2023-07-07 10:17:12,351 root INFO Successfully retrieved CTVA data
2023-07-07 10:17:12,552 root INFO Successfully retrieved CVS data
2023-07-07 10:17:12,781 root INFO Successfully retrieved CVX data
2023-07-07 10:17:12,909 root INFO Successfully retrieved CZR data
2023-07-07 10:17:13,078 root INFO Successfully retrieved D data
2023-07-07 10:17:13,222 root INFO Successfully retrieved DAL data
2023-07-07 10:17:13,429 root INFO Successfully retrieved DD data
2023-07-07 10:17:13,653 root INFO Successfully retrieved DE data
2023-07-07 10:17:13,793 root INFO Successfully retrieved DFS data
2023-07-07 10:17:13,939 root INFO Successfully retrieved DG data
2023-07-07 10:17:14,091 root INFO Successfully retrieved DGX data
2023-07-07 10:17:14,257 root INFO Successfully retrieved DHI data
2023-07-07 10:17:14,450 root INFO Successfully retrieved DHR data
2023-07-07 10:17:14,645 root INFO Successfully retrieved DIS data
2023-07-07 10:17:14,790 root INFO Successfully retrieved DLR data
2023-07-07 10:17:14,903 root INFO Successfully retrieved DLTR data
2023-07-07 10:17:15,094 root INFO Successfully retrieved DOV data
2023-07-07 10:17:15,233 root INFO Successfully retrieved DOW data
2023-07-07 10:17:15,376 root INFO Successfully retrieved DPZ data
2023-07-07 10:17:15,549 root INFO Successfully retrieved DRI data
2023-07-07 10:17:15,802 root INFO Successfully retrieved DTE data
2023-07-07 10:17:15,955 root INFO Successfully retrieved DUK data
2023-07-07 10:17:16,128 root INFO Successfully retrieved DVA data
2023-07-07 10:17:16,302 root INFO Successfully retrieved DVN data
2023-07-07 10:17:16,440 root INFO Successfully retrieved DXC data
2023-07-07 10:17:16,575 root INFO Successfully retrieved DXCM data
2023-07-07 10:17:16,705 root INFO Successfully retrieved EA data
2023-07-07 10:17:16,852 root INFO Successfully retrieved EBAY data
2023-07-07 10:17:17,019 root INFO Successfully retrieved ECL data
2023-07-07 10:17:17,227 root INFO Successfully retrieved ED data
2023-07-07 10:17:17,422 root INFO Successfully retrieved EFX data
2023-07-07 10:17:17,620 root INFO Successfully retrieved EIX data
2023-07-07 10:17:17,809 root INFO Successfully retrieved EL data
2023-07-07 10:17:17,947 root INFO Successfully retrieved ELV data
2023-07-07 10:17:18,121 root INFO Successfully retrieved EMN data
2023-07-07 10:17:18,309 root INFO Successfully retrieved EMR data
2023-07-07 10:17:18,435 root INFO Successfully retrieved ENPH data
2023-07-07 10:17:18,607 root INFO Successfully retrieved EOG data
2023-07-07 10:17:18,761 root INFO Successfully retrieved EPAM data
2023-07-07 10:17:18,911 root INFO Successfully retrieved EQIX data
2023-07-07 10:17:19,079 root INFO Successfully retrieved EQR data
2023-07-07 10:17:19,294 root INFO Successfully retrieved EQT data
2023-07-07 10:17:19,534 root INFO Successfully retrieved ES data
2023-07-07 10:17:19,731 root INFO Successfully retrieved ESS data
2023-07-07 10:17:19,957 root INFO Successfully retrieved ETN data
2023-07-07 10:17:20,158 root INFO Successfully retrieved ETR data
2023-07-07 10:17:20,309 root INFO Successfully retrieved ETSY data
2023-07-07 10:17:20,503 root INFO Successfully retrieved EVRG data
2023-07-07 10:17:20,653 root INFO Successfully retrieved EW data
2023-07-07 10:17:20,851 root INFO Successfully retrieved EXC data
2023-07-07 10:17:21,019 root INFO Successfully retrieved EXPD data
2023-07-07 10:17:21,144 root INFO Successfully retrieved EXPE data
2023-07-07 10:17:21,297 root INFO Successfully retrieved EXR data
2023-07-07 10:17:21,492 root INFO Successfully retrieved F data
2023-07-07 10:17:21,631 root INFO Successfully retrieved FANG data
2023-07-07 10:17:21,828 root INFO Successfully retrieved FAST data
2023-07-07 10:17:22,010 root INFO Successfully retrieved FCX data
2023-07-07 10:17:22,163 root INFO Successfully retrieved FDS data
2023-07-07 10:17:22,316 root INFO Successfully retrieved FDX data
2023-07-07 10:17:22,476 root INFO Successfully retrieved FE data
2023-07-07 10:17:22,603 root INFO Successfully retrieved FFIV data
2023-07-07 10:17:22,740 root INFO Successfully retrieved FI data
2023-07-07 10:17:22,913 root INFO Successfully retrieved FICO data
2023-07-07 10:17:23,063 root INFO Successfully retrieved FIS data
2023-07-07 10:17:23,250 root INFO Successfully retrieved FITB data
2023-07-07 10:17:23,375 root INFO Successfully retrieved FLT data
2023-07-07 10:17:23,559 root INFO Successfully retrieved FMC data
2023-07-07 10:17:23,703 root INFO Successfully retrieved FOX data
2023-07-07 10:17:23,831 root INFO Successfully retrieved FOXA data
2023-07-07 10:17:24,057 root INFO Successfully retrieved FRT data
2023-07-07 10:17:24,191 root INFO Successfully retrieved FSLR data
2023-07-07 10:17:24,314 root INFO Successfully retrieved FTNT data
2023-07-07 10:17:24,444 root INFO Successfully retrieved FTV data
2023-07-07 10:17:24,670 root INFO Successfully retrieved GD data
2023-07-07 10:17:24,897 root INFO Successfully retrieved GE data
2023-07-07 10:17:25,041 root INFO Successfully retrieved GEHC data
2023-07-07 10:17:25,191 root INFO Successfully retrieved GEN data
2023-07-07 10:17:25,373 root INFO Successfully retrieved GILD data
2023-07-07 10:17:25,550 root INFO Successfully retrieved GIS data
2023-07-07 10:17:25,740 root INFO Successfully retrieved GL data
2023-07-07 10:17:25,940 root INFO Successfully retrieved GLW data
2023-07-07 10:17:26,080 root INFO Successfully retrieved GM data
2023-07-07 10:17:26,196 root INFO Successfully retrieved GNRC data
2023-07-07 10:17:26,332 root INFO Successfully retrieved GOOG data
2023-07-07 10:17:26,492 root INFO Successfully retrieved GOOGL data
2023-07-07 10:17:26,680 root INFO Successfully retrieved GPC data
2023-07-07 10:17:26,863 root INFO Successfully retrieved GPN data
2023-07-07 10:17:27,009 root INFO Successfully retrieved GRMN data
2023-07-07 10:17:27,208 root INFO Successfully retrieved GS data
2023-07-07 10:17:27,361 root INFO Successfully retrieved GWW data
2023-07-07 10:17:27,545 root INFO Successfully retrieved HAL data
2023-07-07 10:17:27,715 root INFO Successfully retrieved HAS data
2023-07-07 10:17:27,893 root INFO Successfully retrieved HBAN data
2023-07-07 10:17:28,027 root INFO Successfully retrieved HCA data
2023-07-07 10:17:28,197 root INFO Successfully retrieved HD data
2023-07-07 10:17:28,595 root INFO Successfully retrieved HES data
2023-07-07 10:17:28,769 root INFO Successfully retrieved HIG data
2023-07-07 10:17:28,911 root INFO Successfully retrieved HII data
2023-07-07 10:17:29,048 root INFO Successfully retrieved HLT data
2023-07-07 10:17:29,185 root INFO Successfully retrieved HOLX data
2023-07-07 10:17:29,441 root INFO Successfully retrieved HON data
2023-07-07 10:17:29,607 root INFO Successfully retrieved HPE data
2023-07-07 10:17:29,806 root INFO Successfully retrieved HPQ data
2023-07-07 10:17:29,983 root INFO Successfully retrieved HRL data
2023-07-07 10:17:30,098 root INFO Successfully retrieved HSIC data
2023-07-07 10:17:30,298 root INFO Successfully retrieved HST data
2023-07-07 10:17:30,470 root INFO Successfully retrieved HSY data
2023-07-07 10:17:30,682 root INFO Successfully retrieved HUM data
2023-07-07 10:17:30,825 root INFO Successfully retrieved HWM data
2023-07-07 10:17:31,022 root INFO Successfully retrieved IBM data
2023-07-07 10:17:31,173 root INFO Successfully retrieved ICE data
2023-07-07 10:17:31,309 root INFO Successfully retrieved IDXX data
2023-07-07 10:17:31,494 root INFO Successfully retrieved IEX data
2023-07-07 10:17:31,671 root INFO Successfully retrieved IFF data
2023-07-07 10:17:31,811 root INFO Successfully retrieved ILMN data
2023-07-07 10:17:31,982 root INFO Successfully retrieved INCY data
2023-07-07 10:17:32,167 root INFO Successfully retrieved INTC data
2023-07-07 10:17:32,322 root INFO Successfully retrieved INTU data
2023-07-07 10:17:32,508 root INFO Successfully retrieved INVH data
2023-07-07 10:17:32,721 root INFO Successfully retrieved IP data
2023-07-07 10:17:32,900 root INFO Successfully retrieved IPG data
2023-07-07 10:17:33,038 root INFO Successfully retrieved IQV data
2023-07-07 10:17:33,177 root INFO Successfully retrieved IR data
2023-07-07 10:17:33,329 root INFO Successfully retrieved IRM data
2023-07-07 10:17:33,455 root INFO Successfully retrieved ISRG data
2023-07-07 10:17:33,566 root INFO Successfully retrieved IT data
2023-07-07 10:17:33,758 root INFO Successfully retrieved ITW data
2023-07-07 10:17:33,932 root INFO Successfully retrieved IVZ data
2023-07-07 10:17:34,067 root INFO Successfully retrieved J data
2023-07-07 10:17:34,255 root INFO Successfully retrieved JBHT data
2023-07-07 10:17:34,413 root INFO Successfully retrieved JCI data
2023-07-07 10:17:34,570 root INFO Successfully retrieved JKHY data
2023-07-07 10:17:34,767 root INFO Successfully retrieved JNJ data
2023-07-07 10:17:34,896 root INFO Successfully retrieved JNPR data
2023-07-07 10:17:35,102 root INFO Successfully retrieved JPM data
2023-07-07 10:17:35,288 root INFO Successfully retrieved K data
2023-07-07 10:17:35,441 root INFO Successfully retrieved KDP data
2023-07-07 10:17:35,605 root INFO Successfully retrieved KEY data
2023-07-07 10:17:35,725 root INFO Successfully retrieved KEYS data
2023-07-07 10:17:35,848 root INFO Successfully retrieved KHC data
2023-07-07 10:17:36,005 root INFO Successfully retrieved KIM data
2023-07-07 10:17:36,166 root INFO Successfully retrieved KLAC data
2023-07-07 10:17:36,398 root INFO Successfully retrieved KMB data
2023-07-07 10:17:36,546 root INFO Successfully retrieved KMI data
2023-07-07 10:17:36,673 root INFO Successfully retrieved KMX data
2023-07-07 10:17:36,891 root INFO Successfully retrieved KO data
2023-07-07 10:17:37,102 root INFO Successfully retrieved KR data
2023-07-07 10:17:37,280 root INFO Successfully retrieved L data
2023-07-07 10:17:37,433 root INFO Successfully retrieved LDOS data
2023-07-07 10:17:37,623 root INFO Successfully retrieved LEN data
2023-07-07 10:17:37,789 root INFO Successfully retrieved LH data
2023-07-07 10:17:37,988 root INFO Successfully retrieved LHX data
2023-07-07 10:17:38,165 root INFO Successfully retrieved LIN data
2023-07-07 10:17:38,310 root INFO Successfully retrieved LKQ data
2023-07-07 10:17:38,494 root INFO Successfully retrieved LLY data
2023-07-07 10:17:38,677 root INFO Successfully retrieved LMT data
2023-07-07 10:17:38,859 root INFO Successfully retrieved LNC data
2023-07-07 10:17:39,034 root INFO Successfully retrieved LNT data
2023-07-07 10:17:39,220 root INFO Successfully retrieved LOW data
2023-07-07 10:17:39,362 root INFO Successfully retrieved LRCX data
2023-07-07 10:17:39,583 root INFO Successfully retrieved LUV data
2023-07-07 10:17:39,733 root INFO Successfully retrieved LVS data
2023-07-07 10:17:39,873 root INFO Successfully retrieved LW data
2023-07-07 10:17:40,019 root INFO Successfully retrieved LYB data
2023-07-07 10:17:40,148 root INFO Successfully retrieved LYV data
2023-07-07 10:17:40,318 root INFO Successfully retrieved MA data
2023-07-07 10:17:40,471 root INFO Successfully retrieved MAA data
2023-07-07 10:17:40,639 root INFO Successfully retrieved MAR data
2023-07-07 10:17:40,806 root INFO Successfully retrieved MAS data
2023-07-07 10:17:41,020 root INFO Successfully retrieved MCD data
2023-07-07 10:17:41,175 root INFO Successfully retrieved MCHP data
2023-07-07 10:17:41,336 root INFO Successfully retrieved MCK data
2023-07-07 10:17:41,515 root INFO Successfully retrieved MCO data
2023-07-07 10:17:41,675 root INFO Successfully retrieved MDLZ data
2023-07-07 10:17:41,866 root INFO Successfully retrieved MDT data
2023-07-07 10:17:42,010 root INFO Successfully retrieved MET data
2023-07-07 10:17:42,127 root INFO Successfully retrieved META data
2023-07-07 10:17:42,291 root INFO Successfully retrieved MGM data
2023-07-07 10:17:42,403 root INFO Successfully retrieved MHK data
2023-07-07 10:17:42,563 root INFO Successfully retrieved MKC data
2023-07-07 10:17:42,710 root INFO Successfully retrieved MKTX data
2023-07-07 10:17:42,855 root INFO Successfully retrieved MLM data
2023-07-07 10:17:43,014 root INFO Successfully retrieved MMC data
2023-07-07 10:17:43,187 root INFO Successfully retrieved MMM data
2023-07-07 10:17:43,325 root INFO Successfully retrieved MNST data
2023-07-07 10:17:43,537 root INFO Successfully retrieved MO data
2023-07-07 10:17:43,669 root INFO Successfully retrieved MOH data
2023-07-07 10:17:43,891 root INFO Successfully retrieved MOS data
2023-07-07 10:17:44,035 root INFO Successfully retrieved MPC data
2023-07-07 10:17:44,197 root INFO Successfully retrieved MPWR data
2023-07-07 10:17:44,394 root INFO Successfully retrieved MRK data
2023-07-07 10:17:44,528 root INFO Successfully retrieved MRNA data
2023-07-07 10:17:44,734 root INFO Successfully retrieved MRO data
2023-07-07 10:17:44,911 root INFO Successfully retrieved MS data
2023-07-07 10:17:45,085 root INFO Successfully retrieved MSCI data
2023-07-07 10:17:45,247 root INFO Successfully retrieved MSFT data
2023-07-07 10:17:45,482 root INFO Successfully retrieved MSI data
2023-07-07 10:17:45,651 root INFO Successfully retrieved MTB data
2023-07-07 10:17:45,788 root INFO Successfully retrieved MTCH data
2023-07-07 10:17:45,919 root INFO Successfully retrieved MTD data
2023-07-07 10:17:46,091 root INFO Successfully retrieved MU data
2023-07-07 10:17:46,234 root INFO Successfully retrieved NCLH data
2023-07-07 10:17:46,409 root INFO Successfully retrieved NDAQ data
2023-07-07 10:17:46,569 root INFO Successfully retrieved NDSN data
2023-07-07 10:17:46,763 root INFO Successfully retrieved NEE data
2023-07-07 10:17:46,931 root INFO Successfully retrieved NEM data
2023-07-07 10:17:47,069 root INFO Successfully retrieved NFLX data
2023-07-07 10:17:47,227 root INFO Successfully retrieved NI data
2023-07-07 10:17:47,404 root INFO Successfully retrieved NKE data
2023-07-07 10:17:47,595 root INFO Successfully retrieved NOC data
2023-07-07 10:17:47,712 root INFO Successfully retrieved NOW data
2023-07-07 10:17:47,860 root INFO Successfully retrieved NRG data
2023-07-07 10:17:48,034 root INFO Successfully retrieved NSC data
2023-07-07 10:17:48,236 root INFO Successfully retrieved NTAP data
2023-07-07 10:17:48,457 root INFO Successfully retrieved NTRS data
2023-07-07 10:17:48,658 root INFO Successfully retrieved NUE data
2023-07-07 10:17:48,812 root INFO Successfully retrieved NVDA data
2023-07-07 10:17:48,959 root INFO Successfully retrieved NVR data
2023-07-07 10:17:49,131 root INFO Successfully retrieved NWL data
2023-07-07 10:17:49,258 root INFO Successfully retrieved NWS data
2023-07-07 10:17:49,393 root INFO Successfully retrieved NWSA data
2023-07-07 10:17:49,566 root INFO Successfully retrieved NXPI data
2023-07-07 10:17:49,749 root INFO Successfully retrieved O data
2023-07-07 10:17:49,871 root INFO Successfully retrieved ODFL data
2023-07-07 10:17:50,002 root INFO Successfully retrieved OGN data
2023-07-07 10:17:50,166 root INFO Successfully retrieved OKE data
2023-07-07 10:17:50,351 root INFO Successfully retrieved OMC data
2023-07-07 10:17:50,470 root INFO Successfully retrieved ON data
2023-07-07 10:17:50,619 root INFO Successfully retrieved ORCL data
2023-07-07 10:17:50,761 root INFO Successfully retrieved ORLY data
2023-07-07 10:17:50,937 root INFO Successfully retrieved OTIS data
2023-07-07 10:17:51,100 root INFO Successfully retrieved OXY data
2023-07-07 10:17:51,232 root INFO Successfully retrieved PANW data
2023-07-07 10:17:51,384 root INFO Successfully retrieved PARA data
2023-07-07 10:17:51,497 root INFO Successfully retrieved PAYC data
2023-07-07 10:17:51,660 root INFO Successfully retrieved PAYX data
2023-07-07 10:17:51,837 root INFO Successfully retrieved PCAR data
2023-07-07 10:17:52,017 root INFO Successfully retrieved PCG data
2023-07-07 10:17:52,180 root INFO Successfully retrieved PEAK data
2023-07-07 10:17:52,369 root INFO Successfully retrieved PEG data
2023-07-07 10:17:52,556 root INFO Successfully retrieved PEP data
2023-07-07 10:17:52,736 root INFO Successfully retrieved PFE data
2023-07-07 10:17:52,887 root INFO Successfully retrieved PFG data
2023-07-07 10:17:53,147 root INFO Successfully retrieved PG data
2023-07-07 10:17:53,338 root INFO Successfully retrieved PGR data
2023-07-07 10:17:53,506 root INFO Successfully retrieved PH data
2023-07-07 10:17:53,697 root INFO Successfully retrieved PHM data
2023-07-07 10:17:53,840 root INFO Successfully retrieved PKG data
2023-07-07 10:17:53,985 root INFO Successfully retrieved PLD data
2023-07-07 10:17:54,120 root INFO Successfully retrieved PM data
2023-07-07 10:17:54,307 root INFO Successfully retrieved PNC data
2023-07-07 10:17:54,484 root INFO Successfully retrieved PNR data
2023-07-07 10:17:54,682 root INFO Successfully retrieved PNW data
2023-07-07 10:17:54,816 root INFO Successfully retrieved PODD data
2023-07-07 10:17:54,959 root INFO Successfully retrieved POOL data
2023-07-07 10:17:55,172 root INFO Successfully retrieved PPG data
2023-07-07 10:17:55,358 root INFO Successfully retrieved PPL data
2023-07-07 10:17:55,546 root INFO Successfully retrieved PRU data
2023-07-07 10:17:55,747 root INFO Successfully retrieved PSA data
2023-07-07 10:17:55,889 root INFO Successfully retrieved PSX data
2023-07-07 10:17:56,024 root INFO Successfully retrieved PTC data
2023-07-07 10:17:56,161 root INFO Successfully retrieved PWR data
2023-07-07 10:17:56,321 root INFO Successfully retrieved PXD data
2023-07-07 10:17:56,465 root INFO Successfully retrieved PYPL data
2023-07-07 10:17:56,608 root INFO Successfully retrieved QCOM data
2023-07-07 10:17:56,737 root INFO Successfully retrieved QRVO data
2023-07-07 10:17:56,934 root INFO Successfully retrieved RCL data
2023-07-07 10:17:57,085 root INFO Successfully retrieved RE data
2023-07-07 10:17:57,249 root INFO Successfully retrieved REG data
2023-07-07 10:17:57,386 root INFO Successfully retrieved REGN data
2023-07-07 10:17:57,557 root INFO Successfully retrieved RF data
2023-07-07 10:17:57,732 root INFO Successfully retrieved RHI data
2023-07-07 10:17:57,917 root INFO Successfully retrieved RJF data
2023-07-07 10:17:58,091 root INFO Successfully retrieved RL data
2023-07-07 10:17:58,238 root INFO Successfully retrieved RMD data
2023-07-07 10:17:58,410 root INFO Successfully retrieved ROK data
2023-07-07 10:17:58,568 root INFO Successfully retrieved ROL data
2023-07-07 10:17:58,755 root INFO Successfully retrieved ROP data
2023-07-07 10:17:58,932 root INFO Successfully retrieved ROST data
2023-07-07 10:17:59,096 root INFO Successfully retrieved RSG data
2023-07-07 10:17:59,339 root INFO Successfully retrieved RTX data
2023-07-07 10:17:59,494 root INFO Successfully retrieved RVTY data
2023-07-07 10:17:59,620 root INFO Successfully retrieved SBAC data
2023-07-07 10:17:59,761 root INFO Successfully retrieved SBUX data
2023-07-07 10:17:59,939 root INFO Successfully retrieved SCHW data
2023-07-07 10:18:00,074 root INFO Successfully retrieved SEDG data
2023-07-07 10:18:00,245 root INFO Successfully retrieved SEE data
2023-07-07 10:18:00,420 root INFO Successfully retrieved SHW data
2023-07-07 10:18:00,583 root INFO Successfully retrieved SJM data
2023-07-07 10:18:00,785 root INFO Successfully retrieved SLB data
2023-07-07 10:18:00,977 root INFO Successfully retrieved SNA data
2023-07-07 10:18:01,126 root INFO Successfully retrieved SNPS data
2023-07-07 10:18:01,364 root INFO Successfully retrieved SO data
2023-07-07 10:18:01,533 root INFO Successfully retrieved SPG data
2023-07-07 10:18:01,722 root INFO Successfully retrieved SPGI data
2023-07-07 10:18:01,923 root INFO Successfully retrieved SRE data
2023-07-07 10:18:02,074 root INFO Successfully retrieved STE data
2023-07-07 10:18:02,240 root INFO Successfully retrieved STLD data
2023-07-07 10:18:02,457 root INFO Successfully retrieved STT data
2023-07-07 10:18:02,595 root INFO Successfully retrieved STX data
2023-07-07 10:18:02,737 root INFO Successfully retrieved STZ data
2023-07-07 10:18:02,917 root INFO Successfully retrieved SWK data
2023-07-07 10:18:03,068 root INFO Successfully retrieved SWKS data
2023-07-07 10:18:03,210 root INFO Successfully retrieved SYF data
2023-07-07 10:18:03,391 root INFO Successfully retrieved SYK data
2023-07-07 10:18:03,576 root INFO Successfully retrieved SYY data
2023-07-07 10:18:03,749 root INFO Successfully retrieved T data
2023-07-07 10:18:03,909 root INFO Successfully retrieved TAP data
2023-07-07 10:18:04,046 root INFO Successfully retrieved TDG data
2023-07-07 10:18:04,177 root INFO Successfully retrieved TDY data
2023-07-07 10:18:04,318 root INFO Successfully retrieved TECH data
2023-07-07 10:18:04,463 root INFO Successfully retrieved TEL data
2023-07-07 10:18:04,600 root INFO Successfully retrieved TER data
2023-07-07 10:18:04,762 root INFO Successfully retrieved TFC data
2023-07-07 10:18:04,940 root INFO Successfully retrieved TFX data
2023-07-07 10:18:05,102 root INFO Successfully retrieved TGT data
2023-07-07 10:18:05,282 root INFO Successfully retrieved TJX data
2023-07-07 10:18:05,445 root INFO Successfully retrieved TMO data
2023-07-07 10:18:05,581 root INFO Successfully retrieved TMUS data
2023-07-07 10:18:05,786 root INFO Successfully retrieved TPR data
2023-07-07 10:18:05,937 root INFO Successfully retrieved TRGP data
2023-07-07 10:18:06,083 root INFO Successfully retrieved TRMB data
2023-07-07 10:18:06,250 root INFO Successfully retrieved TROW data
2023-07-07 10:18:06,430 root INFO Successfully retrieved TRV data
2023-07-07 10:18:06,574 root INFO Successfully retrieved TSCO data
2023-07-07 10:18:06,719 root INFO Successfully retrieved TSLA data
2023-07-07 10:18:06,913 root INFO Successfully retrieved TSN data
2023-07-07 10:18:07,117 root INFO Successfully retrieved TT data
2023-07-07 10:18:07,248 root INFO Successfully retrieved TTWO data
2023-07-07 10:18:07,449 root INFO Successfully retrieved TXN data
2023-07-07 10:18:07,610 root INFO Successfully retrieved TXT data
2023-07-07 10:18:07,753 root INFO Successfully retrieved TYL data
2023-07-07 10:18:07,886 root INFO Successfully retrieved UAL data
2023-07-07 10:18:08,067 root INFO Successfully retrieved UDR data
2023-07-07 10:18:08,240 root INFO Successfully retrieved UHS data
2023-07-07 10:18:08,378 root INFO Successfully retrieved ULTA data
2023-07-07 10:18:08,536 root INFO Successfully retrieved UNH data
2023-07-07 10:18:08,717 root INFO Successfully retrieved UNP data
2023-07-07 10:18:08,848 root INFO Successfully retrieved UPS data
2023-07-07 10:18:08,986 root INFO Successfully retrieved URI data
2023-07-07 10:18:09,168 root INFO Successfully retrieved USB data
2023-07-07 10:18:09,312 root INFO Successfully retrieved V data
2023-07-07 10:18:09,513 root INFO Successfully retrieved VFC data
2023-07-07 10:18:09,654 root INFO Successfully retrieved VICI data
2023-07-07 10:18:09,841 root INFO Successfully retrieved VLO data
2023-07-07 10:18:10,035 root INFO Successfully retrieved VMC data
2023-07-07 10:18:10,170 root INFO Successfully retrieved VRSK data
2023-07-07 10:18:10,309 root INFO Successfully retrieved VRSN data
2023-07-07 10:18:10,450 root INFO Successfully retrieved VRTX data
2023-07-07 10:18:10,628 root INFO Successfully retrieved VTR data
2023-07-07 10:18:10,794 root INFO Successfully retrieved VTRS data
2023-07-07 10:18:10,976 root INFO Successfully retrieved VZ data
2023-07-07 10:18:11,132 root INFO Successfully retrieved WAB data
2023-07-07 10:18:11,265 root INFO Successfully retrieved WAT data
2023-07-07 10:18:11,435 root INFO Successfully retrieved WBA data
2023-07-07 10:18:11,546 root INFO Successfully retrieved WBD data
2023-07-07 10:18:11,686 root INFO Successfully retrieved WDC data
2023-07-07 10:18:11,844 root INFO Successfully retrieved WEC data
2023-07-07 10:18:12,027 root INFO Successfully retrieved WELL data
2023-07-07 10:18:12,243 root INFO Successfully retrieved WFC data
2023-07-07 10:18:12,410 root INFO Successfully retrieved WHR data
2023-07-07 10:18:12,568 root INFO Successfully retrieved WM data
2023-07-07 10:18:12,766 root INFO Successfully retrieved WMB data
2023-07-07 10:18:12,960 root INFO Successfully retrieved WMT data
2023-07-07 10:18:13,144 root INFO Successfully retrieved WRB data
2023-07-07 10:18:13,279 root INFO Successfully retrieved WRK data
2023-07-07 10:18:13,460 root INFO Successfully retrieved WST data
2023-07-07 10:18:13,630 root INFO Successfully retrieved WTW data
2023-07-07 10:18:13,813 root INFO Successfully retrieved WY data
2023-07-07 10:18:13,954 root INFO Successfully retrieved WYNN data
2023-07-07 10:18:14,199 root INFO Successfully retrieved XEL data
2023-07-07 10:18:14,422 root INFO Successfully retrieved XOM data
2023-07-07 10:18:14,637 root INFO Successfully retrieved XRAY data
2023-07-07 10:18:14,796 root INFO Successfully retrieved XYL data
2023-07-07 10:18:14,951 root INFO Successfully retrieved YUM data
2023-07-07 10:18:15,106 root INFO Successfully retrieved ZBH data
2023-07-07 10:18:15,238 root INFO Successfully retrieved ZBRA data
2023-07-07 10:18:15,397 root INFO Successfully retrieved ZION data
2023-07-07 10:18:15,529 root INFO Successfully retrieved ZTS data
2023-07-07 10:18:15,606 alembic.runtime.migration INFO Context impl SQLiteImpl.
2023-07-07 10:18:15,606 alembic.runtime.migration INFO Will assume non-transactional DDL.
