2023-04-21 12:30:42,849 root INFO Successfully retrieved A data
2023-04-21 12:30:43,007 root INFO Successfully retrieved AAL data
2023-04-21 12:30:43,169 root INFO Successfully retrieved AAP data
2023-04-21 12:30:43,393 root INFO Successfully retrieved AAPL data
2023-04-21 12:30:43,554 root INFO Successfully retrieved ABBV data
2023-04-21 12:30:43,726 root INFO Successfully retrieved ABC data
2023-04-21 12:30:43,918 root INFO Successfully retrieved ABT data
2023-04-21 12:30:44,059 root INFO Successfully retrieved ACGL data
2023-04-21 12:30:44,205 root INFO Successfully retrieved ACN data
2023-04-21 12:30:44,349 root INFO Successfully retrieved ADBE data
2023-04-21 12:30:44,521 root INFO Successfully retrieved ADI data
2023-04-21 12:30:44,704 root INFO Successfully retrieved ADM data
2023-04-21 12:30:44,872 root INFO Successfully retrieved ADP data
2023-04-21 12:30:45,021 root INFO Successfully retrieved ADSK data
2023-04-21 12:30:45,241 root INFO Successfully retrieved AEE data
2023-04-21 12:30:45,421 root INFO Successfully retrieved AEP data
2023-04-21 12:30:45,599 root INFO Successfully retrieved AES data
2023-04-21 12:30:45,775 root INFO Successfully retrieved AFL data
2023-04-21 12:30:45,992 root INFO Successfully retrieved AIG data
2023-04-21 12:30:46,158 root INFO Successfully retrieved AIZ data
2023-04-21 12:30:46,325 root INFO Successfully retrieved AJG data
2023-04-21 12:30:46,424 root INFO Successfully retrieved AKAM data
2023-04-21 12:30:46,594 root INFO Successfully retrieved ALB data
2023-04-21 12:30:46,725 root INFO Successfully retrieved ALGN data
2023-04-21 12:30:46,879 root INFO Successfully retrieved ALK data
2023-04-21 12:30:47,059 root INFO Successfully retrieved ALL data
2023-04-21 12:30:47,196 root INFO Successfully retrieved ALLE data
2023-04-21 12:30:47,342 root INFO Successfully retrieved AMAT data
2023-04-21 12:30:47,496 root INFO Successfully retrieved AMCR data
2023-04-21 12:30:47,609 root INFO Successfully retrieved AMD data
2023-04-21 12:30:47,797 root INFO Successfully retrieved AME data
2023-04-21 12:30:47,961 root INFO Successfully retrieved AMGN data
2023-04-21 12:30:48,097 root INFO Successfully retrieved AMP data
2023-04-21 12:30:48,260 root INFO Successfully retrieved AMT data
2023-04-21 12:30:48,376 root INFO Successfully retrieved AMZN data
2023-04-21 12:30:48,498 root INFO Successfully retrieved ANET data
2023-04-21 12:30:48,614 root INFO Successfully retrieved ANSS data
2023-04-21 12:30:48,799 root INFO Successfully retrieved AON data
2023-04-21 12:30:48,962 root INFO Successfully retrieved AOS data
2023-04-21 12:30:49,185 root INFO Successfully retrieved APA data
2023-04-21 12:30:49,363 root INFO Successfully retrieved APD data
2023-04-21 12:30:49,513 root INFO Successfully retrieved APH data
2023-04-21 12:30:49,648 root INFO Successfully retrieved APTV data
2023-04-21 12:30:49,801 root INFO Successfully retrieved ARE data
2023-04-21 12:30:50,042 root INFO Successfully retrieved ATO data
2023-04-21 12:30:50,180 root INFO Successfully retrieved ATVI data
2023-04-21 12:30:50,333 root INFO Successfully retrieved AVB data
2023-04-21 12:30:50,489 root INFO Successfully retrieved AVGO data
2023-04-21 12:30:50,696 root INFO Successfully retrieved AVY data
2023-04-21 12:30:50,843 root INFO Successfully retrieved AWK data
2023-04-21 12:30:51,015 root INFO Successfully retrieved AXP data
2023-04-21 12:30:51,146 root INFO Successfully retrieved AZO data
2023-04-21 12:30:51,345 root INFO Successfully retrieved BA data
2023-04-21 12:30:51,517 root INFO Successfully retrieved BAC data
2023-04-21 12:30:51,715 root INFO Successfully retrieved BALL data
2023-04-21 12:30:51,899 root INFO Successfully retrieved BAX data
2023-04-21 12:30:52,066 root INFO Successfully retrieved BBWI data
2023-04-21 12:30:52,231 root INFO Successfully retrieved BBY data
2023-04-21 12:30:52,416 root INFO Successfully retrieved BDX data
2023-04-21 12:30:52,601 root INFO Successfully retrieved BEN data
2023-04-21 12:30:52,787 root INFO Successfully retrieved BF-B data
2023-04-21 12:30:52,953 root INFO Successfully retrieved BG data
2023-04-21 12:30:53,111 root INFO Successfully retrieved BIIB data
2023-04-21 12:30:53,246 root INFO Successfully retrieved BIO data
2023-04-21 12:30:53,413 root INFO Successfully retrieved BK data
2023-04-21 12:30:53,531 root INFO Successfully retrieved BKNG data
2023-04-21 12:30:53,698 root INFO Successfully retrieved BKR data
2023-04-21 12:30:53,883 root INFO Successfully retrieved BLK data
2023-04-21 12:30:54,063 root INFO Successfully retrieved BMY data
2023-04-21 12:30:54,280 root INFO Successfully retrieved BR data
2023-04-21 12:30:54,400 root INFO Successfully retrieved BRK-B data
2023-04-21 12:30:54,569 root INFO Successfully retrieved BRO data
2023-04-21 12:30:54,685 root INFO Successfully retrieved BSX data
2023-04-21 12:30:54,869 root INFO Successfully retrieved BWA data
2023-04-21 12:30:55,038 root INFO Successfully retrieved BXP data
2023-04-21 12:30:55,233 root INFO Successfully retrieved C data
2023-04-21 12:30:55,401 root INFO Successfully retrieved CAG data
2023-04-21 12:30:55,586 root INFO Successfully retrieved CAH data
2023-04-21 12:30:55,702 root INFO Successfully retrieved CARR data
2023-04-21 12:30:55,918 root INFO Successfully retrieved CAT data
2023-04-21 12:30:56,096 root INFO Successfully retrieved CB data
2023-04-21 12:30:56,218 root INFO Successfully retrieved CBOE data
2023-04-21 12:30:56,350 root INFO Successfully retrieved CBRE data
2023-04-21 12:30:56,488 root INFO Successfully retrieved CCI data
2023-04-21 12:30:56,637 root INFO Successfully retrieved CCL data
2023-04-21 12:30:56,751 root INFO Successfully retrieved CDAY data
2023-04-21 12:30:56,867 root INFO Successfully retrieved CDNS data
2023-04-21 12:30:57,020 root INFO Successfully retrieved CDW data
2023-04-21 12:30:57,175 root INFO Successfully retrieved CE data
2023-04-21 12:30:57,319 root INFO Successfully retrieved CEG data
2023-04-21 12:30:57,526 root INFO Successfully retrieved CF data
2023-04-21 12:30:57,710 root INFO Successfully retrieved CFG data
2023-04-21 12:30:57,871 root INFO Successfully retrieved CHD data
2023-04-21 12:30:58,038 root INFO Successfully retrieved CHRW data
2023-04-21 12:30:58,157 root INFO Successfully retrieved CHTR data
2023-04-21 12:30:58,339 root INFO Successfully retrieved CI data
2023-04-21 12:30:58,533 root INFO Successfully retrieved CINF data
2023-04-21 12:30:58,730 root INFO Successfully retrieved CL data
2023-04-21 12:30:58,933 root INFO Successfully retrieved CLX data
2023-04-21 12:30:59,114 root INFO Successfully retrieved CMA data
2023-04-21 12:30:59,293 root INFO Successfully retrieved CMCSA data
2023-04-21 12:30:59,446 root INFO Successfully retrieved CME data
2023-04-21 12:30:59,567 root INFO Successfully retrieved CMG data
2023-04-21 12:30:59,767 root INFO Successfully retrieved CMI data
2023-04-21 12:30:59,947 root INFO Successfully retrieved CMS data
2023-04-21 12:31:00,098 root INFO Successfully retrieved CNC data
2023-04-21 12:31:00,348 root INFO Successfully retrieved CNP data
2023-04-21 12:31:00,518 root INFO Successfully retrieved COF data
2023-04-21 12:31:00,698 root INFO Successfully retrieved COO data
2023-04-21 12:31:00,864 root INFO Successfully retrieved COP data
2023-04-21 12:31:01,018 root INFO Successfully retrieved COST data
2023-04-21 12:31:01,201 root INFO Successfully retrieved CPB data
2023-04-21 12:31:01,335 root INFO Successfully retrieved CPRT data
2023-04-21 12:31:01,584 root INFO Successfully retrieved CPT data
2023-04-21 12:31:01,702 root INFO Successfully retrieved CRL data
2023-04-21 12:31:01,820 root INFO Successfully retrieved CRM data
2023-04-21 12:31:01,952 root INFO Successfully retrieved CSCO data
2023-04-21 12:31:02,087 root INFO Successfully retrieved CSGP data
2023-04-21 12:31:02,269 root INFO Successfully retrieved CSX data
2023-04-21 12:31:02,437 root INFO Successfully retrieved CTAS data
2023-04-21 12:31:02,571 root INFO Successfully retrieved CTLT data
2023-04-21 12:31:02,723 root INFO Successfully retrieved CTRA data
2023-04-21 12:31:02,854 root INFO Successfully retrieved CTSH data
2023-04-21 12:31:03,001 root INFO Successfully retrieved CTVA data
2023-04-21 12:31:03,202 root INFO Successfully retrieved CVS data
2023-04-21 12:31:03,402 root INFO Successfully retrieved CVX data
2023-04-21 12:31:03,541 root INFO Successfully retrieved CZR data
2023-04-21 12:31:03,748 root INFO Successfully retrieved D data
2023-04-21 12:31:03,878 root INFO Successfully retrieved DAL data
2023-04-21 12:31:04,065 root INFO Successfully retrieved DD data
2023-04-21 12:31:04,230 root INFO Successfully retrieved DE data
2023-04-21 12:31:04,382 root INFO Successfully retrieved DFS data
2023-04-21 12:31:04,600 root INFO Successfully retrieved DG data
2023-04-21 12:31:04,763 root INFO Successfully retrieved DGX data
2023-04-21 12:31:04,963 root INFO Successfully retrieved DHI data
2023-04-21 12:31:05,148 root INFO Successfully retrieved DHR data
2023-04-21 12:31:05,334 root INFO Successfully retrieved DIS data
2023-04-21 12:31:05,463 root INFO Successfully retrieved DISH data
2023-04-21 12:31:05,632 root INFO Successfully retrieved DLR data
2023-04-21 12:31:05,752 root INFO Successfully retrieved DLTR data
2023-04-21 12:31:05,948 root INFO Successfully retrieved DOV data
2023-04-21 12:31:06,099 root INFO Successfully retrieved DOW data
2023-04-21 12:31:06,249 root INFO Successfully retrieved DPZ data
2023-04-21 12:31:06,397 root INFO Successfully retrieved DRI data
2023-04-21 12:31:06,619 root INFO Successfully retrieved DTE data
2023-04-21 12:31:06,797 root INFO Successfully retrieved DUK data
2023-04-21 12:31:06,935 root INFO Successfully retrieved DVA data
2023-04-21 12:31:07,100 root INFO Successfully retrieved DVN data
2023-04-21 12:31:07,282 root INFO Successfully retrieved DXC data
2023-04-21 12:31:07,413 root INFO Successfully retrieved DXCM data
2023-04-21 12:31:07,548 root INFO Successfully retrieved EA data
2023-04-21 12:31:07,667 root INFO Successfully retrieved EBAY data
2023-04-21 12:31:07,837 root INFO Successfully retrieved ECL data
2023-04-21 12:31:08,043 root INFO Successfully retrieved ED data
2023-04-21 12:31:08,184 root INFO Successfully retrieved EFX data
2023-04-21 12:31:08,384 root INFO Successfully retrieved EIX data
2023-04-21 12:31:08,539 root INFO Successfully retrieved EL data
2023-04-21 12:31:08,685 root INFO Successfully retrieved ELV data
2023-04-21 12:31:08,854 root INFO Successfully retrieved EMN data
2023-04-21 12:31:09,058 root INFO Successfully retrieved EMR data
2023-04-21 12:31:09,188 root INFO Successfully retrieved ENPH data
2023-04-21 12:31:09,340 root INFO Successfully retrieved EOG data
2023-04-21 12:31:09,471 root INFO Successfully retrieved EPAM data
2023-04-21 12:31:09,624 root INFO Successfully retrieved EQIX data
2023-04-21 12:31:09,792 root INFO Successfully retrieved EQR data
2023-04-21 12:31:10,007 root INFO Successfully retrieved EQT data
2023-04-21 12:31:10,207 root INFO Successfully retrieved ES data
2023-04-21 12:31:10,372 root INFO Successfully retrieved ESS data
2023-04-21 12:31:10,557 root INFO Successfully retrieved ETN data
2023-04-21 12:31:10,742 root INFO Successfully retrieved ETR data
2023-04-21 12:31:10,857 root INFO Successfully retrieved ETSY data
2023-04-21 12:31:11,026 root INFO Successfully retrieved EVRG data
2023-04-21 12:31:11,173 root INFO Successfully retrieved EW data
2023-04-21 12:31:11,373 root INFO Successfully retrieved EXC data
2023-04-21 12:31:11,592 root INFO Successfully retrieved EXPD data
2023-04-21 12:31:11,747 root INFO Successfully retrieved EXPE data
2023-04-21 12:31:11,906 root INFO Successfully retrieved EXR data
2023-04-21 12:31:12,077 root INFO Successfully retrieved F data
2023-04-21 12:31:12,261 root INFO Successfully retrieved FANG data
2023-04-21 12:31:12,444 root INFO Successfully retrieved FAST data
2023-04-21 12:31:12,610 root INFO Successfully retrieved FCX data
2023-04-21 12:31:12,791 root INFO Successfully retrieved FDS data
2023-04-21 12:31:12,929 root INFO Successfully retrieved FDX data
2023-04-21 12:31:13,093 root INFO Successfully retrieved FE data
2023-04-21 12:31:13,229 root INFO Successfully retrieved FFIV data
2023-04-21 12:31:13,364 root INFO Successfully retrieved FICO data
2023-04-21 12:31:13,562 root INFO Successfully retrieved FIS data
2023-04-21 12:31:13,675 root INFO Successfully retrieved FISV data
2023-04-21 12:31:13,859 root INFO Successfully retrieved FITB data
2023-04-21 12:31:13,978 root INFO Successfully retrieved FLT data
2023-04-21 12:31:14,156 root INFO Successfully retrieved FMC data
2023-04-21 12:31:14,310 root INFO Successfully retrieved FOX data
2023-04-21 12:31:14,445 root INFO Successfully retrieved FOXA data
2023-04-21 12:31:14,660 root INFO Successfully retrieved FRC data
2023-04-21 12:31:14,842 root INFO Successfully retrieved FRT data
2023-04-21 12:31:14,962 root INFO Successfully retrieved FSLR data
2023-04-21 12:31:15,085 root INFO Successfully retrieved FTNT data
2023-04-21 12:31:15,258 root INFO Successfully retrieved FTV data
2023-04-21 12:31:15,462 root INFO Successfully retrieved GD data
2023-04-21 12:31:15,681 root INFO Successfully retrieved GE data
2023-04-21 12:31:15,797 root INFO Successfully retrieved GEHC data
2023-04-21 12:31:15,979 root INFO Successfully retrieved GEN data
2023-04-21 12:31:16,143 root INFO Successfully retrieved GILD data
2023-04-21 12:31:16,313 root INFO Successfully retrieved GIS data
2023-04-21 12:31:16,514 root INFO Successfully retrieved GL data
2023-04-21 12:31:16,692 root INFO Successfully retrieved GLW data
2023-04-21 12:31:16,830 root INFO Successfully retrieved GM data
2023-04-21 12:31:16,945 root INFO Successfully retrieved GNRC data
2023-04-21 12:31:17,079 root INFO Successfully retrieved GOOG data
2023-04-21 12:31:17,208 root INFO Successfully retrieved GOOGL data
2023-04-21 12:31:17,462 root INFO Successfully retrieved GPC data
2023-04-21 12:31:17,631 root INFO Successfully retrieved GPN data
2023-04-21 12:31:17,783 root INFO Successfully retrieved GRMN data
2023-04-21 12:31:17,948 root INFO Successfully retrieved GS data
2023-04-21 12:31:18,120 root INFO Successfully retrieved GWW data
2023-04-21 12:31:18,340 root INFO Successfully retrieved HAL data
2023-04-21 12:31:18,528 root INFO Successfully retrieved HAS data
2023-04-21 12:31:18,693 root INFO Successfully retrieved HBAN data
2023-04-21 12:31:18,853 root INFO Successfully retrieved HCA data
2023-04-21 12:31:19,024 root INFO Successfully retrieved HD data
2023-04-21 12:31:19,226 root INFO Successfully retrieved HES data
2023-04-21 12:31:19,408 root INFO Successfully retrieved HIG data
2023-04-21 12:31:19,593 root INFO Successfully retrieved HII data
2023-04-21 12:31:19,745 root INFO Successfully retrieved HLT data
2023-04-21 12:31:19,856 root INFO Successfully retrieved HOLX data
2023-04-21 12:31:20,063 root INFO Successfully retrieved HON data
2023-04-21 12:31:20,194 root INFO Successfully retrieved HPE data
2023-04-21 12:31:20,404 root INFO Successfully retrieved HPQ data
2023-04-21 12:31:20,570 root INFO Successfully retrieved HRL data
2023-04-21 12:31:20,706 root INFO Successfully retrieved HSIC data
2023-04-21 12:31:20,870 root INFO Successfully retrieved HST data
2023-04-21 12:31:21,040 root INFO Successfully retrieved HSY data
2023-04-21 12:31:21,208 root INFO Successfully retrieved HUM data
2023-04-21 12:31:21,355 root INFO Successfully retrieved HWM data
2023-04-21 12:31:21,591 root INFO Successfully retrieved IBM data
2023-04-21 12:31:21,745 root INFO Successfully retrieved ICE data
2023-04-21 12:31:21,874 root INFO Successfully retrieved IDXX data
2023-04-21 12:31:22,091 root INFO Successfully retrieved IEX data
2023-04-21 12:31:22,288 root INFO Successfully retrieved IFF data
2023-04-21 12:31:22,410 root INFO Successfully retrieved ILMN data
2023-04-21 12:31:22,529 root INFO Successfully retrieved INCY data
2023-04-21 12:31:22,705 root INFO Successfully retrieved INTC data
2023-04-21 12:31:22,848 root INFO Successfully retrieved INTU data
2023-04-21 12:31:22,975 root INFO Successfully retrieved INVH data
2023-04-21 12:31:23,191 root INFO Successfully retrieved IP data
2023-04-21 12:31:23,360 root INFO Successfully retrieved IPG data
2023-04-21 12:31:23,464 root INFO Successfully retrieved IQV data
2023-04-21 12:31:23,614 root INFO Successfully retrieved IR data
2023-04-21 12:31:23,750 root INFO Successfully retrieved IRM data
2023-04-21 12:31:23,877 root INFO Successfully retrieved ISRG data
2023-04-21 12:31:24,011 root INFO Successfully retrieved IT data
2023-04-21 12:31:24,178 root INFO Successfully retrieved ITW data
2023-04-21 12:31:24,336 root INFO Successfully retrieved IVZ data
2023-04-21 12:31:24,493 root INFO Successfully retrieved J data
2023-04-21 12:31:24,673 root INFO Successfully retrieved JBHT data
2023-04-21 12:31:24,836 root INFO Successfully retrieved JCI data
2023-04-21 12:31:25,091 root INFO Successfully retrieved JKHY data
2023-04-21 12:31:25,295 root INFO Successfully retrieved JNJ data
2023-04-21 12:31:25,427 root INFO Successfully retrieved JNPR data
2023-04-21 12:31:25,611 root INFO Successfully retrieved JPM data
2023-04-21 12:31:25,796 root INFO Successfully retrieved K data
2023-04-21 12:31:25,943 root INFO Successfully retrieved KDP data
2023-04-21 12:31:26,118 root INFO Successfully retrieved KEY data
2023-04-21 12:31:26,244 root INFO Successfully retrieved KEYS data
2023-04-21 12:31:26,397 root INFO Successfully retrieved KHC data
2023-04-21 12:31:26,576 root INFO Successfully retrieved KIM data
2023-04-21 12:31:26,713 root INFO Successfully retrieved KLAC data
2023-04-21 12:31:26,899 root INFO Successfully retrieved KMB data
2023-04-21 12:31:27,043 root INFO Successfully retrieved KMI data
2023-04-21 12:31:27,156 root INFO Successfully retrieved KMX data
2023-04-21 12:31:27,384 root INFO Successfully retrieved KO data
2023-04-21 12:31:27,666 root INFO Successfully retrieved KR data
2023-04-21 12:31:27,830 root INFO Successfully retrieved L data
2023-04-21 12:31:28,008 root INFO Successfully retrieved LDOS data
2023-04-21 12:31:28,215 root INFO Successfully retrieved LEN data
2023-04-21 12:31:28,378 root INFO Successfully retrieved LH data
2023-04-21 12:31:28,566 root INFO Successfully retrieved LHX data
2023-04-21 12:31:28,729 root INFO Successfully retrieved LIN data
2023-04-21 12:31:28,848 root INFO Successfully retrieved LKQ data
2023-04-21 12:31:29,046 root INFO Successfully retrieved LLY data
2023-04-21 12:31:29,234 root INFO Successfully retrieved LMT data
2023-04-21 12:31:29,403 root INFO Successfully retrieved LNC data
2023-04-21 12:31:29,575 root INFO Successfully retrieved LNT data
2023-04-21 12:31:29,776 root INFO Successfully retrieved LOW data
2023-04-21 12:31:29,939 root INFO Successfully retrieved LRCX data
2023-04-21 12:31:30,119 root INFO Successfully retrieved LUV data
2023-04-21 12:31:30,239 root INFO Successfully retrieved LVS data
2023-04-21 12:31:30,386 root INFO Successfully retrieved LW data
2023-04-21 12:31:30,522 root INFO Successfully retrieved LYB data
2023-04-21 12:31:30,656 root INFO Successfully retrieved LYV data
2023-04-21 12:31:30,806 root INFO Successfully retrieved MA data
2023-04-21 12:31:30,957 root INFO Successfully retrieved MAA data
2023-04-21 12:31:31,138 root INFO Successfully retrieved MAR data
2023-04-21 12:31:31,320 root INFO Successfully retrieved MAS data
2023-04-21 12:31:31,506 root INFO Successfully retrieved MCD data
2023-04-21 12:31:31,706 root INFO Successfully retrieved MCHP data
2023-04-21 12:31:31,889 root INFO Successfully retrieved MCK data
2023-04-21 12:31:32,060 root INFO Successfully retrieved MCO data
2023-04-21 12:31:32,222 root INFO Successfully retrieved MDLZ data
2023-04-21 12:31:32,428 root INFO Successfully retrieved MDT data
2023-04-21 12:31:32,609 root INFO Successfully retrieved MET data
2023-04-21 12:31:32,723 root INFO Successfully retrieved META data
2023-04-21 12:31:32,861 root INFO Successfully retrieved MGM data
2023-04-21 12:31:32,975 root INFO Successfully retrieved MHK data
2023-04-21 12:31:33,162 root INFO Successfully retrieved MKC data
2023-04-21 12:31:33,322 root INFO Successfully retrieved MKTX data
2023-04-21 12:31:33,476 root INFO Successfully retrieved MLM data
2023-04-21 12:31:33,711 root INFO Successfully retrieved MMC data
2023-04-21 12:31:33,951 root INFO Successfully retrieved MMM data
2023-04-21 12:31:34,086 root INFO Successfully retrieved MNST data
2023-04-21 12:31:34,299 root INFO Successfully retrieved MO data
2023-04-21 12:31:34,436 root INFO Successfully retrieved MOH data
2023-04-21 12:31:34,622 root INFO Successfully retrieved MOS data
2023-04-21 12:31:34,766 root INFO Successfully retrieved MPC data
2023-04-21 12:31:34,906 root INFO Successfully retrieved MPWR data
2023-04-21 12:31:35,140 root INFO Successfully retrieved MRK data
2023-04-21 12:31:35,285 root INFO Successfully retrieved MRNA data
2023-04-21 12:31:35,528 root INFO Successfully retrieved MRO data
2023-04-21 12:31:35,679 root INFO Successfully retrieved MS data
2023-04-21 12:31:35,826 root INFO Successfully retrieved MSCI data
2023-04-21 12:31:35,995 root INFO Successfully retrieved MSFT data
2023-04-21 12:31:36,180 root INFO Successfully retrieved MSI data
2023-04-21 12:31:36,374 root INFO Successfully retrieved MTB data
2023-04-21 12:31:36,496 root INFO Successfully retrieved MTCH data
2023-04-21 12:31:36,626 root INFO Successfully retrieved MTD data
2023-04-21 12:31:36,781 root INFO Successfully retrieved MU data
2023-04-21 12:31:36,913 root INFO Successfully retrieved NCLH data
2023-04-21 12:31:37,077 root INFO Successfully retrieved NDAQ data
2023-04-21 12:31:37,248 root INFO Successfully retrieved NDSN data
2023-04-21 12:31:37,461 root INFO Successfully retrieved NEE data
2023-04-21 12:31:37,647 root INFO Successfully retrieved NEM data
2023-04-21 12:31:37,783 root INFO Successfully retrieved NFLX data
2023-04-21 12:31:37,977 root INFO Successfully retrieved NI data
2023-04-21 12:31:38,161 root INFO Successfully retrieved NKE data
2023-04-21 12:31:38,346 root INFO Successfully retrieved NOC data
2023-04-21 12:31:38,484 root INFO Successfully retrieved NOW data
2023-04-21 12:31:38,650 root INFO Successfully retrieved NRG data
2023-04-21 12:31:38,868 root INFO Successfully retrieved NSC data
2023-04-21 12:31:39,030 root INFO Successfully retrieved NTAP data
2023-04-21 12:31:39,206 root INFO Successfully retrieved NTRS data
2023-04-21 12:31:39,384 root INFO Successfully retrieved NUE data
2023-04-21 12:31:39,526 root INFO Successfully retrieved NVDA data
2023-04-21 12:31:39,670 root INFO Successfully retrieved NVR data
2023-04-21 12:31:39,855 root INFO Successfully retrieved NWL data
2023-04-21 12:31:40,008 root INFO Successfully retrieved NWS data
2023-04-21 12:31:40,140 root INFO Successfully retrieved NWSA data
2023-04-21 12:31:40,324 root INFO Successfully retrieved NXPI data
2023-04-21 12:31:40,497 root INFO Successfully retrieved O data
2023-04-21 12:31:40,625 root INFO Successfully retrieved ODFL data
2023-04-21 12:31:40,772 root INFO Successfully retrieved OGN data
2023-04-21 12:31:40,990 root INFO Successfully retrieved OKE data
2023-04-21 12:31:41,189 root INFO Successfully retrieved OMC data
2023-04-21 12:31:41,305 root INFO Successfully retrieved ON data
2023-04-21 12:31:41,460 root INFO Successfully retrieved ORCL data
2023-04-21 12:31:41,577 root INFO Successfully retrieved ORLY data
2023-04-21 12:31:41,712 root INFO Successfully retrieved OTIS data
2023-04-21 12:31:41,875 root INFO Successfully retrieved OXY data
2023-04-21 12:31:42,043 root INFO Successfully retrieved PARA data
2023-04-21 12:31:42,160 root INFO Successfully retrieved PAYC data
2023-04-21 12:31:42,377 root INFO Successfully retrieved PAYX data
2023-04-21 12:31:42,593 root INFO Successfully retrieved PCAR data
2023-04-21 12:31:42,763 root INFO Successfully retrieved PCG data
2023-04-21 12:31:42,964 root INFO Successfully retrieved PEAK data
2023-04-21 12:31:43,164 root INFO Successfully retrieved PEG data
2023-04-21 12:31:43,380 root INFO Successfully retrieved PEP data
2023-04-21 12:31:43,598 root INFO Successfully retrieved PFE data
2023-04-21 12:31:43,785 root INFO Successfully retrieved PFG data
2023-04-21 12:31:43,997 root INFO Successfully retrieved PG data
2023-04-21 12:31:44,181 root INFO Successfully retrieved PGR data
2023-04-21 12:31:44,367 root INFO Successfully retrieved PH data
2023-04-21 12:31:44,552 root INFO Successfully retrieved PHM data
2023-04-21 12:31:44,721 root INFO Successfully retrieved PKG data
2023-04-21 12:31:44,922 root INFO Successfully retrieved PKI data
2023-04-21 12:31:45,120 root INFO Successfully retrieved PLD data
2023-04-21 12:31:45,269 root INFO Successfully retrieved PM data
2023-04-21 12:31:45,455 root INFO Successfully retrieved PNC data
2023-04-21 12:31:45,636 root INFO Successfully retrieved PNR data
2023-04-21 12:31:45,852 root INFO Successfully retrieved PNW data
2023-04-21 12:31:45,968 root INFO Successfully retrieved PODD data
2023-04-21 12:31:46,156 root INFO Successfully retrieved POOL data
2023-04-21 12:31:46,354 root INFO Successfully retrieved PPG data
2023-04-21 12:31:46,542 root INFO Successfully retrieved PPL data
2023-04-21 12:31:46,711 root INFO Successfully retrieved PRU data
2023-04-21 12:31:46,893 root INFO Successfully retrieved PSA data
2023-04-21 12:31:47,041 root INFO Successfully retrieved PSX data
2023-04-21 12:31:47,178 root INFO Successfully retrieved PTC data
2023-04-21 12:31:47,307 root INFO Successfully retrieved PWR data
2023-04-21 12:31:47,479 root INFO Successfully retrieved PXD data
2023-04-21 12:31:47,595 root INFO Successfully retrieved PYPL data
2023-04-21 12:31:47,746 root INFO Successfully retrieved QCOM data
2023-04-21 12:31:47,860 root INFO Successfully retrieved QRVO data
2023-04-21 12:31:48,013 root INFO Successfully retrieved RCL data
2023-04-21 12:31:48,196 root INFO Successfully retrieved RE data
2023-04-21 12:31:48,359 root INFO Successfully retrieved REG data
2023-04-21 12:31:48,496 root INFO Successfully retrieved REGN data
2023-04-21 12:31:48,694 root INFO Successfully retrieved RF data
2023-04-21 12:31:48,881 root INFO Successfully retrieved RHI data
2023-04-21 12:31:49,089 root INFO Successfully retrieved RJF data
2023-04-21 12:31:49,240 root INFO Successfully retrieved RL data
2023-04-21 12:31:49,374 root INFO Successfully retrieved RMD data
2023-04-21 12:31:49,571 root INFO Successfully retrieved ROK data
2023-04-21 12:31:49,773 root INFO Successfully retrieved ROL data
2023-04-21 12:31:49,937 root INFO Successfully retrieved ROP data
2023-04-21 12:31:50,091 root INFO Successfully retrieved ROST data
2023-04-21 12:31:50,254 root INFO Successfully retrieved RSG data
2023-04-21 12:31:50,459 root INFO Successfully retrieved RTX data
2023-04-21 12:31:50,608 root INFO Successfully retrieved SBAC data
2023-04-21 12:31:50,739 root INFO Successfully retrieved SBUX data
2023-04-21 12:31:50,924 root INFO Successfully retrieved SCHW data
2023-04-21 12:31:51,053 root INFO Successfully retrieved SEDG data
2023-04-21 12:31:51,209 root INFO Successfully retrieved SEE data
2023-04-21 12:31:51,406 root INFO Successfully retrieved SHW data
2023-04-21 12:31:51,562 root INFO Successfully retrieved SJM data
2023-04-21 12:31:51,759 root INFO Successfully retrieved SLB data
2023-04-21 12:31:51,939 root INFO Successfully retrieved SNA data
2023-04-21 12:31:52,076 root INFO Successfully retrieved SNPS data
2023-04-21 12:31:52,271 root INFO Successfully retrieved SO data
2023-04-21 12:31:52,425 root INFO Successfully retrieved SPG data
2023-04-21 12:31:52,605 root INFO Successfully retrieved SPGI data
2023-04-21 12:31:52,766 root INFO Successfully retrieved SRE data
2023-04-21 12:31:52,929 root INFO Successfully retrieved STE data
2023-04-21 12:31:53,066 root INFO Successfully retrieved STLD data
2023-04-21 12:31:53,245 root INFO Successfully retrieved STT data
2023-04-21 12:31:53,415 root INFO Successfully retrieved STX data
2023-04-21 12:31:53,548 root INFO Successfully retrieved STZ data
2023-04-21 12:31:53,715 root INFO Successfully retrieved SWK data
2023-04-21 12:31:53,856 root INFO Successfully retrieved SWKS data
2023-04-21 12:31:54,001 root INFO Successfully retrieved SYF data
2023-04-21 12:31:54,181 root INFO Successfully retrieved SYK data
2023-04-21 12:31:54,349 root INFO Successfully retrieved SYY data
2023-04-21 12:31:54,536 root INFO Successfully retrieved T data
2023-04-21 12:31:54,707 root INFO Successfully retrieved TAP data
2023-04-21 12:31:54,851 root INFO Successfully retrieved TDG data
2023-04-21 12:31:54,967 root INFO Successfully retrieved TDY data
2023-04-21 12:31:55,108 root INFO Successfully retrieved TECH data
2023-04-21 12:31:55,280 root INFO Successfully retrieved TEL data
2023-04-21 12:31:55,421 root INFO Successfully retrieved TER data
2023-04-21 12:31:55,632 root INFO Successfully retrieved TFC data
2023-04-21 12:31:55,804 root INFO Successfully retrieved TFX data
2023-04-21 12:31:55,987 root INFO Successfully retrieved TGT data
2023-04-21 12:31:56,154 root INFO Successfully retrieved TJX data
2023-04-21 12:31:56,334 root INFO Successfully retrieved TMO data
2023-04-21 12:31:56,447 root INFO Successfully retrieved TMUS data
2023-04-21 12:31:56,587 root INFO Successfully retrieved TPR data
2023-04-21 12:31:56,716 root INFO Successfully retrieved TRGP data
2023-04-21 12:31:56,837 root INFO Successfully retrieved TRMB data
2023-04-21 12:31:57,020 root INFO Successfully retrieved TROW data
2023-04-21 12:31:57,187 root INFO Successfully retrieved TRV data
2023-04-21 12:31:57,371 root INFO Successfully retrieved TSCO data
2023-04-21 12:31:57,487 root INFO Successfully retrieved TSLA data
2023-04-21 12:31:57,653 root INFO Successfully retrieved TSN data
2023-04-21 12:31:57,840 root INFO Successfully retrieved TT data
2023-04-21 12:31:57,974 root INFO Successfully retrieved TTWO data
2023-04-21 12:31:58,153 root INFO Successfully retrieved TXN data
2023-04-21 12:31:58,353 root INFO Successfully retrieved TXT data
2023-04-21 12:31:58,491 root INFO Successfully retrieved TYL data
2023-04-21 12:31:58,653 root INFO Successfully retrieved UAL data
2023-04-21 12:31:58,854 root INFO Successfully retrieved UDR data
2023-04-21 12:31:59,008 root INFO Successfully retrieved UHS data
2023-04-21 12:31:59,139 root INFO Successfully retrieved ULTA data
2023-04-21 12:31:59,308 root INFO Successfully retrieved UNH data
2023-04-21 12:31:59,473 root INFO Successfully retrieved UNP data
2023-04-21 12:31:59,624 root INFO Successfully retrieved UPS data
2023-04-21 12:31:59,744 root INFO Successfully retrieved URI data
2023-04-21 12:31:59,925 root INFO Successfully retrieved USB data
2023-04-21 12:32:00,089 root INFO Successfully retrieved V data
2023-04-21 12:32:00,257 root INFO Successfully retrieved VFC data
2023-04-21 12:32:00,404 root INFO Successfully retrieved VICI data
2023-04-21 12:32:00,586 root INFO Successfully retrieved VLO data
2023-04-21 12:32:00,789 root INFO Successfully retrieved VMC data
2023-04-21 12:32:00,927 root INFO Successfully retrieved VRSK data
2023-04-21 12:32:01,038 root INFO Successfully retrieved VRSN data
2023-04-21 12:32:01,175 root INFO Successfully retrieved VRTX data
2023-04-21 12:32:01,344 root INFO Successfully retrieved VTR data
2023-04-21 12:32:01,491 root INFO Successfully retrieved VTRS data
2023-04-21 12:32:01,676 root INFO Successfully retrieved VZ data
2023-04-21 12:32:01,845 root INFO Successfully retrieved WAB data
2023-04-21 12:32:01,977 root INFO Successfully retrieved WAT data
2023-04-21 12:32:02,177 root INFO Successfully retrieved WBA data
2023-04-21 12:32:02,293 root INFO Successfully retrieved WBD data
2023-04-21 12:32:02,431 root INFO Successfully retrieved WDC data
2023-04-21 12:32:02,596 root INFO Successfully retrieved WEC data
2023-04-21 12:32:02,794 root INFO Successfully retrieved WELL data
2023-04-21 12:32:02,979 root INFO Successfully retrieved WFC data
2023-04-21 12:32:03,146 root INFO Successfully retrieved WHR data
2023-04-21 12:32:03,310 root INFO Successfully retrieved WM data
2023-04-21 12:32:03,464 root INFO Successfully retrieved WMB data
2023-04-21 12:32:03,715 root INFO Successfully retrieved WMT data
2023-04-21 12:32:03,881 root INFO Successfully retrieved WRB data
2023-04-21 12:32:04,034 root INFO Successfully retrieved WRK data
2023-04-21 12:32:04,202 root INFO Successfully retrieved WST data
2023-04-21 12:32:04,384 root INFO Successfully retrieved WTW data
2023-04-21 12:32:04,572 root INFO Successfully retrieved WY data
2023-04-21 12:32:04,714 root INFO Successfully retrieved WYNN data
2023-04-21 12:32:04,919 root INFO Successfully retrieved XEL data
2023-04-21 12:32:05,135 root INFO Successfully retrieved XOM data
2023-04-21 12:32:05,351 root INFO Successfully retrieved XRAY data
2023-04-21 12:32:05,555 root INFO Successfully retrieved XYL data
2023-04-21 12:32:05,723 root INFO Successfully retrieved YUM data
2023-04-21 12:32:05,915 root INFO Successfully retrieved ZBH data
2023-04-21 12:32:06,020 root INFO Successfully retrieved ZBRA data
2023-04-21 12:32:06,200 root INFO Successfully retrieved ZION data
2023-04-21 12:32:06,356 root INFO Successfully retrieved ZTS data
