2023-04-19 15:34:30,772 root INFO Successfully retrieved A data
2023-04-19 15:34:30,916 root INFO Successfully retrieved AAL data
2023-04-19 15:34:31,068 root INFO Successfully retrieved AAP data
2023-04-19 15:34:31,238 root INFO Successfully retrieved AAPL data
2023-04-19 15:34:31,359 root INFO Successfully retrieved ABBV data
2023-04-19 15:34:31,506 root INFO Successfully retrieved ABC data
2023-04-19 15:34:31,658 root INFO Successfully retrieved ABT data
2023-04-19 15:34:31,769 root INFO Successfully retrieved ACGL data
2023-04-19 15:34:31,912 root INFO Successfully retrieved ACN data
2023-04-19 15:34:32,043 root INFO Successfully retrieved ADBE data
2023-04-19 15:34:32,190 root INFO Successfully retrieved ADI data
2023-04-19 15:34:32,344 root INFO Successfully retrieved ADM data
2023-04-19 15:34:32,496 root INFO Successfully retrieved ADP data
2023-04-19 15:34:32,636 root INFO Successfully retrieved ADSK data
2023-04-19 15:34:32,810 root INFO Successfully retrieved AEE data
2023-04-19 15:34:33,013 root INFO Successfully retrieved AEP data
2023-04-19 15:34:33,165 root INFO Successfully retrieved AES data
2023-04-19 15:34:33,342 root INFO Successfully retrieved AFL data
2023-04-19 15:34:33,512 root INFO Successfully retrieved AIG data
2023-04-19 15:34:33,663 root INFO Successfully retrieved AIZ data
2023-04-19 15:34:33,840 root INFO Successfully retrieved AJG data
2023-04-19 15:34:33,964 root INFO Successfully retrieved AKAM data
2023-04-19 15:34:34,123 root INFO Successfully retrieved ALB data
2023-04-19 15:34:34,246 root INFO Successfully retrieved ALGN data
2023-04-19 15:34:34,400 root INFO Successfully retrieved ALK data
2023-04-19 15:34:34,541 root INFO Successfully retrieved ALL data
2023-04-19 15:34:34,676 root INFO Successfully retrieved ALLE data
2023-04-19 15:34:34,826 root INFO Successfully retrieved AMAT data
2023-04-19 15:34:34,952 root INFO Successfully retrieved AMCR data
2023-04-19 15:34:35,108 root INFO Successfully retrieved AMD data
2023-04-19 15:34:35,276 root INFO Successfully retrieved AME data
2023-04-19 15:34:35,412 root INFO Successfully retrieved AMGN data
2023-04-19 15:34:35,556 root INFO Successfully retrieved AMP data
2023-04-19 15:34:35,706 root INFO Successfully retrieved AMT data
2023-04-19 15:34:35,837 root INFO Successfully retrieved AMZN data
2023-04-19 15:34:35,962 root INFO Successfully retrieved ANET data
2023-04-19 15:34:36,087 root INFO Successfully retrieved ANSS data
2023-04-19 15:34:36,256 root INFO Successfully retrieved AON data
2023-04-19 15:34:36,421 root INFO Successfully retrieved AOS data
2023-04-19 15:34:36,588 root INFO Successfully retrieved APA data
2023-04-19 15:34:36,754 root INFO Successfully retrieved APD data
2023-04-19 15:34:36,904 root INFO Successfully retrieved APH data
2023-04-19 15:34:37,045 root INFO Successfully retrieved APTV data
2023-04-19 15:34:37,201 root INFO Successfully retrieved ARE data
2023-04-19 15:34:37,349 root INFO Successfully retrieved ATO data
2023-04-19 15:34:37,493 root INFO Successfully retrieved ATVI data
2023-04-19 15:34:37,643 root INFO Successfully retrieved AVB data
2023-04-19 15:34:37,789 root INFO Successfully retrieved AVGO data
2023-04-19 15:34:37,977 root INFO Successfully retrieved AVY data
2023-04-19 15:34:38,127 root INFO Successfully retrieved AWK data
2023-04-19 15:34:38,307 root INFO Successfully retrieved AXP data
2023-04-19 15:34:38,460 root INFO Successfully retrieved AZO data
2023-04-19 15:34:38,659 root INFO Successfully retrieved BA data
2023-04-19 15:34:38,823 root INFO Successfully retrieved BAC data
2023-04-19 15:34:38,980 root INFO Successfully retrieved BALL data
2023-04-19 15:34:39,207 root INFO Successfully retrieved BAX data
2023-04-19 15:34:39,382 root INFO Successfully retrieved BBWI data
2023-04-19 15:34:39,529 root INFO Successfully retrieved BBY data
2023-04-19 15:34:39,724 root INFO Successfully retrieved BDX data
2023-04-19 15:34:39,940 root INFO Successfully retrieved BEN data
2023-04-19 15:34:40,122 root INFO Successfully retrieved BF-B data
2023-04-19 15:34:40,278 root INFO Successfully retrieved BG data
2023-04-19 15:34:40,423 root INFO Successfully retrieved BIIB data
2023-04-19 15:34:40,565 root INFO Successfully retrieved BIO data
2023-04-19 15:34:40,745 root INFO Successfully retrieved BK data
2023-04-19 15:34:40,896 root INFO Successfully retrieved BKNG data
2023-04-19 15:34:41,072 root INFO Successfully retrieved BKR data
2023-04-19 15:34:41,219 root INFO Successfully retrieved BLK data
2023-04-19 15:34:41,464 root INFO Successfully retrieved BMY data
2023-04-19 15:34:41,607 root INFO Successfully retrieved BR data
2023-04-19 15:34:41,742 root INFO Successfully retrieved BRK-B data
2023-04-19 15:34:41,904 root INFO Successfully retrieved BRO data
2023-04-19 15:34:42,037 root INFO Successfully retrieved BSX data
2023-04-19 15:34:42,214 root INFO Successfully retrieved BWA data
2023-04-19 15:34:42,364 root INFO Successfully retrieved BXP data
2023-04-19 15:34:42,522 root INFO Successfully retrieved C data
2023-04-19 15:34:42,693 root INFO Successfully retrieved CAG data
2023-04-19 15:34:42,894 root INFO Successfully retrieved CAH data
2023-04-19 15:34:43,037 root INFO Successfully retrieved CARR data
2023-04-19 15:34:43,238 root INFO Successfully retrieved CAT data
2023-04-19 15:34:43,407 root INFO Successfully retrieved CB data
2023-04-19 15:34:43,533 root INFO Successfully retrieved CBOE data
2023-04-19 15:34:43,667 root INFO Successfully retrieved CBRE data
2023-04-19 15:34:43,802 root INFO Successfully retrieved CCI data
2023-04-19 15:34:43,970 root INFO Successfully retrieved CCL data
2023-04-19 15:34:44,102 root INFO Successfully retrieved CDAY data
2023-04-19 15:34:44,230 root INFO Successfully retrieved CDNS data
2023-04-19 15:34:44,405 root INFO Successfully retrieved CDW data
2023-04-19 15:34:44,567 root INFO Successfully retrieved CE data
2023-04-19 15:34:44,737 root INFO Successfully retrieved CEG data
2023-04-19 15:34:44,909 root INFO Successfully retrieved CF data
2023-04-19 15:34:45,057 root INFO Successfully retrieved CFG data
2023-04-19 15:34:45,213 root INFO Successfully retrieved CHD data
2023-04-19 15:34:45,360 root INFO Successfully retrieved CHRW data
2023-04-19 15:34:45,498 root INFO Successfully retrieved CHTR data
2023-04-19 15:34:45,679 root INFO Successfully retrieved CI data
2023-04-19 15:34:45,837 root INFO Successfully retrieved CINF data
2023-04-19 15:34:46,013 root INFO Successfully retrieved CL data
2023-04-19 15:34:46,212 root INFO Successfully retrieved CLX data
2023-04-19 15:34:46,383 root INFO Successfully retrieved CMA data
2023-04-19 15:34:46,545 root INFO Successfully retrieved CMCSA data
2023-04-19 15:34:46,704 root INFO Successfully retrieved CME data
2023-04-19 15:34:46,877 root INFO Successfully retrieved CMG data
2023-04-19 15:34:47,106 root INFO Successfully retrieved CMI data
2023-04-19 15:34:47,281 root INFO Successfully retrieved CMS data
2023-04-19 15:34:47,403 root INFO Successfully retrieved CNC data
2023-04-19 15:34:47,667 root INFO Successfully retrieved CNP data
2023-04-19 15:34:47,864 root INFO Successfully retrieved COF data
2023-04-19 15:34:48,345 root INFO Successfully retrieved COO data
2023-04-19 15:34:48,502 root INFO Successfully retrieved COP data
2023-04-19 15:34:48,642 root INFO Successfully retrieved COST data
2023-04-19 15:34:48,801 root INFO Successfully retrieved CPB data
2023-04-19 15:34:48,937 root INFO Successfully retrieved CPRT data
2023-04-19 15:34:49,088 root INFO Successfully retrieved CPT data
2023-04-19 15:34:49,220 root INFO Successfully retrieved CRL data
2023-04-19 15:34:49,345 root INFO Successfully retrieved CRM data
2023-04-19 15:34:49,528 root INFO Successfully retrieved CSCO data
2023-04-19 15:34:49,708 root INFO Successfully retrieved CSGP data
2023-04-19 15:34:49,880 root INFO Successfully retrieved CSX data
2023-04-19 15:34:50,085 root INFO Successfully retrieved CTAS data
2023-04-19 15:34:50,225 root INFO Successfully retrieved CTLT data
2023-04-19 15:34:50,439 root INFO Successfully retrieved CTRA data
2023-04-19 15:34:50,556 root INFO Successfully retrieved CTSH data
2023-04-19 15:34:50,697 root INFO Successfully retrieved CTVA data
2023-04-19 15:34:50,902 root INFO Successfully retrieved CVS data
2023-04-19 15:34:51,091 root INFO Successfully retrieved CVX data
2023-04-19 15:34:51,227 root INFO Successfully retrieved CZR data
2023-04-19 15:34:51,429 root INFO Successfully retrieved D data
2023-04-19 15:34:51,593 root INFO Successfully retrieved DAL data
2023-04-19 15:34:51,799 root INFO Successfully retrieved DD data
2023-04-19 15:34:51,997 root INFO Successfully retrieved DE data
2023-04-19 15:34:52,148 root INFO Successfully retrieved DFS data
2023-04-19 15:34:52,282 root INFO Successfully retrieved DG data
2023-04-19 15:34:52,430 root INFO Successfully retrieved DGX data
2023-04-19 15:34:52,588 root INFO Successfully retrieved DHI data
2023-04-19 15:34:52,759 root INFO Successfully retrieved DHR data
2023-04-19 15:34:52,967 root INFO Successfully retrieved DIS data
2023-04-19 15:34:53,105 root INFO Successfully retrieved DISH data
2023-04-19 15:34:53,260 root INFO Successfully retrieved DLR data
2023-04-19 15:34:53,394 root INFO Successfully retrieved DLTR data
2023-04-19 15:34:53,568 root INFO Successfully retrieved DOV data
2023-04-19 15:34:53,746 root INFO Successfully retrieved DOW data
2023-04-19 15:34:53,884 root INFO Successfully retrieved DPZ data
2023-04-19 15:34:54,045 root INFO Successfully retrieved DRI data
2023-04-19 15:34:54,266 root INFO Successfully retrieved DTE data
2023-04-19 15:34:54,468 root INFO Successfully retrieved DUK data
2023-04-19 15:34:54,599 root INFO Successfully retrieved DVA data
2023-04-19 15:34:54,752 root INFO Successfully retrieved DVN data
2023-04-19 15:34:54,882 root INFO Successfully retrieved DXC data
2023-04-19 15:34:55,111 root INFO Successfully retrieved DXCM data
2023-04-19 15:34:55,241 root INFO Successfully retrieved EA data
2023-04-19 15:34:55,429 root INFO Successfully retrieved EBAY data
2023-04-19 15:34:55,659 root INFO Successfully retrieved ECL data
2023-04-19 15:34:55,914 root INFO Successfully retrieved ED data
2023-04-19 15:34:56,084 root INFO Successfully retrieved EFX data
2023-04-19 15:34:56,262 root INFO Successfully retrieved EIX data
2023-04-19 15:34:56,470 root INFO Successfully retrieved EL data
2023-04-19 15:34:56,611 root INFO Successfully retrieved ELV data
2023-04-19 15:34:56,768 root INFO Successfully retrieved EMN data
2023-04-19 15:34:56,954 root INFO Successfully retrieved EMR data
2023-04-19 15:34:57,104 root INFO Successfully retrieved ENPH data
2023-04-19 15:34:57,269 root INFO Successfully retrieved EOG data
2023-04-19 15:34:57,400 root INFO Successfully retrieved EPAM data
2023-04-19 15:34:57,535 root INFO Successfully retrieved EQIX data
2023-04-19 15:34:57,723 root INFO Successfully retrieved EQR data
2023-04-19 15:34:57,929 root INFO Successfully retrieved EQT data
2023-04-19 15:34:58,150 root INFO Successfully retrieved ES data
2023-04-19 15:34:58,319 root INFO Successfully retrieved ESS data
2023-04-19 15:34:58,489 root INFO Successfully retrieved ETN data
2023-04-19 15:34:58,687 root INFO Successfully retrieved ETR data
2023-04-19 15:34:58,805 root INFO Successfully retrieved ETSY data
2023-04-19 15:34:58,979 root INFO Successfully retrieved EVRG data
2023-04-19 15:34:59,104 root INFO Successfully retrieved EW data
2023-04-19 15:34:59,297 root INFO Successfully retrieved EXC data
2023-04-19 15:34:59,473 root INFO Successfully retrieved EXPD data
2023-04-19 15:34:59,608 root INFO Successfully retrieved EXPE data
2023-04-19 15:34:59,750 root INFO Successfully retrieved EXR data
2023-04-19 15:34:59,919 root INFO Successfully retrieved F data
2023-04-19 15:35:00,054 root INFO Successfully retrieved FANG data
2023-04-19 15:35:00,223 root INFO Successfully retrieved FAST data
2023-04-19 15:35:00,407 root INFO Successfully retrieved FCX data
2023-04-19 15:35:00,555 root INFO Successfully retrieved FDS data
2023-04-19 15:35:00,752 root INFO Successfully retrieved FDX data
2023-04-19 15:35:00,946 root INFO Successfully retrieved FE data
2023-04-19 15:35:01,096 root INFO Successfully retrieved FFIV data
2023-04-19 15:35:01,305 root INFO Successfully retrieved FICO data
2023-04-19 15:35:01,453 root INFO Successfully retrieved FIS data
2023-04-19 15:35:01,576 root INFO Successfully retrieved FISV data
2023-04-19 15:35:01,745 root INFO Successfully retrieved FITB data
2023-04-19 15:35:01,877 root INFO Successfully retrieved FLT data
2023-04-19 15:35:02,040 root INFO Successfully retrieved FMC data
2023-04-19 15:35:02,189 root INFO Successfully retrieved FOX data
2023-04-19 15:35:02,318 root INFO Successfully retrieved FOXA data
2023-04-19 15:35:02,455 root INFO Successfully retrieved FRC data
2023-04-19 15:35:02,634 root INFO Successfully retrieved FRT data
2023-04-19 15:35:02,809 root INFO Successfully retrieved FSLR data
2023-04-19 15:35:02,938 root INFO Successfully retrieved FTNT data
2023-04-19 15:35:03,080 root INFO Successfully retrieved FTV data
2023-04-19 15:35:03,357 root INFO Successfully retrieved GD data
2023-04-19 15:35:03,600 root INFO Successfully retrieved GE data
2023-04-19 15:35:03,723 root INFO Successfully retrieved GEHC data
2023-04-19 15:35:03,864 root INFO Successfully retrieved GEN data
2023-04-19 15:35:04,003 root INFO Successfully retrieved GILD data
2023-04-19 15:35:04,215 root INFO Successfully retrieved GIS data
2023-04-19 15:35:04,375 root INFO Successfully retrieved GL data
2023-04-19 15:35:04,599 root INFO Successfully retrieved GLW data
2023-04-19 15:35:04,733 root INFO Successfully retrieved GM data
2023-04-19 15:35:04,869 root INFO Successfully retrieved GNRC data
2023-04-19 15:35:04,998 root INFO Successfully retrieved GOOG data
2023-04-19 15:35:05,199 root INFO Successfully retrieved GOOGL data
2023-04-19 15:35:05,429 root INFO Successfully retrieved GPC data
2023-04-19 15:35:05,660 root INFO Successfully retrieved GPN data
2023-04-19 15:35:05,861 root INFO Successfully retrieved GRMN data
2023-04-19 15:35:06,062 root INFO Successfully retrieved GS data
2023-04-19 15:35:06,227 root INFO Successfully retrieved GWW data
2023-04-19 15:35:06,420 root INFO Successfully retrieved HAL data
2023-04-19 15:35:06,849 root INFO Successfully retrieved HAS data
2023-04-19 15:35:07,068 root INFO Successfully retrieved HBAN data
2023-04-19 15:35:07,213 root INFO Successfully retrieved HCA data
2023-04-19 15:35:07,376 root INFO Successfully retrieved HD data
2023-04-19 15:35:07,547 root INFO Successfully retrieved HES data
2023-04-19 15:35:07,708 root INFO Successfully retrieved HIG data
2023-04-19 15:35:07,863 root INFO Successfully retrieved HII data
2023-04-19 15:35:08,023 root INFO Successfully retrieved HLT data
2023-04-19 15:35:08,156 root INFO Successfully retrieved HOLX data
2023-04-19 15:35:08,363 root INFO Successfully retrieved HON data
2023-04-19 15:35:08,486 root INFO Successfully retrieved HPE data
2023-04-19 15:35:08,727 root INFO Successfully retrieved HPQ data
2023-04-19 15:35:08,890 root INFO Successfully retrieved HRL data
2023-04-19 15:35:09,022 root INFO Successfully retrieved HSIC data
2023-04-19 15:35:09,190 root INFO Successfully retrieved HST data
2023-04-19 15:35:09,349 root INFO Successfully retrieved HSY data
2023-04-19 15:35:09,507 root INFO Successfully retrieved HUM data
2023-04-19 15:35:09,642 root INFO Successfully retrieved HWM data
2023-04-19 15:35:09,851 root INFO Successfully retrieved IBM data
2023-04-19 15:35:09,974 root INFO Successfully retrieved ICE data
2023-04-19 15:35:10,101 root INFO Successfully retrieved IDXX data
2023-04-19 15:35:10,239 root INFO Successfully retrieved IEX data
2023-04-19 15:35:10,430 root INFO Successfully retrieved IFF data
2023-04-19 15:35:10,554 root INFO Successfully retrieved ILMN data
2023-04-19 15:35:10,691 root INFO Successfully retrieved INCY data
2023-04-19 15:35:10,860 root INFO Successfully retrieved INTC data
2023-04-19 15:35:11,022 root INFO Successfully retrieved INTU data
2023-04-19 15:35:11,160 root INFO Successfully retrieved INVH data
2023-04-19 15:35:11,360 root INFO Successfully retrieved IP data
2023-04-19 15:35:11,516 root INFO Successfully retrieved IPG data
2023-04-19 15:35:11,642 root INFO Successfully retrieved IQV data
2023-04-19 15:35:11,766 root INFO Successfully retrieved IR data
2023-04-19 15:35:11,908 root INFO Successfully retrieved IRM data
2023-04-19 15:35:12,030 root INFO Successfully retrieved ISRG data
2023-04-19 15:35:12,153 root INFO Successfully retrieved IT data
2023-04-19 15:35:12,313 root INFO Successfully retrieved ITW data
2023-04-19 15:35:12,467 root INFO Successfully retrieved IVZ data
2023-04-19 15:35:12,597 root INFO Successfully retrieved J data
2023-04-19 15:35:12,814 root INFO Successfully retrieved JBHT data
2023-04-19 15:35:12,992 root INFO Successfully retrieved JCI data
2023-04-19 15:35:13,161 root INFO Successfully retrieved JKHY data
2023-04-19 15:35:13,363 root INFO Successfully retrieved JNJ data
2023-04-19 15:35:13,502 root INFO Successfully retrieved JNPR data
2023-04-19 15:35:13,666 root INFO Successfully retrieved JPM data
2023-04-19 15:35:13,848 root INFO Successfully retrieved K data
2023-04-19 15:35:13,993 root INFO Successfully retrieved KDP data
2023-04-19 15:35:14,154 root INFO Successfully retrieved KEY data
2023-04-19 15:35:14,276 root INFO Successfully retrieved KEYS data
2023-04-19 15:35:14,412 root INFO Successfully retrieved KHC data
2023-04-19 15:35:14,576 root INFO Successfully retrieved KIM data
2023-04-19 15:35:14,717 root INFO Successfully retrieved KLAC data
2023-04-19 15:35:14,877 root INFO Successfully retrieved KMB data
2023-04-19 15:35:15,029 root INFO Successfully retrieved KMI data
2023-04-19 15:35:15,157 root INFO Successfully retrieved KMX data
2023-04-19 15:35:15,341 root INFO Successfully retrieved KO data
2023-04-19 15:35:15,577 root INFO Successfully retrieved KR data
2023-04-19 15:35:15,786 root INFO Successfully retrieved L data
2023-04-19 15:35:15,926 root INFO Successfully retrieved LDOS data
2023-04-19 15:35:16,094 root INFO Successfully retrieved LEN data
2023-04-19 15:35:16,263 root INFO Successfully retrieved LH data
2023-04-19 15:35:16,443 root INFO Successfully retrieved LHX data
2023-04-19 15:35:16,663 root INFO Successfully retrieved LIN data
2023-04-19 15:35:16,792 root INFO Successfully retrieved LKQ data
2023-04-19 15:35:16,991 root INFO Successfully retrieved LLY data
2023-04-19 15:35:17,136 root INFO Successfully retrieved LMT data
2023-04-19 15:35:17,307 root INFO Successfully retrieved LNC data
2023-04-19 15:35:17,483 root INFO Successfully retrieved LNT data
2023-04-19 15:35:17,663 root INFO Successfully retrieved LOW data
2023-04-19 15:35:17,802 root INFO Successfully retrieved LRCX data
2023-04-19 15:35:17,981 root INFO Successfully retrieved LUV data
2023-04-19 15:35:18,104 root INFO Successfully retrieved LVS data
2023-04-19 15:35:18,236 root INFO Successfully retrieved LW data
2023-04-19 15:35:18,384 root INFO Successfully retrieved LYB data
2023-04-19 15:35:18,511 root INFO Successfully retrieved LYV data
2023-04-19 15:35:18,653 root INFO Successfully retrieved MA data
2023-04-19 15:35:18,790 root INFO Successfully retrieved MAA data
2023-04-19 15:35:18,949 root INFO Successfully retrieved MAR data
2023-04-19 15:35:19,124 root INFO Successfully retrieved MAS data
2023-04-19 15:35:19,317 root INFO Successfully retrieved MCD data
2023-04-19 15:35:19,465 root INFO Successfully retrieved MCHP data
2023-04-19 15:35:19,619 root INFO Successfully retrieved MCK data
2023-04-19 15:35:19,777 root INFO Successfully retrieved MCO data
2023-04-19 15:35:19,930 root INFO Successfully retrieved MDLZ data
2023-04-19 15:35:20,093 root INFO Successfully retrieved MDT data
2023-04-19 15:35:20,248 root INFO Successfully retrieved MET data
2023-04-19 15:35:20,414 root INFO Successfully retrieved META data
2023-04-19 15:35:20,557 root INFO Successfully retrieved MGM data
2023-04-19 15:35:20,668 root INFO Successfully retrieved MHK data
2023-04-19 15:35:20,864 root INFO Successfully retrieved MKC data
2023-04-19 15:35:21,001 root INFO Successfully retrieved MKTX data
2023-04-19 15:35:21,177 root INFO Successfully retrieved MLM data
2023-04-19 15:35:21,381 root INFO Successfully retrieved MMC data
2023-04-19 15:35:21,590 root INFO Successfully retrieved MMM data
2023-04-19 15:35:21,711 root INFO Successfully retrieved MNST data
2023-04-19 15:35:21,923 root INFO Successfully retrieved MO data
2023-04-19 15:35:22,058 root INFO Successfully retrieved MOH data
2023-04-19 15:35:22,230 root INFO Successfully retrieved MOS data
2023-04-19 15:35:22,365 root INFO Successfully retrieved MPC data
2023-04-19 15:35:22,512 root INFO Successfully retrieved MPWR data
2023-04-19 15:35:22,718 root INFO Successfully retrieved MRK data
2023-04-19 15:35:22,864 root INFO Successfully retrieved MRNA data
2023-04-19 15:35:23,067 root INFO Successfully retrieved MRO data
2023-04-19 15:35:23,226 root INFO Successfully retrieved MS data
2023-04-19 15:35:23,363 root INFO Successfully retrieved MSCI data
2023-04-19 15:35:23,545 root INFO Successfully retrieved MSFT data
2023-04-19 15:35:23,761 root INFO Successfully retrieved MSI data
2023-04-19 15:35:23,922 root INFO Successfully retrieved MTB data
2023-04-19 15:35:24,107 root INFO Successfully retrieved MTCH data
2023-04-19 15:35:24,232 root INFO Successfully retrieved MTD data
2023-04-19 15:35:24,387 root INFO Successfully retrieved MU data
2023-04-19 15:35:24,507 root INFO Successfully retrieved NCLH data
2023-04-19 15:35:24,651 root INFO Successfully retrieved NDAQ data
2023-04-19 15:35:24,808 root INFO Successfully retrieved NDSN data
2023-04-19 15:35:24,986 root INFO Successfully retrieved NEE data
2023-04-19 15:35:25,173 root INFO Successfully retrieved NEM data
2023-04-19 15:35:25,307 root INFO Successfully retrieved NFLX data
2023-04-19 15:35:25,467 root INFO Successfully retrieved NI data
2023-04-19 15:35:25,619 root INFO Successfully retrieved NKE data
2023-04-19 15:35:25,794 root INFO Successfully retrieved NOC data
2023-04-19 15:35:25,918 root INFO Successfully retrieved NOW data
2023-04-19 15:35:26,051 root INFO Successfully retrieved NRG data
2023-04-19 15:35:26,219 root INFO Successfully retrieved NSC data
2023-04-19 15:35:26,384 root INFO Successfully retrieved NTAP data
2023-04-19 15:35:26,542 root INFO Successfully retrieved NTRS data
2023-04-19 15:35:26,706 root INFO Successfully retrieved NUE data
2023-04-19 15:35:26,850 root INFO Successfully retrieved NVDA data
2023-04-19 15:35:26,980 root INFO Successfully retrieved NVR data
2023-04-19 15:35:27,142 root INFO Successfully retrieved NWL data
2023-04-19 15:35:27,282 root INFO Successfully retrieved NWS data
2023-04-19 15:35:27,422 root INFO Successfully retrieved NWSA data
2023-04-19 15:35:27,561 root INFO Successfully retrieved NXPI data
2023-04-19 15:35:27,723 root INFO Successfully retrieved O data
2023-04-19 15:35:27,925 root INFO Successfully retrieved ODFL data
2023-04-19 15:35:28,062 root INFO Successfully retrieved OGN data
2023-04-19 15:35:28,231 root INFO Successfully retrieved OKE data
2023-04-19 15:35:28,408 root INFO Successfully retrieved OMC data
2023-04-19 15:35:28,575 root INFO Successfully retrieved ON data
2023-04-19 15:35:28,740 root INFO Successfully retrieved ORCL data
2023-04-19 15:35:28,863 root INFO Successfully retrieved ORLY data
2023-04-19 15:35:28,996 root INFO Successfully retrieved OTIS data
2023-04-19 15:35:29,193 root INFO Successfully retrieved OXY data
2023-04-19 15:35:29,342 root INFO Successfully retrieved PARA data
2023-04-19 15:35:29,477 root INFO Successfully retrieved PAYC data
2023-04-19 15:35:29,636 root INFO Successfully retrieved PAYX data
2023-04-19 15:35:29,814 root INFO Successfully retrieved PCAR data
2023-04-19 15:35:30,045 root INFO Successfully retrieved PCG data
2023-04-19 15:35:30,222 root INFO Successfully retrieved PEAK data
2023-04-19 15:35:30,401 root INFO Successfully retrieved PEG data
2023-04-19 15:35:30,577 root INFO Successfully retrieved PEP data
2023-04-19 15:35:30,819 root INFO Successfully retrieved PFE data
2023-04-19 15:35:30,952 root INFO Successfully retrieved PFG data
2023-04-19 15:35:31,207 root INFO Successfully retrieved PG data
2023-04-19 15:35:31,408 root INFO Successfully retrieved PGR data
2023-04-19 15:35:31,575 root INFO Successfully retrieved PH data
2023-04-19 15:35:31,729 root INFO Successfully retrieved PHM data
2023-04-19 15:35:31,880 root INFO Successfully retrieved PKG data
2023-04-19 15:35:32,098 root INFO Successfully retrieved PKI data
2023-04-19 15:35:32,253 root INFO Successfully retrieved PLD data
2023-04-19 15:35:32,406 root INFO Successfully retrieved PM data
2023-04-19 15:35:32,586 root INFO Successfully retrieved PNC data
2023-04-19 15:35:32,762 root INFO Successfully retrieved PNR data
2023-04-19 15:35:32,939 root INFO Successfully retrieved PNW data
2023-04-19 15:35:33,103 root INFO Successfully retrieved PODD data
2023-04-19 15:35:33,285 root INFO Successfully retrieved POOL data
2023-04-19 15:35:33,461 root INFO Successfully retrieved PPG data
2023-04-19 15:35:33,617 root INFO Successfully retrieved PPL data
2023-04-19 15:35:33,762 root INFO Successfully retrieved PRU data
2023-04-19 15:35:33,920 root INFO Successfully retrieved PSA data
2023-04-19 15:35:34,048 root INFO Successfully retrieved PSX data
2023-04-19 15:35:34,184 root INFO Successfully retrieved PTC data
2023-04-19 15:35:34,313 root INFO Successfully retrieved PWR data
2023-04-19 15:35:34,470 root INFO Successfully retrieved PXD data
2023-04-19 15:35:34,598 root INFO Successfully retrieved PYPL data
2023-04-19 15:35:34,750 root INFO Successfully retrieved QCOM data
2023-04-19 15:35:34,884 root INFO Successfully retrieved QRVO data
2023-04-19 15:35:35,048 root INFO Successfully retrieved RCL data
2023-04-19 15:35:35,245 root INFO Successfully retrieved RE data
2023-04-19 15:35:35,402 root INFO Successfully retrieved REG data
2023-04-19 15:35:35,567 root INFO Successfully retrieved REGN data
2023-04-19 15:35:35,734 root INFO Successfully retrieved RF data
2023-04-19 15:35:35,904 root INFO Successfully retrieved RHI data
2023-04-19 15:35:36,056 root INFO Successfully retrieved RJF data
2023-04-19 15:35:36,218 root INFO Successfully retrieved RL data
2023-04-19 15:35:36,354 root INFO Successfully retrieved RMD data
2023-04-19 15:35:36,541 root INFO Successfully retrieved ROK data
2023-04-19 15:35:36,690 root INFO Successfully retrieved ROL data
2023-04-19 15:35:36,872 root INFO Successfully retrieved ROP data
2023-04-19 15:35:37,029 root INFO Successfully retrieved ROST data
2023-04-19 15:35:37,171 root INFO Successfully retrieved RSG data
2023-04-19 15:35:37,388 root INFO Successfully retrieved RTX data
2023-04-19 15:35:37,527 root INFO Successfully retrieved SBAC data
2023-04-19 15:35:37,724 root INFO Successfully retrieved SBUX data
2023-04-19 15:35:37,895 root INFO Successfully retrieved SCHW data
2023-04-19 15:35:38,035 root INFO Successfully retrieved SEDG data
2023-04-19 15:35:38,197 root INFO Successfully retrieved SEE data
2023-04-19 15:35:38,359 root INFO Successfully retrieved SHW data
2023-04-19 15:35:38,503 root INFO Successfully retrieved SJM data
2023-04-19 15:35:38,684 root INFO Successfully retrieved SLB data
2023-04-19 15:35:38,857 root INFO Successfully retrieved SNA data
2023-04-19 15:35:39,000 root INFO Successfully retrieved SNPS data
2023-04-19 15:35:39,187 root INFO Successfully retrieved SO data
2023-04-19 15:35:39,356 root INFO Successfully retrieved SPG data
2023-04-19 15:35:39,533 root INFO Successfully retrieved SPGI data
2023-04-19 15:35:39,686 root INFO Successfully retrieved SRE data
2023-04-19 15:35:39,843 root INFO Successfully retrieved STE data
2023-04-19 15:35:39,993 root INFO Successfully retrieved STLD data
2023-04-19 15:35:40,166 root INFO Successfully retrieved STT data
2023-04-19 15:35:40,311 root INFO Successfully retrieved STX data
2023-04-19 15:35:40,443 root INFO Successfully retrieved STZ data
2023-04-19 15:35:40,614 root INFO Successfully retrieved SWK data
2023-04-19 15:35:40,756 root INFO Successfully retrieved SWKS data
2023-04-19 15:35:41,055 root INFO Successfully retrieved SYF data
2023-04-19 15:35:41,214 root INFO Successfully retrieved SYK data
2023-04-19 15:35:41,396 root INFO Successfully retrieved SYY data
2023-04-19 15:35:41,578 root INFO Successfully retrieved T data
2023-04-19 15:35:42,055 root INFO Successfully retrieved TAP data
2023-04-19 15:35:42,190 root INFO Successfully retrieved TDG data
2023-04-19 15:35:42,321 root INFO Successfully retrieved TDY data
2023-04-19 15:35:42,460 root INFO Successfully retrieved TECH data
2023-04-19 15:35:42,602 root INFO Successfully retrieved TEL data
2023-04-19 15:35:42,735 root INFO Successfully retrieved TER data
2023-04-19 15:35:42,912 root INFO Successfully retrieved TFC data
2023-04-19 15:35:43,082 root INFO Successfully retrieved TFX data
2023-04-19 15:35:43,245 root INFO Successfully retrieved TGT data
2023-04-19 15:35:43,414 root INFO Successfully retrieved TJX data
2023-04-19 15:35:43,579 root INFO Successfully retrieved TMO data
2023-04-19 15:35:43,692 root INFO Successfully retrieved TMUS data
2023-04-19 15:35:43,837 root INFO Successfully retrieved TPR data
2023-04-19 15:35:43,978 root INFO Successfully retrieved TRGP data
2023-04-19 15:35:44,102 root INFO Successfully retrieved TRMB data
2023-04-19 15:35:44,296 root INFO Successfully retrieved TROW data
2023-04-19 15:35:44,459 root INFO Successfully retrieved TRV data
2023-04-19 15:35:44,584 root INFO Successfully retrieved TSCO data
2023-04-19 15:35:44,708 root INFO Successfully retrieved TSLA data
2023-04-19 15:35:44,872 root INFO Successfully retrieved TSN data
2023-04-19 15:35:45,047 root INFO Successfully retrieved TT data
2023-04-19 15:35:45,214 root INFO Successfully retrieved TTWO data
2023-04-19 15:35:45,416 root INFO Successfully retrieved TXN data
2023-04-19 15:35:45,589 root INFO Successfully retrieved TXT data
2023-04-19 15:35:45,715 root INFO Successfully retrieved TYL data
2023-04-19 15:35:45,827 root INFO Successfully retrieved UAL data
2023-04-19 15:35:45,973 root INFO Successfully retrieved UDR data
2023-04-19 15:35:46,139 root INFO Successfully retrieved UHS data
2023-04-19 15:35:46,292 root INFO Successfully retrieved ULTA data
2023-04-19 15:35:46,458 root INFO Successfully retrieved UNH data
2023-04-19 15:35:46,615 root INFO Successfully retrieved UNP data
2023-04-19 15:35:46,763 root INFO Successfully retrieved UPS data
2023-04-19 15:35:46,885 root INFO Successfully retrieved URI data
2023-04-19 15:35:47,051 root INFO Successfully retrieved USB data
2023-04-19 15:35:47,199 root INFO Successfully retrieved V data
2023-04-19 15:35:47,364 root INFO Successfully retrieved VFC data
2023-04-19 15:35:47,500 root INFO Successfully retrieved VICI data
2023-04-19 15:35:47,669 root INFO Successfully retrieved VLO data
2023-04-19 15:35:47,838 root INFO Successfully retrieved VMC data
2023-04-19 15:35:48,012 root INFO Successfully retrieved VRSK data
2023-04-19 15:35:48,170 root INFO Successfully retrieved VRSN data
2023-04-19 15:35:48,345 root INFO Successfully retrieved VRTX data
2023-04-19 15:35:48,516 root INFO Successfully retrieved VTR data
2023-04-19 15:35:48,686 root INFO Successfully retrieved VTRS data
2023-04-19 15:35:48,848 root INFO Successfully retrieved VZ data
2023-04-19 15:35:49,009 root INFO Successfully retrieved WAB data
2023-04-19 15:35:49,140 root INFO Successfully retrieved WAT data
2023-04-19 15:35:49,338 root INFO Successfully retrieved WBA data
2023-04-19 15:35:49,473 root INFO Successfully retrieved WBD data
2023-04-19 15:35:49,624 root INFO Successfully retrieved WDC data
2023-04-19 15:35:49,777 root INFO Successfully retrieved WEC data
2023-04-19 15:35:49,936 root INFO Successfully retrieved WELL data
2023-04-19 15:35:50,126 root INFO Successfully retrieved WFC data
2023-04-19 15:35:50,343 root INFO Successfully retrieved WHR data
2023-04-19 15:35:50,539 root INFO Successfully retrieved WM data
2023-04-19 15:35:50,696 root INFO Successfully retrieved WMB data
2023-04-19 15:35:51,109 root INFO Successfully retrieved WMT data
2023-04-19 15:35:51,270 root INFO Successfully retrieved WRB data
2023-04-19 15:35:51,407 root INFO Successfully retrieved WRK data
2023-04-19 15:35:51,582 root INFO Successfully retrieved WST data
2023-04-19 15:35:51,733 root INFO Successfully retrieved WTW data
2023-04-19 15:35:51,912 root INFO Successfully retrieved WY data
2023-04-19 15:35:52,054 root INFO Successfully retrieved WYNN data
2023-04-19 15:35:52,223 root INFO Successfully retrieved XEL data
2023-04-19 15:35:52,393 root INFO Successfully retrieved XOM data
2023-04-19 15:35:52,562 root INFO Successfully retrieved XRAY data
2023-04-19 15:35:52,698 root INFO Successfully retrieved XYL data
2023-04-19 15:35:52,852 root INFO Successfully retrieved YUM data
2023-04-19 15:35:52,994 root INFO Successfully retrieved ZBH data
2023-04-19 15:35:53,124 root INFO Successfully retrieved ZBRA data
2023-04-19 15:35:53,319 root INFO Successfully retrieved ZION data
2023-04-19 15:35:53,461 root INFO Successfully retrieved ZTS data
